
[0;34m[20:11:12][0m === macos-e2e test runner ===
[0;34m[20:11:12][0m Started at Tue May  5 20:11:12 PDT 2026
[0;34m[20:11:12][0m Machine: DXU97120 | macOS 26.2
[0;34m[20:11:12][0m Working directory: /Users/admin/nixmac-peekaboo-local-e2e/tests/e2e
[0;34m[20:11:21][0m Scenario: macos_provider_evolve_full_smoke
[0;34m[20:11:21][0m Starting screen recording: /Users/admin/nixmac-peekaboo-local-e2e/artifacts/computer-use-local/2026-05-06_03-11-10-663Z/video/peekaboo-e2e.mp4
[0;34m[20:11:24][0m Recorder started (PID: 74996)
[0;34m[20:11:24][0m === Phase 1: Prepare provider-backed macOS fixture ===
[0;32m[PASS][0m Peekaboo Bridge connected
[0;32m[PASS][0m Peekaboo permissions OK
[1;33m[WARN][0m No ADMIN_PASSWORD set, cannot unlock screen
[0;34m[20:11:26][0m Clearing nixmac app state...
[0;32m[PASS][0m App state cleared
[0;34m[20:11:26][0m Seeded nixmac settings at /Users/admin/Library/Application Support/com.darkmatter.nixmac/settings.json with provider http://127.0.0.1:61840/v1
[0;34m[20:11:26][0m Installed E2E system activation shim at /var/folders/lw/q3m765kd17z3h2g36tw6qk000000gp/T//nixmac-e2e-system-mock-bin.G1XAtP
[0;32m[PASS][0m peekabooProviderFixture: Prepared config repo, deterministic HTTP provider, completion logging, and mock rebuild flag
[0;34m[20:11:26][0m === Phase 2: Launch nixmac app ===
[0;34m[20:11:26][0m Launching nixmac...
[0;32m[PASS][0m App launched: nixmac
[0;34m[20:11:42][0m Screenshot saved: /Users/admin/nixmac-peekaboo-local-e2e/artifacts/computer-use-local/2026-05-06_03-11-10-663Z/screenshots/01-launched-1778037101.png
[0;32m[PASS][0m peekabooProviderLaunch: App launched
[0;34m[20:11:42][0m === Phase 3: Submit descriptor into real prompt ===
[0;34m[20:11:44][0m Clicking element elem_33 matching 'evolve-prompt-input|Configuration change descriptor|Describe changes to make to your configuration'
[0;34m[20:11:47][0m Screenshot saved: /Users/admin/nixmac-peekaboo-local-e2e/artifacts/computer-use-local/2026-05-06_03-11-10-663Z/screenshots/02-descriptor-typed-1778037106.png
[0;34m[20:11:47][0m Clicking element elem_37 matching 'evolve-prompt-send|Submit configuration change descriptor|Send'
[0;32m[PASS][0m peekabooProviderTypedIntent: Descriptor submitted
[0;34m[20:11:48][0m === Phase 4: Verify provider-driven evolution reaches Review ===
[0;34m[20:11:50][0m Screenshot saved: /Users/admin/nixmac-peekaboo-local-e2e/artifacts/computer-use-local/2026-05-06_03-11-10-663Z/screenshots/03-review-provider-evolved-1778037109.png
[0;32m[PASS][0m peekabooProviderReview: Provider calls observed and Review step reached
[0;34m[20:11:50][0m === Phase 5: Build and Test through mocked macOS activation ===
[0;34m[20:11:53][0m Clicking element elem_32 matching 'Build & Test'
[0;34m[20:12:10][0m No build confirmation prompt observed
[0;34m[20:12:11][0m Screenshot saved: /Users/admin/nixmac-peekaboo-local-e2e/artifacts/computer-use-local/2026-05-06_03-11-10-663Z/screenshots/04-save-step-after-build-1778037130.png
[0;32m[PASS][0m peekabooProviderBuildBoundary: Build & Test advanced to Save step using explicit E2E mock activation
[0;34m[20:12:11][0m === Phase 6: Commit saved changes ===
[0;34m[20:12:27][0m Commit-message suggestion was not available; using deterministic manual commit text
[0;34m[20:12:28][0m Screenshot saved: /Users/admin/nixmac-peekaboo-local-e2e/artifacts/computer-use-local/2026-05-06_03-11-10-663Z/screenshots/commit-message-manual-fallback-1778037147.png
[0;34m[20:12:28][0m Clicking element elem_46 matching 'commitMsg|Loading|Commit message|Commit Changes'
[0;34m[20:12:30][0m Clicking element elem_47 matching 'Commit( Changes)?'
[0;34m[20:12:33][0m Screenshot saved: /Users/admin/nixmac-peekaboo-local-e2e/artifacts/computer-use-local/2026-05-06_03-11-10-663Z/screenshots/05-returned-to-describe-1778037152.png
[0;32m[PASS][0m peekabooProviderSaveFlow: Save step committed changes and returned to Describe
[0;34m[20:12:33][0m === Phase 7: Restore baseline from History ===
[0;34m[20:12:33][0m Clicking element elem_8 matching 'History'
[0;34m[20:12:36][0m Screenshot saved: /Users/admin/nixmac-peekaboo-local-e2e/artifacts/computer-use-local/2026-05-06_03-11-10-663Z/screenshots/06-history-before-restore-1778037155.png
[0;34m[20:12:36][0m Clicking element elem_31 matching '^Restore$|Restore'
[0;34m[20:12:39][0m Screenshot saved: /Users/admin/nixmac-peekaboo-local-e2e/artifacts/computer-use-local/2026-05-06_03-11-10-663Z/screenshots/07-history-restore-preview-1778037158.png
[0;34m[20:12:39][0m Clicking element elem_22 matching 'Confirm Restore'
[0;34m[20:12:42][0m Screenshot saved: /Users/admin/nixmac-peekaboo-local-e2e/artifacts/computer-use-local/2026-05-06_03-11-10-663Z/screenshots/08-after-history-restore-1778037161.png
[0;34m[20:12:42][0m Screenshot saved: /Users/admin/nixmac-peekaboo-local-e2e/artifacts/computer-use-local/2026-05-06_03-11-10-663Z/screenshots/history-restore-failed-1778037162.png
[0;31m[FAIL][0m History restore did not return the disposable config repo to baseline
[0;34m[20:12:43][0m Screenshot saved: /Users/admin/nixmac-peekaboo-local-e2e/artifacts/computer-use-local/2026-05-06_03-11-10-663Z/screenshots/failure-1778037162-1778037162.png
[0;34m[20:12:43][0m Stopping recorder (PID: 74996)...
[0;34m[20:12:55][0m Video saved: /Users/admin/nixmac-peekaboo-local-e2e/artifacts/computer-use-local/2026-05-06_03-11-10-663Z/video/peekaboo-e2e.mp4 (556K)
[0;34m[20:12:59][0m Uninstalling Nix...
 INFO nix-installer v3.19.0
 INFO nix-installer v3.19.0
[31m`nix-darwin` installation detected, it must be removed before uninstalling Nix. Please refer to https://github.com/LnL7/nix-darwin#uninstalling for instructions how to uninstall `nix-darwin`.[39m
[0;32m[PASS][0m Nix uninstalled
[0;34m[20:13:01][0m E2E report written: /Users/admin/nixmac-peekaboo-local-e2e/artifacts/computer-use-local/2026-05-06_03-11-10-663Z/e2e-report/macos_provider_evolve_full_smoke/e2e-report.json
