
[0;34m[11:56:20][0m === macos-e2e test runner ===
[0;34m[11:56:20][0m Started at Wed May  6 11:56:20 PDT 2026
[0;34m[11:56:20][0m Machine: DXU97120 | macOS 26.2
[0;34m[11:56:20][0m Working directory: /Users/admin/nixmac-peekaboo-local-e2e/tests/e2e
[0;34m[11:56:36][0m Scenario: macos_homebrew_save_rollback_smoke
[0;34m[11:56:36][0m Starting screen recording: /Users/admin/nixmac-peekaboo-local-e2e/artifacts/computer-use-local/2026-05-06_18-56-19-435Z/video/peekaboo-e2e.mp4
[0;34m[11:56:39][0m Recorder started (PID: 17209)
[0;34m[11:56:39][0m === Phase 1: Prepare Homebrew managed-badge fixture ===
[0;32m[PASS][0m Peekaboo Bridge connected
[0;32m[PASS][0m Peekaboo permissions OK
[1;33m[WARN][0m No ADMIN_PASSWORD set, cannot unlock screen
[0;34m[11:56:46][0m Clearing nixmac app state...
[0;32m[PASS][0m App state cleared
[0;34m[11:56:46][0m Seeded nixmac settings at /Users/admin/Library/Application Support/com.darkmatter.nixmac/settings.json with provider http://127.0.0.1:62623/v1
[0;34m[11:56:47][0m Installed E2E system activation shim at /var/folders/lw/q3m765kd17z3h2g36tw6qk000000gp/T//nixmac-e2e-system-mock-bin.M52Tuq
[0;32m[PASS][0m peekabooProviderFixture: Prepared Homebrew managed-badge fixture, deterministic HTTP provider, completion logging, and mock rebuild flag
[0;34m[11:56:47][0m === Phase 2: Launch nixmac for Untracked Homebrew items proof ===
[0;34m[11:56:47][0m Launching nixmac...
[0;32m[PASS][0m App launched: nixmac
[1;33m[WARN][0m Peekaboo Bridge is not selected remote; restarting Peekaboo.app...
[0;32m[PASS][0m Peekaboo Bridge recovered
[diagnostic] Captured Peekaboo diagnostics for nixmac (empty-app-scope): /Users/admin/nixmac-peekaboo-local-e2e/artifacts/computer-use-local/2026-05-06_18-56-19-435Z/diagnostics/20260506T185723Z-nixmac-empty-app-scope-*
[0;31m[FAIL][0m App shell did not expose prompt for Untracked Homebrew items proof
[0;34m[11:57:47][0m Screenshot saved: /Users/admin/nixmac-peekaboo-local-e2e/artifacts/computer-use-local/2026-05-06_18-56-19-435Z/screenshots/failure-1778093867-1778093867.png
[0;34m[11:57:47][0m Stopping recorder (PID: 17209)...
[0;34m[11:58:06][0m Video saved: /Users/admin/nixmac-peekaboo-local-e2e/artifacts/computer-use-local/2026-05-06_18-56-19-435Z/video/peekaboo-e2e.mp4 (428K)
[0;34m[11:58:10][0m Uninstalling Nix...
 INFO nix-installer v3.19.0
 INFO nix-installer v3.19.0
[31m`nix-darwin` installation detected, it must be removed before uninstalling Nix. Please refer to https://github.com/LnL7/nix-darwin#uninstalling for instructions how to uninstall `nix-darwin`.[39m
[0;32m[PASS][0m Nix uninstalled
[0;34m[11:58:11][0m E2E report written: /Users/admin/nixmac-peekaboo-local-e2e/artifacts/computer-use-local/2026-05-06_18-56-19-435Z/e2e-report/macos_homebrew_save_rollback_smoke/e2e-report.json
