
[0;34m[23:12:51][0m === macos-e2e test runner ===
[0;34m[23:12:51][0m Started at Sun May 10 23:12:51 PDT 2026
[0;34m[23:12:51][0m Machine: DXU97120 | macOS 26.2
[0;34m[23:12:51][0m Working directory: /Users/admin/nixmac-peekaboo-local-e2e/tests/e2e
[0;34m[23:12:52][0m Scenario: macos_console_smoke
[0;34m[23:12:52][0m Starting screen recording: /Users/admin/nixmac-peekaboo-local-e2e/artifacts/computer-use-local/2026-05-11_06-12-50-362Z/video/peekaboo-e2e.mp4
[0;34m[23:12:56][0m Attempted to dismiss Terminal Automation permission prompt
[0;34m[23:12:59][0m Recorder started (PID: 32784)
[0;34m[23:13:00][0m === Phase 1: Prepare Console fixture ===
[0;32m[PASS][0m Peekaboo Bridge connected
[0;32m[PASS][0m Peekaboo permissions OK
[1;33m[WARN][0m No ADMIN_PASSWORD set, cannot unlock screen
[0;34m[23:13:00][0m Clearing nixmac app state...
[diagnostic] Captured Peekaboo diagnostics for nixmac (pre-clear): /Users/admin/nixmac-peekaboo-local-e2e/artifacts/computer-use-local/2026-05-11_06-12-50-362Z/diagnostics/20260511T061300Z-nixmac-pre-clear-*
[0;32m[PASS][0m App state cleared
[0;34m[23:13:03][0m Seeded nixmac settings at /Users/admin/Library/Application Support/com.darkmatter.nixmac/settings.json
[0;34m[23:13:03][0m Seeded nixmac E2E runtime at /Users/admin/Library/Application Support/com.darkmatter.nixmac/e2e-runtime.json (expires 2026-05-10 23:43:03)
[0;32m[PASS][0m peekabooCoreFixture: Prepared deterministic config and local provider-validation settings
[0;34m[23:13:03][0m === Phase 2: Launch nixmac app ===
[0;34m[23:13:03][0m Launching nixmac...
[0;32m[PASS][0m App launched: nixmac
[1;33m[WARN][0m Timed out restoring active app nixmac
[1;33m[WARN][0m Peekaboo Bridge is not selected remote; restarting Peekaboo.app...
[1;33m[WARN][0m Timed out restoring active app nixmac
[0;32m[PASS][0m Peekaboo Bridge recovered
[1;33m[WARN][0m Timed out restoring active app nixmac
[diagnostic] Captured Peekaboo diagnostics for nixmac (ready-shell-timeout): /Users/admin/nixmac-peekaboo-local-e2e/artifacts/computer-use-local/2026-05-11_06-12-50-362Z/diagnostics/20260511T061533Z-nixmac-ready-shell-timeout-*
[0;31m[FAIL][0m App shell did not expose Console footer with visible screenshot signal
[0;34m[23:15:52][0m Screenshot saved: /Users/admin/nixmac-peekaboo-local-e2e/artifacts/computer-use-local/2026-05-11_06-12-50-362Z/screenshots/failure-1778480134-1778480134.png
[0;34m[23:15:53][0m Stopping recorder (PID: 32784)...
[0;34m[23:15:57][0m Video saved: /Users/admin/nixmac-peekaboo-local-e2e/artifacts/computer-use-local/2026-05-11_06-12-50-362Z/video/peekaboo-e2e.mp4 (732K)
[0;34m[23:16:01][0m Uninstalling Nix...
 INFO nix-installer v3.19.0
 INFO nix-installer v3.19.0
[31m`nix-darwin` installation detected, it must be removed before uninstalling Nix. Please refer to https://github.com/LnL7/nix-darwin#uninstalling for instructions how to uninstall `nix-darwin`.[39m
[0;32m[PASS][0m Nix uninstalled
[0;34m[23:16:02][0m E2E report written: /Users/admin/nixmac-peekaboo-local-e2e/artifacts/computer-use-local/2026-05-11_06-12-50-362Z/e2e-report/macos_console_smoke/e2e-report.json
