
[0;34m[21:33:44][0m === macos-e2e test runner ===
[0;34m[21:33:44][0m Started at Tue May  5 21:33:44 PDT 2026
[0;34m[21:33:44][0m Machine: DXU97120 | macOS 26.2
[0;34m[21:33:44][0m Working directory: /Users/admin/nixmac-peekaboo-local-e2e/tests/e2e
[0;34m[21:33:55][0m Scenario: macos_homebrew_save_rollback_smoke
[0;34m[21:33:55][0m Starting screen recording: /Users/admin/nixmac-peekaboo-local-e2e/artifacts/computer-use-local/2026-05-06_04-33-43-022Z/video/peekaboo-e2e.mp4
[0;34m[21:33:58][0m Recorder started (PID: 67958)
[0;34m[21:33:58][0m === Phase 1: Prepare Homebrew managed-badge fixture ===
[0;32m[PASS][0m Peekaboo Bridge connected
[0;32m[PASS][0m Peekaboo permissions OK
[1;33m[WARN][0m No ADMIN_PASSWORD set, cannot unlock screen
[0;34m[21:34:00][0m Clearing nixmac app state...
[0;32m[PASS][0m App state cleared
[0;34m[21:34:00][0m Seeded nixmac settings at /Users/admin/Library/Application Support/com.darkmatter.nixmac/settings.json with provider http://127.0.0.1:62027/v1
[0;34m[21:34:00][0m Installed E2E system activation shim at /var/folders/lw/q3m765kd17z3h2g36tw6qk000000gp/T//nixmac-e2e-system-mock-bin.cNHx1k
[0;32m[PASS][0m peekabooProviderFixture: Prepared Homebrew managed-badge fixture, deterministic HTTP provider, completion logging, and mock rebuild flag
[0;34m[21:34:00][0m === Phase 2: Launch nixmac for Untracked Homebrew items proof ===
[0;34m[21:34:00][0m Launching nixmac...
[0;32m[PASS][0m App launched: nixmac
[0;34m[21:34:17][0m Screenshot saved: /Users/admin/nixmac-peekaboo-local-e2e/artifacts/computer-use-local/2026-05-06_04-33-43-022Z/screenshots/01-homebrew-launched-1778042057.png
[0;32m[PASS][0m peekabooProviderLaunch: App launched for Untracked Homebrew items proof
[0;34m[21:34:20][0m === Phase 3: Apply Untracked Homebrew items to config ===
[0;34m[21:34:20][0m Clicking element elem_42 matching '[0-9]+ untracked Homebrew'
[0;34m[21:34:23][0m Screenshot saved: /Users/admin/nixmac-peekaboo-local-e2e/artifacts/computer-use-local/2026-05-06_04-33-43-022Z/screenshots/02-homebrew-popover-1778042063.png
[0;34m[21:34:24][0m Untracked Homebrew items Add to config was already accepted and is applying
[0;34m[21:34:29][0m Screenshot saved: /Users/admin/nixmac-peekaboo-local-e2e/artifacts/computer-use-local/2026-05-06_04-33-43-022Z/screenshots/03-homebrew-review-1778042068.png
[0;34m[21:34:29][0m === Phase 4: Build and Test Untracked Homebrew items managed change ===
[0;34m[21:34:29][0m Clicking element elem_32 matching 'Build & Test'
[0;34m[21:34:46][0m No build confirmation prompt observed
[0;34m[21:34:47][0m Screenshot saved: /Users/admin/nixmac-peekaboo-local-e2e/artifacts/computer-use-local/2026-05-06_04-33-43-022Z/screenshots/04-homebrew-save-step-after-build-1778042086.png
[0;32m[PASS][0m peekabooProviderBuildBoundary: Build & Test advanced to Save step for Untracked Homebrew items
[0;34m[21:34:47][0m === Phase 5: Commit Untracked Homebrew items managed change ===
[0;34m[21:34:47][0m Using deterministic commit message for homebrew managed-badge change
[0;34m[21:34:47][0m Clicking element elem_58 matching 'commitMsg|Loading|Commit message|Commit Changes'
[0;34m[21:34:49][0m Clicking element elem_59 matching 'Commit( Changes)?'
[0;34m[21:34:51][0m Screenshot saved: /Users/admin/nixmac-peekaboo-local-e2e/artifacts/computer-use-local/2026-05-06_04-33-43-022Z/screenshots/05-homebrew-returned-to-describe-1778042091.png
[0;32m[PASS][0m peekabooProviderSaveFlow: Untracked Homebrew items Save step committed changes and returned to Describe
[0;34m[21:34:51][0m === Phase 6: Restore Untracked Homebrew items baseline from History ===
[0;34m[21:34:52][0m Clicking element elem_8 matching 'History'
[0;34m[21:34:55][0m Screenshot saved: /Users/admin/nixmac-peekaboo-local-e2e/artifacts/computer-use-local/2026-05-06_04-33-43-022Z/screenshots/06-history-before-restore-1778042094.png
[0;34m[21:34:55][0m Clicking element elem_35 matching '^Restore$|Restore'
[0;34m[21:34:58][0m Screenshot saved: /Users/admin/nixmac-peekaboo-local-e2e/artifacts/computer-use-local/2026-05-06_04-33-43-022Z/screenshots/07-history-restore-preview-1778042097.png
[0;34m[21:34:58][0m Clicking query 'Confirm Restore'
[0;34m[21:34:59][0m Clicking element elem_22 matching 'Confirm Restore|confirm Restore'
[0;34m[21:35:00][0m Coordinate fallback click for history confirm restore at 1148,307
[0;34m[21:35:00][0m CGEvent fallback click for history confirm restore at 1148,307
[0;34m[21:35:03][0m Confirm Restore still visible after attempt 1; retrying
[0;34m[21:35:03][0m Clicking query 'Confirm Restore'
[0;34m[21:35:05][0m Clicking element elem_22 matching 'Confirm Restore|confirm Restore'
[0;34m[21:35:06][0m Coordinate fallback click for history confirm restore at 1148,307
[0;34m[21:35:06][0m CGEvent fallback click for history confirm restore at 1148,307
[0;34m[21:35:09][0m Confirm Restore still visible after attempt 2; retrying
[0;34m[21:35:09][0m Clicking query 'Confirm Restore'
[0;34m[21:35:10][0m Clicking element elem_22 matching 'Confirm Restore|confirm Restore'
[0;34m[21:35:11][0m Coordinate fallback click for history confirm restore at 1148,307
[0;34m[21:35:11][0m CGEvent fallback click for history confirm restore at 1148,307
[0;34m[21:35:14][0m Confirm Restore still visible after attempt 3; retrying
[0;31m[FAIL][0m Untracked Homebrew items History restore did not return disposable config repo to baseline
[0;34m[21:35:14][0m Screenshot saved: /Users/admin/nixmac-peekaboo-local-e2e/artifacts/computer-use-local/2026-05-06_04-33-43-022Z/screenshots/failure-1778042114-1778042114.png
[0;34m[21:35:14][0m Stopping recorder (PID: 67958)...
[0;34m[21:35:28][0m Video saved: /Users/admin/nixmac-peekaboo-local-e2e/artifacts/computer-use-local/2026-05-06_04-33-43-022Z/video/peekaboo-e2e.mp4 (560K)
[0;34m[21:35:32][0m Uninstalling Nix...
 INFO nix-installer v3.19.0
 INFO nix-installer v3.19.0
[31m`nix-darwin` installation detected, it must be removed before uninstalling Nix. Please refer to https://github.com/LnL7/nix-darwin#uninstalling for instructions how to uninstall `nix-darwin`.[39m
[0;32m[PASS][0m Nix uninstalled
[0;34m[21:35:33][0m E2E report written: /Users/admin/nixmac-peekaboo-local-e2e/artifacts/computer-use-local/2026-05-06_04-33-43-022Z/e2e-report/macos_homebrew_save_rollback_smoke/e2e-report.json
