
[0;34m[13:06:37][0m === macos-e2e test runner ===
[0;34m[13:06:37][0m Started at Thu May  7 13:06:37 PDT 2026
[0;34m[13:06:37][0m Machine: DXU97120 | macOS 26.2
[0;34m[13:06:37][0m Working directory: /Users/admin/nixmac-peekaboo-local-e2e/tests/e2e
[0;34m[13:06:38][0m Scenario: macos_customization_save_rollback_smoke
[0;34m[13:06:38][0m Starting screen recording: /Users/admin/nixmac-peekaboo-local-e2e/artifacts/computer-use-local/2026-05-07_20-06-35-588Z/video/peekaboo-e2e.mp4
[0;34m[13:06:42][0m Attempted to dismiss Terminal Automation permission prompt
[0;34m[13:06:45][0m Recorder started (PID: 29932)
[0;34m[13:06:45][0m === Phase 1: Prepare customization managed-badge fixture ===
[0;32m[PASS][0m Peekaboo Bridge connected
[0;32m[PASS][0m Peekaboo permissions OK
[1;33m[WARN][0m No ADMIN_PASSWORD set, cannot unlock screen
[0;34m[13:06:47][0m Clearing nixmac app state...
[diagnostic] Captured Peekaboo diagnostics for nixmac (pre-clear): /Users/admin/nixmac-peekaboo-local-e2e/artifacts/computer-use-local/2026-05-07_20-06-35-588Z/diagnostics/20260507T200647Z-nixmac-pre-clear-*
[0;32m[PASS][0m App state cleared
[0;34m[13:06:49][0m Seeded nixmac settings at /Users/admin/Library/Application Support/com.darkmatter.nixmac/settings.json with provider http://127.0.0.1:64086/v1
[0;34m[13:06:50][0m Seeded nixmac E2E runtime at /Users/admin/Library/Application Support/com.darkmatter.nixmac/e2e-runtime.json (expires 2026-05-07 13:36:50)
[0;34m[13:06:50][0m Installed E2E system activation shim at /var/folders/lw/q3m765kd17z3h2g36tw6qk000000gp/T//nixmac-e2e-system-mock-bin.72xIV0
[0;32m[PASS][0m peekabooProviderFixture: Prepared customization managed-badge fixture, deterministic HTTP provider, completion logging, and mock rebuild flag
[0;34m[13:06:50][0m === Phase 2: Launch nixmac for Untracked customizations proof ===
[0;34m[13:06:50][0m Launching nixmac...
[0;32m[PASS][0m App launched: nixmac
[1;33m[WARN][0m Timed out restoring active app nixmac
[diagnostic] Captured Peekaboo diagnostics for nixmac (ready-shell-timeout): /Users/admin/nixmac-peekaboo-local-e2e/artifacts/computer-use-local/2026-05-07_20-06-35-588Z/diagnostics/20260507T200837Z-nixmac-ready-shell-timeout-*
[0;31m[FAIL][0m App shell did not expose prompt for Untracked customizations proof with visible screenshot signal
[0;34m[13:08:39][0m Screenshot saved: /Users/admin/nixmac-peekaboo-local-e2e/artifacts/computer-use-local/2026-05-07_20-06-35-588Z/screenshots/failure-1778184518-1778184518.png
[0;34m[13:08:40][0m Stopping recorder (PID: 29932)...
[0;34m[13:08:44][0m Video saved: /Users/admin/nixmac-peekaboo-local-e2e/artifacts/computer-use-local/2026-05-07_20-06-35-588Z/video/peekaboo-e2e.mp4 (524K)
[0;34m[13:08:48][0m Uninstalling Nix...
 INFO nix-installer v3.19.0
 INFO nix-installer v3.19.0
[31m`nix-darwin` installation detected, it must be removed before uninstalling Nix. Please refer to https://github.com/LnL7/nix-darwin#uninstalling for instructions how to uninstall `nix-darwin`.[39m
[0;32m[PASS][0m Nix uninstalled
[0;34m[13:08:49][0m E2E report written: /Users/admin/nixmac-peekaboo-local-e2e/artifacts/computer-use-local/2026-05-07_20-06-35-588Z/e2e-report/macos_customization_save_rollback_smoke/e2e-report.json
