
[0;34m[21:03:00][0m === macos-e2e test runner ===
[0;34m[21:03:00][0m Started at Tue May  5 21:03:00 PDT 2026
[0;34m[21:03:00][0m Machine: DXU97120 | macOS 26.2
[0;34m[21:03:00][0m Working directory: /Users/admin/nixmac-peekaboo-local-e2e/tests/e2e
[0;34m[21:03:11][0m Scenario: macos_support_dialogs_smoke
[0;34m[21:03:11][0m Starting screen recording: /Users/admin/nixmac-peekaboo-local-e2e/artifacts/computer-use-local/2026-05-06_04-02-59-296Z/video/peekaboo-e2e.mp4
[0;34m[21:03:14][0m Recorder started (PID: 37669)
[0;34m[21:03:14][0m === Phase 1: Prepare support dialog fixture ===
[0;32m[PASS][0m Peekaboo Bridge connected
[0;32m[PASS][0m Peekaboo permissions OK
[1;33m[WARN][0m No ADMIN_PASSWORD set, cannot unlock screen
[0;34m[21:03:14][0m Clearing nixmac app state...
[0;32m[PASS][0m App state cleared
[0;34m[21:03:14][0m Seeded nixmac settings at /Users/admin/Library/Application Support/com.darkmatter.nixmac/settings.json
[0;32m[PASS][0m peekabooCoreFixture: Prepared deterministic config and local provider-validation settings
[0;34m[21:03:15][0m === Phase 2: Launch nixmac app ===
[0;34m[21:03:15][0m Launching nixmac...
[0;32m[PASS][0m App launched: nixmac
[0;34m[21:03:32][0m Screenshot saved: /Users/admin/nixmac-peekaboo-local-e2e/artifacts/computer-use-local/2026-05-06_04-02-59-296Z/screenshots/01-support-launch-1778040212.png
[0;32m[PASS][0m peekabooCoreLaunch: App shell rendered before support dialog proof
[0;34m[21:03:32][0m === Phase 3: Prove Report Issue dialog ===
[0;34m[21:03:32][0m Clicking element elem_46 matching 'Report Issue'
[0;34m[21:03:34][0m Redacted text snapshot saved: /Users/admin/nixmac-peekaboo-local-e2e/artifacts/computer-use-local/2026-05-06_04-02-59-296Z/diagnostics/text/report-issue-text.txt
[0;34m[21:03:34][0m Redacted text snapshot saved: /Users/admin/nixmac-peekaboo-local-e2e/artifacts/computer-use-local/2026-05-06_04-02-59-296Z/diagnostics/text/report-issue-text.txt
[0;34m[21:03:35][0m Screenshot saved: /Users/admin/nixmac-peekaboo-local-e2e/artifacts/computer-use-local/2026-05-06_04-02-59-296Z/screenshots/02-report-issue-1778040215.png
[0;32m[PASS][0m peekabooCoreReportIssue: Report Issue dialog opened and was cancelled without submission
[0;34m[21:03:44][0m === Phase 4: Prove Feedback dialog ===
[0;34m[21:03:45][0m Clicking element elem_9 matching '^Give feedback$|Give feedback'
[0;34m[21:03:46][0m Redacted text snapshot saved: /Users/admin/nixmac-peekaboo-local-e2e/artifacts/computer-use-local/2026-05-06_04-02-59-296Z/diagnostics/text/feedback-text.txt
[0;34m[21:03:54][0m Coordinate fallback click for Give feedback header button retry at 1308,141
[0;34m[21:03:55][0m Redacted text snapshot saved: /Users/admin/nixmac-peekaboo-local-e2e/artifacts/computer-use-local/2026-05-06_04-02-59-296Z/diagnostics/text/feedback-text.txt
[0;34m[21:03:56][0m Screenshot saved: /Users/admin/nixmac-peekaboo-local-e2e/artifacts/computer-use-local/2026-05-06_04-02-59-296Z/screenshots/03-feedback-1778040236.png
[0;32m[PASS][0m peekabooCoreFeedback: Feedback dialog opened and was cancelled without submission
[0;34m[21:04:05][0m Stopping recorder (PID: 37669)...
[0;34m[21:04:18][0m Video saved: /Users/admin/nixmac-peekaboo-local-e2e/artifacts/computer-use-local/2026-05-06_04-02-59-296Z/video/peekaboo-e2e.mp4 (424K)
[0;34m[21:04:18][0m ==========================================
[0;34m[21:04:18][0m   Test Results
[0;34m[21:04:18][0m ==========================================
  [0;32m✅[0m Phase 1: peekabooCoreFixture: Prepared deterministic config and local provider-validation settings
  [0;32m✅[0m Phase 2: peekabooCoreLaunch: App shell rendered before support dialog proof
  [0;32m✅[0m Phase 3: peekabooCoreReportIssue: Report Issue dialog opened and was cancelled without submission
  [0;32m✅[0m Phase 4: peekabooCoreFeedback: Feedback dialog opened and was cancelled without submission

  [0;32mAll 8 checks passed[0m
[0;34m[21:04:18][0m ==========================================
[0;34m[21:04:19][0m E2E report written: /Users/admin/nixmac-peekaboo-local-e2e/artifacts/computer-use-local/2026-05-06_04-02-59-296Z/e2e-report/macos_support_dialogs_smoke/e2e-report.json
[0;34m[21:04:19][0m 
[0;34m[21:04:19][0m Screenshots: /Users/admin/nixmac-peekaboo-local-e2e/artifacts/computer-use-local/2026-05-06_04-02-59-296Z/screenshots
[0;34m[21:04:19][0m Video: /Users/admin/nixmac-peekaboo-local-e2e/artifacts/computer-use-local/2026-05-06_04-02-59-296Z/video/peekaboo-e2e.mp4
[0;34m[21:04:19][0m Log: /Users/admin/nixmac-peekaboo-local-e2e/artifacts/computer-use-local/2026-05-06_04-02-59-296Z/peekaboo-e2e.log
[0;34m[21:04:22][0m Uninstalling Nix...
 INFO nix-installer v3.19.0
 INFO nix-installer v3.19.0
[31m`nix-darwin` installation detected, it must be removed before uninstalling Nix. Please refer to https://github.com/LnL7/nix-darwin#uninstalling for instructions how to uninstall `nix-darwin`.[39m
[0;32m[PASS][0m Nix uninstalled
