
[0;34m[17:37:37][0m === macos-e2e test runner ===
[0;34m[17:37:37][0m Started at Tue May  5 17:37:37 PDT 2026
[0;34m[17:37:37][0m Machine: DXU97120 | macOS 26.2
[0;34m[17:37:37][0m Working directory: /Users/admin/nixmac-peekaboo-local-e2e/tests/e2e
[0;34m[17:37:44][0m Scenario: macos_console_smoke
[0;34m[17:37:44][0m Starting screen recording: /Users/admin/nixmac-peekaboo-local-e2e/artifacts/computer-use-local/2026-05-06_00-37-36-033Z/video/peekaboo-e2e.mp4
[0;34m[17:37:48][0m Recorder started (PID: 88330)
[0;34m[17:37:48][0m === Phase 1: Prepare Console fixture ===
[0;32m[PASS][0m Peekaboo Bridge connected
[0;32m[PASS][0m Peekaboo permissions OK
[1;33m[WARN][0m No ADMIN_PASSWORD set, cannot unlock screen
[0;34m[17:37:48][0m Clearing nixmac app state...
[0;32m[PASS][0m App state cleared
[0;34m[17:37:48][0m Seeded nixmac settings at /Users/admin/Library/Application Support/com.darkmatter.nixmac/settings.json
[0;32m[PASS][0m peekabooCoreFixture: Prepared deterministic config and local provider-validation settings
[0;34m[17:37:48][0m === Phase 2: Launch nixmac app ===
[0;34m[17:37:48][0m Launching nixmac...
[0;32m[PASS][0m App launched: nixmac
[0;34m[17:38:07][0m Screenshot saved: /Users/admin/nixmac-peekaboo-local-e2e/artifacts/computer-use-local/2026-05-06_00-37-36-033Z/screenshots/01-console-launch-1778027887.png
[0;32m[PASS][0m peekabooCoreLaunch: App shell rendered before Console proof
[0;34m[17:38:07][0m === Phase 3: Prove Console text surface ===
[0;34m[17:38:17][0m Coordinate fallback click for Console footer button at 608,877
[0;34m[17:38:20][0m Redacted text snapshot saved: /Users/admin/nixmac-peekaboo-local-e2e/artifacts/computer-use-local/2026-05-06_00-37-36-033Z/diagnostics/text/console-text.txt
[0;34m[17:38:21][0m Screenshot saved: /Users/admin/nixmac-peekaboo-local-e2e/artifacts/computer-use-local/2026-05-06_00-37-36-033Z/screenshots/02-console-expanded-1778027900.png
[0;32m[PASS][0m peekabooCoreConsole: Console rendered text evidence with screenshot proof
[0;34m[17:38:21][0m Stopping recorder (PID: 88330)...
[0;34m[17:38:31][0m Video saved: /Users/admin/nixmac-peekaboo-local-e2e/artifacts/computer-use-local/2026-05-06_00-37-36-033Z/video/peekaboo-e2e.mp4 (240K)
[0;34m[17:38:31][0m ==========================================
[0;34m[17:38:31][0m   Test Results
[0;34m[17:38:31][0m ==========================================
  [0;32m✅[0m Phase 1: peekabooCoreFixture: Prepared deterministic config and local provider-validation settings
  [0;32m✅[0m Phase 2: peekabooCoreLaunch: App shell rendered before Console proof
  [0;32m✅[0m Phase 3: peekabooCoreConsole: Console rendered text evidence with screenshot proof

  [0;32mAll 7 checks passed[0m
[0;34m[17:38:31][0m ==========================================
[0;34m[17:38:31][0m E2E report written: /Users/admin/nixmac-peekaboo-local-e2e/artifacts/computer-use-local/2026-05-06_00-37-36-033Z/e2e-report/macos_console_smoke/e2e-report.json
[0;34m[17:38:31][0m 
[0;34m[17:38:31][0m Screenshots: /Users/admin/nixmac-peekaboo-local-e2e/artifacts/computer-use-local/2026-05-06_00-37-36-033Z/screenshots
[0;34m[17:38:31][0m Video: /Users/admin/nixmac-peekaboo-local-e2e/artifacts/computer-use-local/2026-05-06_00-37-36-033Z/video/peekaboo-e2e.mp4
[0;34m[17:38:31][0m Log: /Users/admin/nixmac-peekaboo-local-e2e/artifacts/computer-use-local/2026-05-06_00-37-36-033Z/peekaboo-e2e.log
[0;34m[17:38:35][0m Uninstalling Nix...
 INFO nix-installer v3.19.0
 INFO nix-installer v3.19.0
[31m`nix-darwin` installation detected, it must be removed before uninstalling Nix. Please refer to https://github.com/LnL7/nix-darwin#uninstalling for instructions how to uninstall `nix-darwin`.[39m
[0;32m[PASS][0m Nix uninstalled
