
[0;34m[20:58:49][0m === macos-e2e test runner ===
[0;34m[20:58:49][0m Started at Thu May  7 20:58:49 PDT 2026
[0;34m[20:58:49][0m Machine: DXU97120 | macOS 26.2
[0;34m[20:58:49][0m Working directory: /Users/admin/nixmac-peekaboo-local-e2e/tests/e2e
[0;34m[20:58:50][0m Scenario: macos_console_smoke
[0;34m[20:58:50][0m Starting screen recording: /Users/admin/nixmac-peekaboo-local-e2e/artifacts/computer-use-local/2026-05-08_03-58-47-965Z/video/peekaboo-e2e.mp4
[0;34m[20:58:54][0m Attempted to dismiss Terminal Automation permission prompt
[0;34m[20:58:57][0m Recorder started (PID: 58422)
[0;34m[20:58:57][0m === Phase 1: Prepare Console fixture ===
[0;32m[PASS][0m Peekaboo Bridge connected
[0;32m[PASS][0m Peekaboo permissions OK
[1;33m[WARN][0m No ADMIN_PASSWORD set, cannot unlock screen
[0;34m[20:58:58][0m Clearing nixmac app state...
[diagnostic] Captured Peekaboo diagnostics for nixmac (pre-clear): /Users/admin/nixmac-peekaboo-local-e2e/artifacts/computer-use-local/2026-05-08_03-58-47-965Z/diagnostics/20260508T035858Z-nixmac-pre-clear-*
[0;32m[PASS][0m App state cleared
[0;34m[20:59:00][0m Seeded nixmac settings at /Users/admin/Library/Application Support/com.darkmatter.nixmac/settings.json
[0;34m[20:59:00][0m Seeded nixmac E2E runtime at /Users/admin/Library/Application Support/com.darkmatter.nixmac/e2e-runtime.json (expires 2026-05-07 21:29:00)
[0;32m[PASS][0m peekabooCoreFixture: Prepared deterministic config and local provider-validation settings
[0;34m[20:59:01][0m === Phase 2: Launch nixmac app ===
[0;34m[20:59:01][0m Launching nixmac...
[0;32m[PASS][0m App launched: nixmac
[1;33m[WARN][0m Timed out restoring active app nixmac
[diagnostic] Captured Peekaboo diagnostics for nixmac (ready-shell-timeout): /Users/admin/nixmac-peekaboo-local-e2e/artifacts/computer-use-local/2026-05-08_03-58-47-965Z/diagnostics/20260508T040017Z-nixmac-ready-shell-timeout-*
[0;31m[FAIL][0m App shell did not expose Console footer with visible screenshot signal
[0;34m[21:00:19][0m Screenshot saved: /Users/admin/nixmac-peekaboo-local-e2e/artifacts/computer-use-local/2026-05-08_03-58-47-965Z/screenshots/failure-1778212818-1778212818.png
[0;34m[21:00:20][0m Stopping recorder (PID: 58422)...
[0;34m[21:00:24][0m Video saved: /Users/admin/nixmac-peekaboo-local-e2e/artifacts/computer-use-local/2026-05-08_03-58-47-965Z/video/peekaboo-e2e.mp4 (440K)
[0;34m[21:00:28][0m Uninstalling Nix...
 INFO nix-installer v3.19.0
 INFO nix-installer v3.19.0
[31m`nix-darwin` installation detected, it must be removed before uninstalling Nix. Please refer to https://github.com/LnL7/nix-darwin#uninstalling for instructions how to uninstall `nix-darwin`.[39m
[0;32m[PASS][0m Nix uninstalled
[0;34m[21:00:29][0m E2E report written: /Users/admin/nixmac-peekaboo-local-e2e/artifacts/computer-use-local/2026-05-08_03-58-47-965Z/e2e-report/macos_console_smoke/e2e-report.json
