
[0;34m[14:51:06][0m === macos-e2e test runner ===
[0;34m[14:51:06][0m Started at Wed May  6 14:51:06 PDT 2026
[0;34m[14:51:06][0m Machine: DXU97120 | macOS 26.2
[0;34m[14:51:06][0m Working directory: /Users/admin/nixmac-peekaboo-local-e2e/tests/e2e
[0;34m[14:51:07][0m Scenario: macos_support_dialogs_smoke
[0;34m[14:51:07][0m Starting screen recording: /Users/admin/nixmac-peekaboo-local-e2e/artifacts/computer-use-local/2026-05-06_21-51-05-237Z/video/peekaboo-e2e.mp4
[0;34m[14:51:12][0m Attempted to dismiss Terminal Automation permission prompt
[0;34m[14:51:15][0m Recorder started (PID: 73622)
[0;34m[14:51:15][0m === Phase 1: Prepare support dialog fixture ===
[0;32m[PASS][0m Peekaboo Bridge connected
[0;32m[PASS][0m Peekaboo permissions OK
[1;33m[WARN][0m No ADMIN_PASSWORD set, cannot unlock screen
[0;34m[14:51:15][0m Clearing nixmac app state...
[0;32m[PASS][0m App state cleared
[0;34m[14:51:15][0m Seeded nixmac settings at /Users/admin/Library/Application Support/com.darkmatter.nixmac/settings.json
[0;34m[14:51:16][0m Seeded nixmac E2E runtime at /Users/admin/Library/Application Support/com.darkmatter.nixmac/e2e-runtime.json (expires 2026-05-06 15:21:16)
[0;32m[PASS][0m peekabooCoreFixture: Prepared deterministic config and local provider-validation settings
[0;34m[14:51:16][0m === Phase 2: Launch nixmac app ===
[0;34m[14:51:16][0m Launching nixmac...
[0;32m[PASS][0m App launched: nixmac
[1;33m[WARN][0m Timed out restoring active app nixmac
[diagnostic] Captured Peekaboo diagnostics for nixmac (ready-shell-timeout): /Users/admin/nixmac-peekaboo-local-e2e/artifacts/computer-use-local/2026-05-06_21-51-05-237Z/diagnostics/20260506T215305Z-nixmac-ready-shell-timeout-*
[0;31m[FAIL][0m App shell did not expose support controls with visible screenshot signal
[0;34m[14:53:07][0m Screenshot saved: /Users/admin/nixmac-peekaboo-local-e2e/artifacts/computer-use-local/2026-05-06_21-51-05-237Z/screenshots/failure-1778104386-1778104386.png
[0;34m[14:53:08][0m Stopping recorder (PID: 73622)...
[0;34m[14:53:12][0m Video saved: /Users/admin/nixmac-peekaboo-local-e2e/artifacts/computer-use-local/2026-05-06_21-51-05-237Z/video/peekaboo-e2e.mp4 (516K)
[0;34m[14:53:16][0m Uninstalling Nix...
 INFO nix-installer v3.19.0
 INFO nix-installer v3.19.0
[31m`nix-darwin` installation detected, it must be removed before uninstalling Nix. Please refer to https://github.com/LnL7/nix-darwin#uninstalling for instructions how to uninstall `nix-darwin`.[39m
[0;32m[PASS][0m Nix uninstalled
[0;34m[14:53:17][0m E2E report written: /Users/admin/nixmac-peekaboo-local-e2e/artifacts/computer-use-local/2026-05-06_21-51-05-237Z/e2e-report/macos_support_dialogs_smoke/e2e-report.json
