
[0;34m[23:52:31][0m === macos-e2e test runner ===
[0;34m[23:52:31][0m Started at Mon May 11 23:52:31 PDT 2026
[0;34m[23:52:31][0m Machine: DXU97120 | macOS 26.2
[0;34m[23:52:31][0m Working directory: /Users/admin/nixmac-peekaboo-local-e2e/tests/e2e
[0;34m[23:52:32][0m Scenario: macos_customization_save_rollback_smoke
[0;34m[23:52:32][0m Starting screen recording: /Users/admin/nixmac-peekaboo-local-e2e/artifacts/computer-use-local/2026-05-12_06-52-29-903Z/video/peekaboo-e2e.mp4
[0;34m[23:52:36][0m Attempted to dismiss Terminal Automation permission prompt
[0;34m[23:52:39][0m Recorder started (PID: 91831)
[0;34m[23:52:39][0m === Phase 1: Prepare customization managed-badge fixture ===
[0;32m[PASS][0m Peekaboo Bridge connected
[0;32m[PASS][0m Peekaboo permissions OK
[1;33m[WARN][0m No ADMIN_PASSWORD set, cannot unlock screen
[0;34m[23:52:41][0m Clearing nixmac app state...
[diagnostic] Captured Peekaboo diagnostics for nixmac (pre-clear): /Users/admin/nixmac-peekaboo-local-e2e/artifacts/computer-use-local/2026-05-12_06-52-29-903Z/diagnostics/20260512T065241Z-nixmac-pre-clear-*
[0;32m[PASS][0m App state cleared
[0;34m[23:52:43][0m Seeded nixmac settings at /Users/admin/Library/Application Support/com.darkmatter.nixmac/settings.json with provider http://127.0.0.1:50589/v1
[0;34m[23:52:44][0m Seeded nixmac E2E runtime at /Users/admin/Library/Application Support/com.darkmatter.nixmac/e2e-runtime.json (expires 2026-05-12 00:22:44)
[0;34m[23:52:44][0m Installed E2E system activation shim at /var/folders/lw/q3m765kd17z3h2g36tw6qk000000gp/T//nixmac-e2e-system-mock-bin.X3WiQ8
[0;32m[PASS][0m peekabooProviderFixture: Prepared customization managed-badge fixture, deterministic HTTP provider, completion logging, and mock rebuild flag
[0;34m[23:52:44][0m === Phase 2: Launch nixmac for Untracked customizations proof ===
[0;34m[23:52:44][0m Launching nixmac...
[0;32m[PASS][0m App launched: nixmac
[1;33m[WARN][0m Timed out restoring active app nixmac
[diagnostic] Captured Peekaboo diagnostics for nixmac (ready-shell-timeout): /Users/admin/nixmac-peekaboo-local-e2e/artifacts/computer-use-local/2026-05-12_06-52-29-903Z/diagnostics/20260512T065358Z-nixmac-ready-shell-timeout-*
[0;31m[FAIL][0m App shell did not expose prompt for Untracked customizations proof with visible screenshot signal
[0;34m[23:54:00][0m Screenshot saved: /Users/admin/nixmac-peekaboo-local-e2e/artifacts/computer-use-local/2026-05-12_06-52-29-903Z/screenshots/failure-1778568839-1778568839.png
[0;34m[23:54:01][0m Stopping recorder (PID: 91831)...
[0;34m[23:54:05][0m Video saved: /Users/admin/nixmac-peekaboo-local-e2e/artifacts/computer-use-local/2026-05-12_06-52-29-903Z/video/peekaboo-e2e.mp4 (428K)
[0;34m[23:54:09][0m Uninstalling Nix...
 INFO nix-installer v3.19.0
 INFO nix-installer v3.19.0
[31m`nix-darwin` installation detected, it must be removed before uninstalling Nix. Please refer to https://github.com/LnL7/nix-darwin#uninstalling for instructions how to uninstall `nix-darwin`.[39m
[0;32m[PASS][0m Nix uninstalled
[0;34m[23:54:10][0m E2E report written: /Users/admin/nixmac-peekaboo-local-e2e/artifacts/computer-use-local/2026-05-12_06-52-29-903Z/e2e-report/macos_customization_save_rollback_smoke/e2e-report.json
