
[0;34m[20:02:56][0m === macos-e2e test runner ===
[0;34m[20:02:56][0m Started at Tue May  5 20:02:56 PDT 2026
[0;34m[20:02:56][0m Machine: DXU97120 | macOS 26.2
[0;34m[20:02:56][0m Working directory: /Users/admin/nixmac-peekaboo-local-e2e/tests/e2e
[0;34m[20:03:06][0m Scenario: macos_core_product_proof
[0;34m[20:03:06][0m Starting screen recording: /Users/admin/nixmac-peekaboo-local-e2e/artifacts/computer-use-local/2026-05-06_03-02-55-398Z/video/peekaboo-e2e.mp4
[0;34m[20:03:10][0m Recorder started (PID: 58516)
[0;34m[20:03:10][0m === Phase 1: Prepare broad local Product Proof fixture ===
[0;32m[PASS][0m Peekaboo Bridge connected
[0;32m[PASS][0m Peekaboo permissions OK
[1;33m[WARN][0m No ADMIN_PASSWORD set, cannot unlock screen
[0;34m[20:03:10][0m Clearing nixmac app state...
[0;32m[PASS][0m App state cleared
[0;34m[20:03:10][0m Seeded nixmac settings at /Users/admin/Library/Application Support/com.darkmatter.nixmac/settings.json
[0;32m[PASS][0m peekabooCoreFixture: Prepared deterministic config, local validation settings, and mock system flag
[0;34m[20:03:10][0m === Phase 2: Launch and prove app shell ===
[0;34m[20:03:10][0m Launching nixmac...
[0;32m[PASS][0m App launched: nixmac
[0;34m[20:03:29][0m Screenshot saved: /Users/admin/nixmac-peekaboo-local-e2e/artifacts/computer-use-local/2026-05-06_03-02-55-398Z/screenshots/01-core-launch-1778036608.png
[0;32m[PASS][0m peekabooCoreLaunch: App shell, header controls, and initial prompt surface rendered
[0;34m[20:03:29][0m === Phase 3: Verify update banner is not blocking ===
[0;34m[20:03:35][0m Screenshot saved: /Users/admin/nixmac-peekaboo-local-e2e/artifacts/computer-use-local/2026-05-06_03-02-55-398Z/screenshots/02-update-non-blocking-1778036615.png
[0;32m[PASS][0m peekabooCoreUpdateBanner: Update banner state did not block the prompt workflow
[0;34m[20:03:35][0m === Phase 4: Prove suggestion cards ===
[0;34m[20:03:36][0m Clicking element elem_41 matching '^Install vim$|Install vim'
[0;34m[20:03:38][0m Redacted text snapshot saved: /Users/admin/nixmac-peekaboo-local-e2e/artifacts/computer-use-local/2026-05-06_03-02-55-398Z/diagnostics/text/suggestion-card-text.txt
[0;34m[20:03:39][0m Screenshot saved: /Users/admin/nixmac-peekaboo-local-e2e/artifacts/computer-use-local/2026-05-06_03-02-55-398Z/screenshots/03-suggestion-card-1778036619.png
[0;32m[PASS][0m peekabooCoreSuggestionCards: Suggestion card was clicked and the prompt surface remained usable
[0;34m[20:03:39][0m === Phase 5: Prove descriptor prompt typing ===
[0;34m[20:03:40][0m Clicking element elem_33 matching 'evolve-prompt-input|Configuration change descriptor|Describe changes to make to your configuration|Install vim'
[0;34m[20:03:42][0m Screenshot saved: /Users/admin/nixmac-peekaboo-local-e2e/artifacts/computer-use-local/2026-05-06_03-02-55-398Z/screenshots/04-descriptor-typed-1778036621.png
[0;32m[PASS][0m peekabooCoreTypedIntent: Typed descriptor appeared in the prompt input
[0;34m[20:03:42][0m === Phase 6: Verify local provider-validation boundary ===
[0;34m[20:03:43][0m Screenshot saved: /Users/admin/nixmac-peekaboo-local-e2e/artifacts/computer-use-local/2026-05-06_03-02-55-398Z/screenshots/05-provider-validation-block-1778036622.png
[0;32m[PASS][0m peekabooCoreProviderValidation: Submit path reached expected local provider-validation boundary
[0;34m[20:03:43][0m === Phase 7: Prove Settings General ===
[0;34m[20:03:43][0m Clicking element elem_10 matching '^Settings$|Settings'
[0;34m[20:03:49][0m Coordinate fallback click for Settings header button at 1336,113
[0;34m[20:03:55][0m Clicking element elem_40 matching 'Open AI Models settings'
[0;34m[20:04:02][0m Clicking element elem_51 matching 'General'
[0;34m[20:04:04][0m Redacted text snapshot saved: /Users/admin/nixmac-peekaboo-local-e2e/artifacts/computer-use-local/2026-05-06_03-02-55-398Z/diagnostics/text/settings-general-text.txt
[0;34m[20:04:05][0m Screenshot saved: /Users/admin/nixmac-peekaboo-local-e2e/artifacts/computer-use-local/2026-05-06_03-02-55-398Z/screenshots/08-settings-general-1778036644.png
[0;32m[PASS][0m peekabooCoreSettingsGeneral: Settings General tab rendered with config and host controls
[0;34m[20:04:05][0m === Phase 8: Prove Settings AI Models ===
[0;34m[20:04:05][0m Clicking element elem_40 matching 'AI Models'
[0;34m[20:04:07][0m Redacted text snapshot saved: /Users/admin/nixmac-peekaboo-local-e2e/artifacts/computer-use-local/2026-05-06_03-02-55-398Z/diagnostics/text/settings-ai-models-text.txt
[0;34m[20:04:07][0m Screenshot saved: /Users/admin/nixmac-peekaboo-local-e2e/artifacts/computer-use-local/2026-05-06_03-02-55-398Z/screenshots/09-settings-ai-models-1778036647.png
[0;32m[PASS][0m peekabooCoreSettingsAIModels: Settings AI Models tab rendered provider/model controls
[0;34m[20:04:07][0m === Phase 9: Prove Settings API Keys with shared redaction gate ===
[0;34m[20:04:08][0m Clicking element elem_53 matching 'API Keys'
[0;34m[20:04:10][0m Redacted text snapshot saved: /Users/admin/nixmac-peekaboo-local-e2e/artifacts/computer-use-local/2026-05-06_03-02-55-398Z/diagnostics/text/settings-api-keys-text.txt
[0;34m[20:04:11][0m Screenshot saved: /Users/admin/nixmac-peekaboo-local-e2e/artifacts/computer-use-local/2026-05-06_03-02-55-398Z/screenshots/10-settings-api-keys-1778036650.png
[0;32m[PASS][0m peekabooCoreSettingsAPIKeys: Settings API Keys tab rendered and shared redaction gate found no unmasked secrets
[0;34m[20:04:11][0m === Phase 10: Prove Settings Preferences ===
[0;34m[20:04:11][0m Clicking element elem_54 matching 'Preferences'
[0;34m[20:04:13][0m Redacted text snapshot saved: /Users/admin/nixmac-peekaboo-local-e2e/artifacts/computer-use-local/2026-05-06_03-02-55-398Z/diagnostics/text/settings-preferences-text.txt
[0;34m[20:04:14][0m Screenshot saved: /Users/admin/nixmac-peekaboo-local-e2e/artifacts/computer-use-local/2026-05-06_03-02-55-398Z/screenshots/11-settings-preferences-1778036653.png
[0;34m[20:04:14][0m Clicking element elem_48 matching 'Close settings|^Close$'
[0;32m[PASS][0m peekabooCoreSettingsPreferences: Settings Preferences tab rendered confirmation controls
[0;34m[20:04:16][0m === Phase 11: Prove History surface ===
[0;34m[20:04:17][0m Clicking element elem_8 matching 'History'
[0;34m[20:04:18][0m Redacted text snapshot saved: /Users/admin/nixmac-peekaboo-local-e2e/artifacts/computer-use-local/2026-05-06_03-02-55-398Z/diagnostics/text/history-text.txt
[0;34m[20:04:19][0m Screenshot saved: /Users/admin/nixmac-peekaboo-local-e2e/artifacts/computer-use-local/2026-05-06_03-02-55-398Z/screenshots/12-history-1778036658.png
[0;34m[20:04:19][0m Clicking element elem_50 matching 'Close|^×$|^X$'
[0;32m[PASS][0m peekabooCoreHistory: History surface rendered a visible state
[0;34m[20:04:20][0m === Phase 12: Verify visual and text proof coverage ===
[0;32m[PASS][0m peekabooCoreVisualProofQuality: Core proof captured 20 screenshots and 6 redacted text snapshots
[0;34m[20:04:20][0m Stopping recorder (PID: 58516)...
[0;34m[20:04:32][0m Video saved: /Users/admin/nixmac-peekaboo-local-e2e/artifacts/computer-use-local/2026-05-06_03-02-55-398Z/video/peekaboo-e2e.mp4 (528K)
[0;34m[20:04:32][0m ==========================================
[0;34m[20:04:32][0m   Test Results
[0;34m[20:04:32][0m ==========================================
  [0;32m✅[0m Phase 1: peekabooCoreFixture: Prepared deterministic config, local validation settings, and mock system flag
  [0;32m✅[0m Phase 2: peekabooCoreLaunch: App shell, header controls, and initial prompt surface rendered
  [0;32m✅[0m Phase 3: peekabooCoreUpdateBanner: Update banner state did not block the prompt workflow
  [0;32m✅[0m Phase 4: peekabooCoreSuggestionCards: Suggestion card was clicked and the prompt surface remained usable
  [0;32m✅[0m Phase 5: peekabooCoreTypedIntent: Typed descriptor appeared in the prompt input
  [0;32m✅[0m Phase 6: peekabooCoreProviderValidation: Submit path reached expected local provider-validation boundary
  [0;32m✅[0m Phase 7: peekabooCoreSettingsGeneral: Settings General tab rendered with config and host controls
  [0;32m✅[0m Phase 8: peekabooCoreSettingsAIModels: Settings AI Models tab rendered provider/model controls
  [0;32m✅[0m Phase 9: peekabooCoreSettingsAPIKeys: Settings API Keys tab rendered and shared redaction gate found no unmasked secrets
  [0;32m✅[0m Phase 10: peekabooCoreSettingsPreferences: Settings Preferences tab rendered confirmation controls
  [0;32m✅[0m Phase 11: peekabooCoreHistory: History surface rendered a visible state
  [0;32m✅[0m Phase 12: peekabooCoreVisualProofQuality: Core proof captured 20 screenshots and 6 redacted text snapshots

  [0;32mAll 16 checks passed[0m
[0;34m[20:04:32][0m ==========================================
[0;34m[20:04:33][0m E2E report written: /Users/admin/nixmac-peekaboo-local-e2e/artifacts/computer-use-local/2026-05-06_03-02-55-398Z/e2e-report/macos_core_product_proof/e2e-report.json
[0;34m[20:04:33][0m 
[0;34m[20:04:33][0m Screenshots: /Users/admin/nixmac-peekaboo-local-e2e/artifacts/computer-use-local/2026-05-06_03-02-55-398Z/screenshots
[0;34m[20:04:33][0m Video: /Users/admin/nixmac-peekaboo-local-e2e/artifacts/computer-use-local/2026-05-06_03-02-55-398Z/video/peekaboo-e2e.mp4
[0;34m[20:04:33][0m Log: /Users/admin/nixmac-peekaboo-local-e2e/artifacts/computer-use-local/2026-05-06_03-02-55-398Z/peekaboo-e2e.log
[0;34m[20:04:37][0m Uninstalling Nix...
 INFO nix-installer v3.19.0
 INFO nix-installer v3.19.0
[31m`nix-darwin` installation detected, it must be removed before uninstalling Nix. Please refer to https://github.com/LnL7/nix-darwin#uninstalling for instructions how to uninstall `nix-darwin`.[39m
[0;32m[PASS][0m Nix uninstalled
