
[0;34m[18:02:16][0m === macos-e2e test runner ===
[0;34m[18:02:16][0m Started at Tue May  5 18:02:16 PDT 2026
[0;34m[18:02:16][0m Machine: DXU97120 | macOS 26.2
[0;34m[18:02:16][0m Working directory: /Users/admin/nixmac-peekaboo-local-e2e/tests/e2e
[0;34m[18:02:24][0m Scenario: macos_core_product_proof
[0;34m[18:02:24][0m Starting screen recording: /Users/admin/nixmac-peekaboo-local-e2e/artifacts/computer-use-local/2026-05-06_01-02-14-778Z/video/peekaboo-e2e.mp4
[0;34m[18:02:27][0m Recorder started (PID: 7229)
[0;34m[18:02:27][0m === Phase 1: Prepare broad local Product Proof fixture ===
[0;32m[PASS][0m Peekaboo Bridge connected
[0;32m[PASS][0m Peekaboo permissions OK
[1;33m[WARN][0m No ADMIN_PASSWORD set, cannot unlock screen
[0;34m[18:02:28][0m Clearing nixmac app state...
[0;32m[PASS][0m App state cleared
[0;34m[18:02:28][0m Seeded nixmac settings at /Users/admin/Library/Application Support/com.darkmatter.nixmac/settings.json
[0;32m[PASS][0m peekabooCoreFixture: Prepared deterministic config, local validation settings, and mock system flag
[0;34m[18:02:28][0m === Phase 2: Launch and prove app shell ===
[0;34m[18:02:28][0m Launching nixmac...
[0;32m[PASS][0m App launched: nixmac
[0;34m[18:02:48][0m Screenshot saved: /Users/admin/nixmac-peekaboo-local-e2e/artifacts/computer-use-local/2026-05-06_01-02-14-778Z/screenshots/01-core-launch-1778029367.png
[0;32m[PASS][0m peekabooCoreLaunch: App shell, header controls, and initial prompt surface rendered
[0;34m[18:02:48][0m === Phase 3: Verify update banner is not blocking ===
[0;34m[18:02:56][0m Screenshot saved: /Users/admin/nixmac-peekaboo-local-e2e/artifacts/computer-use-local/2026-05-06_01-02-14-778Z/screenshots/02-update-non-blocking-1778029376.png
[0;32m[PASS][0m peekabooCoreUpdateBanner: Update banner state did not block the prompt workflow
[0;34m[18:02:56][0m === Phase 4: Prove suggestion cards ===
[0;34m[18:02:56][0m Clicking element elem_41 matching '^Install vim$|Install vim'
[0;34m[18:02:59][0m Redacted text snapshot saved: /Users/admin/nixmac-peekaboo-local-e2e/artifacts/computer-use-local/2026-05-06_01-02-14-778Z/diagnostics/text/suggestion-card-text.txt
[0;34m[18:02:59][0m Screenshot saved: /Users/admin/nixmac-peekaboo-local-e2e/artifacts/computer-use-local/2026-05-06_01-02-14-778Z/screenshots/03-suggestion-card-1778029379.png
[0;32m[PASS][0m peekabooCoreSuggestionCards: Suggestion card was clicked and the prompt surface remained usable
[0;34m[18:02:59][0m === Phase 5: Prove descriptor prompt typing ===
[0;34m[18:03:01][0m Clicking element elem_33 matching 'evolve-prompt-input|Configuration change descriptor|Describe changes to make to your configuration|Install vim'
[0;34m[18:03:04][0m Screenshot saved: /Users/admin/nixmac-peekaboo-local-e2e/artifacts/computer-use-local/2026-05-06_01-02-14-778Z/screenshots/04-descriptor-typed-1778029383.png
[0;32m[PASS][0m peekabooCoreTypedIntent: Typed descriptor appeared in the prompt input
[0;34m[18:03:04][0m === Phase 6: Verify local provider-validation boundary ===
[0;34m[18:03:04][0m Screenshot saved: /Users/admin/nixmac-peekaboo-local-e2e/artifacts/computer-use-local/2026-05-06_01-02-14-778Z/screenshots/05-provider-validation-block-1778029384.png
[0;32m[PASS][0m peekabooCoreProviderValidation: Submit path reached expected local provider-validation boundary
[0;34m[18:03:04][0m === Phase 7: Prove Settings General ===
[0;34m[18:03:05][0m Clicking element elem_10 matching '^Settings$|Settings'
[0;34m[18:03:11][0m Coordinate fallback click for Settings header button at 1336,113
[0;34m[18:03:17][0m Clicking element elem_40 matching 'Open AI Models settings'
[0;34m[18:03:22][0m Clicking element elem_51 matching 'General'
[0;34m[18:03:24][0m Redacted text snapshot saved: /Users/admin/nixmac-peekaboo-local-e2e/artifacts/computer-use-local/2026-05-06_01-02-14-778Z/diagnostics/text/settings-general-text.txt
[0;34m[18:03:25][0m Screenshot saved: /Users/admin/nixmac-peekaboo-local-e2e/artifacts/computer-use-local/2026-05-06_01-02-14-778Z/screenshots/08-settings-general-1778029404.png
[0;32m[PASS][0m peekabooCoreSettingsGeneral: Settings General tab rendered with config and host controls
[0;34m[18:03:25][0m === Phase 8: Prove Settings AI Models ===
[0;34m[18:03:25][0m Clicking element elem_40 matching 'AI Models'
[0;34m[18:03:27][0m Redacted text snapshot saved: /Users/admin/nixmac-peekaboo-local-e2e/artifacts/computer-use-local/2026-05-06_01-02-14-778Z/diagnostics/text/settings-ai-models-text.txt
[0;34m[18:03:28][0m Screenshot saved: /Users/admin/nixmac-peekaboo-local-e2e/artifacts/computer-use-local/2026-05-06_01-02-14-778Z/screenshots/09-settings-ai-models-1778029407.png
[0;32m[PASS][0m peekabooCoreSettingsAIModels: Settings AI Models tab rendered provider/model controls
[0;34m[18:03:28][0m === Phase 9: Prove Settings API Keys with shared redaction gate ===
[0;34m[18:03:28][0m Clicking element elem_53 matching 'API Keys'
[0;34m[18:03:30][0m Redacted text snapshot saved: /Users/admin/nixmac-peekaboo-local-e2e/artifacts/computer-use-local/2026-05-06_01-02-14-778Z/diagnostics/text/settings-api-keys-text.txt
[0;34m[18:03:30][0m Screenshot saved: /Users/admin/nixmac-peekaboo-local-e2e/artifacts/computer-use-local/2026-05-06_01-02-14-778Z/screenshots/10-settings-api-keys-1778029410.png
[0;32m[PASS][0m peekabooCoreSettingsAPIKeys: Settings API Keys tab rendered and shared redaction gate found no unmasked secrets
[0;34m[18:03:30][0m === Phase 10: Prove Settings Preferences ===
[0;34m[18:03:31][0m Clicking element elem_54 matching 'Preferences'
[0;34m[18:03:33][0m Redacted text snapshot saved: /Users/admin/nixmac-peekaboo-local-e2e/artifacts/computer-use-local/2026-05-06_01-02-14-778Z/diagnostics/text/settings-preferences-text.txt
[0;34m[18:03:33][0m Screenshot saved: /Users/admin/nixmac-peekaboo-local-e2e/artifacts/computer-use-local/2026-05-06_01-02-14-778Z/screenshots/11-settings-preferences-1778029413.png
[0;34m[18:03:34][0m Clicking element elem_48 matching 'Close settings|^Close$'
[0;32m[PASS][0m peekabooCoreSettingsPreferences: Settings Preferences tab rendered confirmation controls
[0;34m[18:03:36][0m === Phase 11: Prove History surface ===
[0;34m[18:03:36][0m Clicking element elem_8 matching 'History'
[0;34m[18:03:38][0m Redacted text snapshot saved: /Users/admin/nixmac-peekaboo-local-e2e/artifacts/computer-use-local/2026-05-06_01-02-14-778Z/diagnostics/text/history-text.txt
[0;34m[18:03:39][0m Screenshot saved: /Users/admin/nixmac-peekaboo-local-e2e/artifacts/computer-use-local/2026-05-06_01-02-14-778Z/screenshots/12-history-1778029418.png
[0;34m[18:03:39][0m Clicking element elem_50 matching 'Close|^×$|^X$'
[0;32m[PASS][0m peekabooCoreHistory: History surface rendered a visible state
[0;34m[18:03:40][0m === Phase 12: Verify visual and text proof coverage ===
[0;32m[PASS][0m peekabooCoreVisualProofQuality: Core proof captured 20 screenshots and 6 redacted text snapshots
[0;34m[18:03:40][0m Stopping recorder (PID: 7229)...
[0;34m[18:03:51][0m Video saved: /Users/admin/nixmac-peekaboo-local-e2e/artifacts/computer-use-local/2026-05-06_01-02-14-778Z/video/peekaboo-e2e.mp4 (488K)
[0;34m[18:03:51][0m ==========================================
[0;34m[18:03:51][0m   Test Results
[0;34m[18:03:51][0m ==========================================
  [0;32m✅[0m Phase 1: peekabooCoreFixture: Prepared deterministic config, local validation settings, and mock system flag
  [0;32m✅[0m Phase 2: peekabooCoreLaunch: App shell, header controls, and initial prompt surface rendered
  [0;32m✅[0m Phase 3: peekabooCoreUpdateBanner: Update banner state did not block the prompt workflow
  [0;32m✅[0m Phase 4: peekabooCoreSuggestionCards: Suggestion card was clicked and the prompt surface remained usable
  [0;32m✅[0m Phase 5: peekabooCoreTypedIntent: Typed descriptor appeared in the prompt input
  [0;32m✅[0m Phase 6: peekabooCoreProviderValidation: Submit path reached expected local provider-validation boundary
  [0;32m✅[0m Phase 7: peekabooCoreSettingsGeneral: Settings General tab rendered with config and host controls
  [0;32m✅[0m Phase 8: peekabooCoreSettingsAIModels: Settings AI Models tab rendered provider/model controls
  [0;32m✅[0m Phase 9: peekabooCoreSettingsAPIKeys: Settings API Keys tab rendered and shared redaction gate found no unmasked secrets
  [0;32m✅[0m Phase 10: peekabooCoreSettingsPreferences: Settings Preferences tab rendered confirmation controls
  [0;32m✅[0m Phase 11: peekabooCoreHistory: History surface rendered a visible state
  [0;32m✅[0m Phase 12: peekabooCoreVisualProofQuality: Core proof captured 20 screenshots and 6 redacted text snapshots

  [0;32mAll 16 checks passed[0m
[0;34m[18:03:51][0m ==========================================
[0;34m[18:03:51][0m E2E report written: /Users/admin/nixmac-peekaboo-local-e2e/artifacts/computer-use-local/2026-05-06_01-02-14-778Z/e2e-report/macos_core_product_proof/e2e-report.json
[0;34m[18:03:51][0m 
[0;34m[18:03:51][0m Screenshots: /Users/admin/nixmac-peekaboo-local-e2e/artifacts/computer-use-local/2026-05-06_01-02-14-778Z/screenshots
[0;34m[18:03:51][0m Video: /Users/admin/nixmac-peekaboo-local-e2e/artifacts/computer-use-local/2026-05-06_01-02-14-778Z/video/peekaboo-e2e.mp4
[0;34m[18:03:51][0m Log: /Users/admin/nixmac-peekaboo-local-e2e/artifacts/computer-use-local/2026-05-06_01-02-14-778Z/peekaboo-e2e.log
[0;34m[18:03:55][0m Uninstalling Nix...
 INFO nix-installer v3.19.0
 INFO nix-installer v3.19.0
[31m`nix-darwin` installation detected, it must be removed before uninstalling Nix. Please refer to https://github.com/LnL7/nix-darwin#uninstalling for instructions how to uninstall `nix-darwin`.[39m
[0;32m[PASS][0m Nix uninstalled
