
[0;34m[12:47:00][0m === macos-e2e test runner ===
[0;34m[12:47:00][0m Started at Wed May  6 12:47:00 PDT 2026
[0;34m[12:47:00][0m Machine: DXU97120 | macOS 26.2
[0;34m[12:47:00][0m Working directory: /Users/admin/nixmac-peekaboo-local-e2e/tests/e2e
[0;34m[12:47:16][0m Scenario: macos_support_dialogs_smoke
[0;34m[12:47:16][0m Starting screen recording: /Users/admin/nixmac-peekaboo-local-e2e/artifacts/computer-use-local/2026-05-06_19-46-59-339Z/video/peekaboo-e2e.mp4
[0;34m[12:47:20][0m Recorder started (PID: 25639)
[0;34m[12:47:20][0m === Phase 1: Prepare support dialog fixture ===
[0;32m[PASS][0m Peekaboo Bridge connected
[0;32m[PASS][0m Peekaboo permissions OK
[1;33m[WARN][0m No ADMIN_PASSWORD set, cannot unlock screen
[0;34m[12:47:20][0m Clearing nixmac app state...
[0;32m[PASS][0m App state cleared
[0;34m[12:47:20][0m Seeded nixmac settings at /Users/admin/Library/Application Support/com.darkmatter.nixmac/settings.json
[0;32m[PASS][0m peekabooCoreFixture: Prepared deterministic config and local provider-validation settings
[0;34m[12:47:20][0m === Phase 2: Launch nixmac app ===
[0;34m[12:47:20][0m Launching nixmac...
[0;32m[PASS][0m App launched: nixmac
[1;33m[WARN][0m Peekaboo Bridge is not selected remote; restarting Peekaboo.app...
[1;33m[WARN][0m Timed out restoring active app nixmac
[0;32m[PASS][0m Peekaboo Bridge recovered
[diagnostic] Captured Peekaboo diagnostics for nixmac (ready-shell-timeout): /Users/admin/nixmac-peekaboo-local-e2e/artifacts/computer-use-local/2026-05-06_19-46-59-339Z/diagnostics/20260506T194909Z-nixmac-ready-shell-timeout-*
[0;31m[FAIL][0m App shell did not expose support controls with visible screenshot signal
[0;34m[12:49:11][0m Screenshot saved: /Users/admin/nixmac-peekaboo-local-e2e/artifacts/computer-use-local/2026-05-06_19-46-59-339Z/screenshots/failure-1778096950-1778096950.png
[0;34m[12:49:12][0m Stopping recorder (PID: 25639)...
[0;34m[12:49:31][0m Video saved: /Users/admin/nixmac-peekaboo-local-e2e/artifacts/computer-use-local/2026-05-06_19-46-59-339Z/video/peekaboo-e2e.mp4 (644K)
[0;34m[12:49:35][0m Uninstalling Nix...
 INFO nix-installer v3.19.0
 INFO nix-installer v3.19.0
[31m`nix-darwin` installation detected, it must be removed before uninstalling Nix. Please refer to https://github.com/LnL7/nix-darwin#uninstalling for instructions how to uninstall `nix-darwin`.[39m
[0;32m[PASS][0m Nix uninstalled
[0;34m[12:49:36][0m E2E report written: /Users/admin/nixmac-peekaboo-local-e2e/artifacts/computer-use-local/2026-05-06_19-46-59-339Z/e2e-report/macos_support_dialogs_smoke/e2e-report.json
