
[0;34m[00:40:27][0m === macos-e2e test runner ===
[0;34m[00:40:27][0m Started at Wed May  6 00:40:27 PDT 2026
[0;34m[00:40:27][0m Machine: DXU97120 | macOS 26.2
[0;34m[00:40:27][0m Working directory: /Users/admin/nixmac-peekaboo-local-e2e/tests/e2e
[0;34m[00:40:41][0m Scenario: macos_homebrew_save_rollback_smoke
[0;34m[00:40:41][0m Starting screen recording: /Users/admin/nixmac-peekaboo-local-e2e/artifacts/computer-use-local/2026-05-06_07-40-26-231Z/video/peekaboo-e2e.mp4
[0;34m[00:40:45][0m Recorder started (PID: 30483)
[0;34m[00:40:45][0m === Phase 1: Prepare Homebrew managed-badge fixture ===
[0;32m[PASS][0m Peekaboo Bridge connected
[0;32m[PASS][0m Peekaboo permissions OK
[1;33m[WARN][0m No ADMIN_PASSWORD set, cannot unlock screen
[0;34m[00:40:47][0m Clearing nixmac app state...
[0;32m[PASS][0m App state cleared
[0;34m[00:40:47][0m Seeded nixmac settings at /Users/admin/Library/Application Support/com.darkmatter.nixmac/settings.json with provider http://127.0.0.1:62329/v1
[0;34m[00:40:47][0m Installed E2E system activation shim at /var/folders/lw/q3m765kd17z3h2g36tw6qk000000gp/T//nixmac-e2e-system-mock-bin.zEX9aE
[0;32m[PASS][0m peekabooProviderFixture: Prepared Homebrew managed-badge fixture, deterministic HTTP provider, completion logging, and mock rebuild flag
[0;34m[00:40:47][0m === Phase 2: Launch nixmac for Untracked Homebrew items proof ===
[0;34m[00:40:47][0m Launching nixmac...
[0;32m[PASS][0m App launched: nixmac
[0;34m[00:41:05][0m Screenshot saved: /Users/admin/nixmac-peekaboo-local-e2e/artifacts/computer-use-local/2026-05-06_07-40-26-231Z/screenshots/01-homebrew-launched-1778053265.png
[0;32m[PASS][0m peekabooProviderLaunch: App launched for Untracked Homebrew items proof
[0;34m[00:41:05][0m === Phase 3: Apply Untracked Homebrew items to config ===
[0;34m[00:41:10][0m System Events button click for '1 untracked Homebrew item'
[0;34m[00:41:16][0m Clicking element id=elem_42 role=button identifier= label=1 untracked Homebrew item title=1 untracked Homebrew item value= desc= bounds=none matching '[0-9]+ untracked Homebrew'
[0;34m[00:41:16][0m Candidate for '[0-9]+ untracked Homebrew': score=10 match=label id=elem_42 role=button identifier= label=1 untracked Homebrew item title=1 untracked Homebrew item bounds=none
[0;34m[00:41:41][0m Clicking query 'untracked Homebrew'
[0;34m[00:41:42][0m Click query 'untracked Homebrew' output: Error: The operation couldn’t be completed. (PeekabooBridge.PeekabooBridgeErrorEnvelope error 1.)
[0;34m[00:41:50][0m Coordinate fallback click for Untracked Homebrew items badge at 708,601
[0;34m[00:42:05][0m Screenshot saved: /Users/admin/nixmac-peekaboo-local-e2e/artifacts/computer-use-local/2026-05-06_07-40-26-231Z/screenshots/02-homebrew-popover-1778053324.png
[0;34m[00:42:08][0m Clicking element id=elem_57 role=button identifier= label=Add to config title=Add to config value= desc= bounds=none matching 'managed-homebrew-add-to-config|^Add to config$'
[0;34m[00:42:08][0m Candidate for 'managed-homebrew-add-to-config|^Add to config$': score=10 match=label id=elem_57 role=button identifier= label=Add to config title=Add to config bounds=none
[0;34m[00:42:12][0m Screenshot saved: /Users/admin/nixmac-peekaboo-local-e2e/artifacts/computer-use-local/2026-05-06_07-40-26-231Z/screenshots/03-homebrew-review-1778053332.png
[0;34m[00:42:12][0m === Phase 4: Build and Test Untracked Homebrew items managed change ===
[0;34m[00:42:13][0m Clicking element id=elem_32 role=button identifier= label=Build & Test title=Build & Test value= desc= bounds=none matching 'Build & Test'
[0;34m[00:42:13][0m Candidate for 'Build & Test': score=10 match=label id=elem_32 role=button identifier= label=Build & Test title=Build & Test bounds=none
[0;34m[00:42:30][0m No build confirmation prompt observed
[0;34m[00:42:31][0m Screenshot saved: /Users/admin/nixmac-peekaboo-local-e2e/artifacts/computer-use-local/2026-05-06_07-40-26-231Z/screenshots/04-homebrew-save-step-after-build-1778053350.png
[0;32m[PASS][0m peekabooProviderBuildBoundary: Build & Test advanced to Save step for Untracked Homebrew items
[0;34m[00:42:31][0m === Phase 5: Commit Untracked Homebrew items managed change ===
[0;34m[00:42:31][0m Using deterministic commit message for homebrew managed-badge change
[0;34m[00:42:31][0m Clicking element id=elem_58 role=textField identifier= label=Loading... title= value= desc= bounds=none matching 'commitMsg|Loading|Commit message|Commit Changes'
[0;34m[00:42:31][0m Candidate for 'commitMsg|Loading|Commit message|Commit Changes': score=10 match=label id=elem_58 role=textField identifier= label=Loading... title= bounds=none
[0;34m[00:42:33][0m Clicking element id=elem_59 role=button identifier= label=Commit title=Commit value= desc= bounds=none matching 'Commit( Changes)?'
[0;34m[00:42:33][0m Candidate for 'Commit( Changes)?': score=10 match=label id=elem_59 role=button identifier= label=Commit title=Commit bounds=none
[0;34m[00:42:35][0m Screenshot saved: /Users/admin/nixmac-peekaboo-local-e2e/artifacts/computer-use-local/2026-05-06_07-40-26-231Z/screenshots/05-homebrew-returned-to-describe-1778053355.png
[0;32m[PASS][0m peekabooProviderSaveFlow: Untracked Homebrew items Save step committed changes and returned to Describe
[0;34m[00:42:35][0m === Phase 6: Restore Untracked Homebrew items baseline from History ===
[0;34m[00:42:36][0m Clicking element id=elem_8 role=button identifier= label=History title=History value= desc=History bounds=none matching '^History( |\(|$)'
[0;34m[00:42:36][0m Candidate for '^History( |\(|$)': score=10 match=label id=elem_8 role=button identifier= label=History title=History bounds=none
[0;34m[00:42:38][0m Screenshot saved: /Users/admin/nixmac-peekaboo-local-e2e/artifacts/computer-use-local/2026-05-06_07-40-26-231Z/screenshots/06-history-before-restore-1778053358.png
[0;34m[00:42:39][0m Clicking element id=elem_35 role=button identifier= label=Restore title=Restore value= desc= bounds=none matching '^Restore$'
[0;34m[00:42:39][0m Candidate for '^Restore$': score=10 match=label id=elem_35 role=button identifier= label=Restore title=Restore bounds=none
[0;34m[00:42:42][0m Screenshot saved: /Users/admin/nixmac-peekaboo-local-e2e/artifacts/computer-use-local/2026-05-06_07-40-26-231Z/screenshots/07-history-restore-preview-1778053361.png
[0;34m[00:42:42][0m System Events button click for 'Confirm Restore'
[0;34m[00:42:42][0m Clicking element id=elem_22 role=button identifier= label=Confirm Restore title=Confirm Restore value= desc= bounds=none matching 'history-confirm-restore-button|^Confirm Restore$'
[0;34m[00:42:42][0m Candidate for 'history-confirm-restore-button|^Confirm Restore$': score=10 match=label id=elem_22 role=button identifier= label=Confirm Restore title=Confirm Restore bounds=none
[0;34m[00:42:43][0m Candidate for 'history-confirm-restore-button|^Confirm Restore$': score=10 match=label id=elem_22 role=button identifier= label=Confirm Restore title=Confirm Restore bounds=none
[0;34m[00:42:45][0m Clicking query 'Confirm Restore'
[0;34m[00:42:46][0m Click query 'Confirm Restore' output: Error: The operation couldn’t be completed. (PeekabooBridge.PeekabooBridgeErrorEnvelope error 1.)
[0;34m[00:42:46][0m Coordinate fallback click for history confirm restore primary action at 1124,307
[0;34m[00:42:46][0m CGEvent fallback click for history confirm restore primary action at 1124,307
[0;34m[00:42:48][0m Coordinate fallback click for history confirm restore at 1148,307
[0;34m[00:42:48][0m CGEvent fallback click for history confirm restore at 1148,307
[0;34m[00:42:52][0m Confirm Restore still visible after attempt 1; retrying
[0;34m[00:42:52][0m System Events button click for 'Confirm Restore'
[0;34m[00:42:53][0m Clicking element id=elem_22 role=button identifier= label=Confirm Restore title=Confirm Restore value= desc= bounds=none matching 'history-confirm-restore-button|^Confirm Restore$'
[0;34m[00:42:53][0m Candidate for 'history-confirm-restore-button|^Confirm Restore$': score=10 match=label id=elem_22 role=button identifier= label=Confirm Restore title=Confirm Restore bounds=none
[0;34m[00:42:54][0m Candidate for 'history-confirm-restore-button|^Confirm Restore$': score=10 match=label id=elem_22 role=button identifier= label=Confirm Restore title=Confirm Restore bounds=none
[0;34m[00:42:55][0m Clicking query 'Confirm Restore'
[0;34m[00:42:56][0m Click query 'Confirm Restore' output: Error: The operation couldn’t be completed. (PeekabooBridge.PeekabooBridgeErrorEnvelope error 1.)
[0;34m[00:42:56][0m Coordinate fallback click for history confirm restore primary action at 1124,307
[0;34m[00:42:56][0m CGEvent fallback click for history confirm restore primary action at 1124,307
[0;34m[00:42:58][0m Coordinate fallback click for history confirm restore at 1148,307
[0;34m[00:42:58][0m CGEvent fallback click for history confirm restore at 1148,307
[0;34m[00:42:59][0m Denying stale nixmac keychain prompt (elem_8)
[0;34m[00:43:04][0m Confirm Restore still visible after attempt 2; retrying
[0;34m[00:43:04][0m System Events button click for 'Confirm Restore'
[0;34m[00:43:04][0m Clicking element id=elem_22 role=button identifier= label=Confirm Restore title=Confirm Restore value= desc= bounds=none matching 'history-confirm-restore-button|^Confirm Restore$'
[0;34m[00:43:04][0m Candidate for 'history-confirm-restore-button|^Confirm Restore$': score=10 match=label id=elem_22 role=button identifier= label=Confirm Restore title=Confirm Restore bounds=none
[0;34m[00:43:06][0m Candidate for 'history-confirm-restore-button|^Confirm Restore$': score=10 match=label id=elem_22 role=button identifier= label=Confirm Restore title=Confirm Restore bounds=none
[0;34m[00:43:13][0m Clicking query 'Confirm Restore'
[0;34m[00:43:14][0m Click query 'Confirm Restore' output: Error: The operation couldn’t be completed. (PeekabooBridge.PeekabooBridgeErrorEnvelope error 1.)
[0;34m[00:43:14][0m Coordinate fallback click for history confirm restore primary action at 1124,307
[0;34m[00:43:14][0m CGEvent fallback click for history confirm restore primary action at 1124,307
[0;34m[00:43:15][0m Coordinate fallback click for history confirm restore at 1148,307
[0;34m[00:43:16][0m CGEvent fallback click for history confirm restore at 1148,307
[0;34m[00:43:23][0m Screenshot saved: /Users/admin/nixmac-peekaboo-local-e2e/artifacts/computer-use-local/2026-05-06_07-40-26-231Z/screenshots/08-after-history-restore-1778053403.png
[0;34m[00:43:23][0m history restore complete: HEAD=9c408e3
[0;34m[00:43:23][0m history restore complete: latest=Restore commit 4717430f
[0;34m[00:43:23][0m history restore complete: status=
[0;34m[00:43:23][0m history restore complete: baseline-diff=
[0;34m[00:43:23][0m history restore complete: ripgrep absent from flake.nix
[0;32m[PASS][0m peekabooHomebrewSaveRollback: Untracked Homebrew items Add to config was built, committed, and rolled back to the disposable baseline
[0;34m[00:43:24][0m === Phase 7: Audit Untracked Homebrew items managed-badge evidence ===
[0;32m[PASS][0m peekabooProviderAudit: Preserved provider/request evidence for Untracked Homebrew items managed-badge proof
[0;34m[00:43:24][0m Stopping recorder (PID: 30483)...
[0;34m[00:43:41][0m Video saved: /Users/admin/nixmac-peekaboo-local-e2e/artifacts/computer-use-local/2026-05-06_07-40-26-231Z/video/peekaboo-e2e.mp4 (1.0M)
[0;34m[00:43:41][0m ==========================================
[0;34m[00:43:41][0m   Test Results
[0;34m[00:43:41][0m ==========================================
  [0;32m✅[0m Phase 1: peekabooProviderFixture: Prepared Homebrew managed-badge fixture, deterministic HTTP provider, completion logging, and mock rebuild flag
  [0;32m✅[0m Phase 2: peekabooProviderLaunch: App launched for Untracked Homebrew items proof
  [0;32m✅[0m Phase 4: peekabooProviderBuildBoundary: Build & Test advanced to Save step for Untracked Homebrew items
  [0;32m✅[0m Phase 5: peekabooProviderSaveFlow: Untracked Homebrew items Save step committed changes and returned to Describe
  [0;32m✅[0m Phase 6: peekabooHomebrewSaveRollback: Untracked Homebrew items Add to config was built, committed, and rolled back to the disposable baseline
  [0;32m✅[0m Phase 7: peekabooProviderAudit: Preserved provider/request evidence for Untracked Homebrew items managed-badge proof

  [0;32mAll 10 checks passed[0m
[0;34m[00:43:41][0m ==========================================
[0;34m[00:43:42][0m E2E report written: /Users/admin/nixmac-peekaboo-local-e2e/artifacts/computer-use-local/2026-05-06_07-40-26-231Z/e2e-report/macos_homebrew_save_rollback_smoke/e2e-report.json
[0;34m[00:43:42][0m 
[0;34m[00:43:42][0m Screenshots: /Users/admin/nixmac-peekaboo-local-e2e/artifacts/computer-use-local/2026-05-06_07-40-26-231Z/screenshots
[0;34m[00:43:42][0m Video: /Users/admin/nixmac-peekaboo-local-e2e/artifacts/computer-use-local/2026-05-06_07-40-26-231Z/video/peekaboo-e2e.mp4
[0;34m[00:43:42][0m Log: /Users/admin/nixmac-peekaboo-local-e2e/artifacts/computer-use-local/2026-05-06_07-40-26-231Z/peekaboo-e2e.log
[0;34m[00:43:45][0m Uninstalling Nix...
 INFO nix-installer v3.19.0
 INFO nix-installer v3.19.0
[31m`nix-darwin` installation detected, it must be removed before uninstalling Nix. Please refer to https://github.com/LnL7/nix-darwin#uninstalling for instructions how to uninstall `nix-darwin`.[39m
[0;32m[PASS][0m Nix uninstalled
