
[0;34m[20:37:07][0m === macos-e2e test runner ===
[0;34m[20:37:07][0m Started at Tue May  5 20:37:07 PDT 2026
[0;34m[20:37:07][0m Machine: DXU97120 | macOS 26.2
[0;34m[20:37:07][0m Working directory: /Users/admin/nixmac-peekaboo-local-e2e/tests/e2e
[0;34m[20:37:17][0m Scenario: macos_provider_discard_smoke
[0;34m[20:37:17][0m Starting screen recording: /Users/admin/nixmac-peekaboo-local-e2e/artifacts/computer-use-local/2026-05-06_03-37-06-444Z/video/peekaboo-e2e.mp4
[0;34m[20:37:20][0m Recorder started (PID: 5064)
[0;34m[20:37:21][0m === Phase 1: Prepare provider-backed discard fixture ===
[0;32m[PASS][0m Peekaboo Bridge connected
[0;32m[PASS][0m Peekaboo permissions OK
[1;33m[WARN][0m No ADMIN_PASSWORD set, cannot unlock screen
[0;34m[20:37:23][0m Clearing nixmac app state...
[0;32m[PASS][0m App state cleared
[0;34m[20:37:23][0m Seeded nixmac settings at /Users/admin/Library/Application Support/com.darkmatter.nixmac/settings.json with provider http://127.0.0.1:61922/v1
[0;34m[20:37:23][0m Installed E2E system activation shim at /var/folders/lw/q3m765kd17z3h2g36tw6qk000000gp/T//nixmac-e2e-system-mock-bin.5LKbmI
[0;32m[PASS][0m peekabooProviderFixture: Prepared discard config repo, deterministic HTTP provider, completion logging, and mock rebuild flag
[0;34m[20:37:23][0m === Phase 2: Launch nixmac app for discard proof ===
[0;34m[20:37:23][0m Launching nixmac...
[0;32m[PASS][0m App launched: nixmac
[0;34m[20:37:38][0m Screenshot saved: /Users/admin/nixmac-peekaboo-local-e2e/artifacts/computer-use-local/2026-05-06_03-37-06-444Z/screenshots/01-discard-launched-1778038657.png
[0;32m[PASS][0m peekabooProviderLaunch: App launched for discard proof
[0;34m[20:37:38][0m === Phase 3: Submit descriptor into real prompt for discard proof ===
[0;34m[20:37:40][0m Clicking element elem_33 matching 'evolve-prompt-input|Configuration change descriptor|Describe changes to make to your configuration'
[0;34m[20:37:42][0m Screenshot saved: /Users/admin/nixmac-peekaboo-local-e2e/artifacts/computer-use-local/2026-05-06_03-37-06-444Z/screenshots/02-discard-descriptor-typed-1778038661.png
[0;34m[20:37:42][0m Clicking element elem_37 matching 'evolve-prompt-send|Submit configuration change descriptor|Send'
[0;32m[PASS][0m peekabooProviderTypedIntent: Descriptor submitted for discard proof
[0;34m[20:37:43][0m === Phase 4: Verify provider-driven evolution reaches Review for discard proof ===
[0;34m[20:37:45][0m Screenshot saved: /Users/admin/nixmac-peekaboo-local-e2e/artifacts/computer-use-local/2026-05-06_03-37-06-444Z/screenshots/03-discard-review-provider-evolved-1778038664.png
[0;32m[PASS][0m peekabooProviderReview: Provider calls observed and Review step reached for discard proof
[0;34m[20:37:45][0m === Phase 5: Discard generated provider changes ===
[0;34m[20:37:48][0m Screenshot saved: /Users/admin/nixmac-peekaboo-local-e2e/artifacts/computer-use-local/2026-05-06_03-37-06-444Z/screenshots/04-discard-ready-1778038668.png
[0;34m[20:37:58][0m Coordinate fallback click for discard button at 1136,294
[0;34m[20:38:31][0m Coordinate fallback click for discard button retry at 1136,294
[0;34m[20:38:42][0m Discard completed without a confirmation dialog
[0;34m[20:38:43][0m Screenshot saved: /Users/admin/nixmac-peekaboo-local-e2e/artifacts/computer-use-local/2026-05-06_03-37-06-444Z/screenshots/discard-repo-not-clean-1778038722.png
[0;31m[FAIL][0m Config repo was not clean after discard:  M flake.nix
[0;34m[20:38:43][0m Screenshot saved: /Users/admin/nixmac-peekaboo-local-e2e/artifacts/computer-use-local/2026-05-06_03-37-06-444Z/screenshots/failure-1778038723-1778038723.png
[0;34m[20:38:43][0m Stopping recorder (PID: 5064)...
[0;34m[20:38:56][0m Video saved: /Users/admin/nixmac-peekaboo-local-e2e/artifacts/computer-use-local/2026-05-06_03-37-06-444Z/video/peekaboo-e2e.mp4 (580K)
[0;34m[20:39:00][0m Uninstalling Nix...
 INFO nix-installer v3.19.0
 INFO nix-installer v3.19.0
[31m`nix-darwin` installation detected, it must be removed before uninstalling Nix. Please refer to https://github.com/LnL7/nix-darwin#uninstalling for instructions how to uninstall `nix-darwin`.[39m
[0;32m[PASS][0m Nix uninstalled
[0;34m[20:39:02][0m E2E report written: /Users/admin/nixmac-peekaboo-local-e2e/artifacts/computer-use-local/2026-05-06_03-37-06-444Z/e2e-report/macos_provider_discard_smoke/e2e-report.json
