
[0;34m[00:47:19][0m === macos-e2e test runner ===
[0;34m[00:47:19][0m Started at Wed May  6 00:47:19 PDT 2026
[0;34m[00:47:19][0m Machine: DXU97120 | macOS 26.2
[0;34m[00:47:19][0m Working directory: /Users/admin/nixmac-peekaboo-local-e2e/tests/e2e
[0;34m[00:47:33][0m Scenario: macos_provider_evolve_full_smoke
[0;34m[00:47:33][0m Starting screen recording: /Users/admin/nixmac-peekaboo-local-e2e/artifacts/computer-use-local/2026-05-06_07-47-17-861Z/video/peekaboo-e2e.mp4
[0;34m[00:47:36][0m Recorder started (PID: 39507)
[0;34m[00:47:37][0m === Phase 1: Prepare provider-backed macOS fixture ===
[0;32m[PASS][0m Peekaboo Bridge connected
[0;32m[PASS][0m Peekaboo permissions OK
[1;33m[WARN][0m No ADMIN_PASSWORD set, cannot unlock screen
[0;34m[00:47:39][0m Clearing nixmac app state...
[0;32m[PASS][0m App state cleared
[0;34m[00:47:39][0m Seeded nixmac settings at /Users/admin/Library/Application Support/com.darkmatter.nixmac/settings.json with provider http://127.0.0.1:62339/v1
[0;34m[00:47:39][0m Installed E2E system activation shim at /var/folders/lw/q3m765kd17z3h2g36tw6qk000000gp/T//nixmac-e2e-system-mock-bin.kEUnkG
[0;32m[PASS][0m peekabooProviderFixture: Prepared config repo, deterministic HTTP provider, completion logging, and mock rebuild flag
[0;34m[00:47:39][0m === Phase 2: Launch nixmac app ===
[0;34m[00:47:39][0m Launching nixmac...
[0;32m[PASS][0m App launched: nixmac
[0;34m[00:47:55][0m Screenshot saved: /Users/admin/nixmac-peekaboo-local-e2e/artifacts/computer-use-local/2026-05-06_07-47-17-861Z/screenshots/01-launched-1778053674.png
[0;32m[PASS][0m peekabooProviderLaunch: App launched
[0;34m[00:47:55][0m === Phase 3: Submit descriptor into real prompt ===
[0;34m[00:47:56][0m Clicking element id=elem_33 role=textField identifier= label=Describe changes to make to your configuration. title= value= desc= bounds=none matching 'evolve-prompt-input|Configuration change descriptor|Describe changes to make to your configuration'
[0;34m[00:47:56][0m Candidate for 'evolve-prompt-input|Configuration change descriptor|Describe changes to make to your configuration': score=10 match=label id=elem_33 role=textField identifier= label=Describe changes to make to your configuration. title= bounds=none
[0;34m[00:48:09][0m Screenshot saved: /Users/admin/nixmac-peekaboo-local-e2e/artifacts/computer-use-local/2026-05-06_07-47-17-861Z/screenshots/02-descriptor-typed-1778053688.png
[0;34m[00:48:09][0m Clicking element id=elem_37 role=button identifier= label=Send title=Send value= desc= bounds=none matching 'evolve-prompt-send|Submit configuration change descriptor|Send'
[0;34m[00:48:09][0m Candidate for 'evolve-prompt-send|Submit configuration change descriptor|Send': score=10 match=label id=elem_37 role=button identifier= label=Send title=Send bounds=none
[0;32m[PASS][0m peekabooProviderTypedIntent: Descriptor submitted
[0;34m[00:48:10][0m === Phase 4: Verify provider-driven evolution reaches Review ===
[0;34m[00:48:12][0m Screenshot saved: /Users/admin/nixmac-peekaboo-local-e2e/artifacts/computer-use-local/2026-05-06_07-47-17-861Z/screenshots/03-review-provider-evolved-1778053691.png
[0;32m[PASS][0m peekabooProviderReview: Provider calls observed and Review step reached
[0;34m[00:48:12][0m === Phase 5: Build and Test through mocked macOS activation ===
[0;34m[00:48:15][0m Clicking element id=elem_32 role=button identifier= label=Build & Test title=Build & Test value= desc= bounds=none matching 'Build & Test'
[0;34m[00:48:15][0m Candidate for 'Build & Test': score=10 match=label id=elem_32 role=button identifier= label=Build & Test title=Build & Test bounds=none
[0;34m[00:48:31][0m No build confirmation prompt observed
[0;34m[00:48:32][0m Screenshot saved: /Users/admin/nixmac-peekaboo-local-e2e/artifacts/computer-use-local/2026-05-06_07-47-17-861Z/screenshots/04-save-step-after-build-1778053712.png
[0;32m[PASS][0m peekabooProviderBuildBoundary: Build & Test advanced to Save step using explicit E2E mock activation
[0;34m[00:48:32][0m === Phase 6: Commit saved changes ===
[0;34m[00:48:48][0m Commit-message suggestion was not available; using deterministic manual commit text
[0;34m[00:48:49][0m Screenshot saved: /Users/admin/nixmac-peekaboo-local-e2e/artifacts/computer-use-local/2026-05-06_07-47-17-861Z/screenshots/commit-message-manual-fallback-1778053728.png
[0;34m[00:48:49][0m Clicking element id=elem_46 role=textField identifier= label=Loading... title= value= desc= bounds=none matching 'commitMsg|Loading|Commit message|Commit Changes'
[0;34m[00:48:49][0m Candidate for 'commitMsg|Loading|Commit message|Commit Changes': score=10 match=label id=elem_46 role=textField identifier= label=Loading... title= bounds=none
[0;34m[00:48:51][0m Clicking element id=elem_47 role=button identifier= label=Commit title=Commit value= desc= bounds=none matching 'Commit( Changes)?'
[0;34m[00:48:51][0m Candidate for 'Commit( Changes)?': score=10 match=label id=elem_47 role=button identifier= label=Commit title=Commit bounds=none
[0;34m[00:48:54][0m Screenshot saved: /Users/admin/nixmac-peekaboo-local-e2e/artifacts/computer-use-local/2026-05-06_07-47-17-861Z/screenshots/05-returned-to-describe-1778053733.png
[0;32m[PASS][0m peekabooProviderSaveFlow: Save step committed changes and returned to Describe
[0;34m[00:48:54][0m === Phase 7: Restore baseline from History ===
[0;34m[00:48:54][0m Clicking element id=elem_8 role=button identifier= label=History title=History value= desc=History bounds=none matching '^History( |\(|$)'
[0;34m[00:48:54][0m Candidate for '^History( |\(|$)': score=10 match=label id=elem_8 role=button identifier= label=History title=History bounds=none
[0;34m[00:48:57][0m Screenshot saved: /Users/admin/nixmac-peekaboo-local-e2e/artifacts/computer-use-local/2026-05-06_07-47-17-861Z/screenshots/06-history-before-restore-1778053737.png
[0;34m[00:48:57][0m Clicking element id=elem_31 role=button identifier= label=Restore title=Restore value= desc= bounds=none matching '^Restore$'
[0;34m[00:48:57][0m Candidate for '^Restore$': score=10 match=label id=elem_31 role=button identifier= label=Restore title=Restore bounds=none
[0;34m[00:49:00][0m Screenshot saved: /Users/admin/nixmac-peekaboo-local-e2e/artifacts/computer-use-local/2026-05-06_07-47-17-861Z/screenshots/07-history-restore-preview-1778053740.png
[0;34m[00:49:00][0m System Events button click for 'Confirm Restore'
[0;34m[00:49:01][0m Clicking element id=elem_22 role=button identifier= label=Confirm Restore title=Confirm Restore value= desc= bounds=none matching 'history-confirm-restore-button|^Confirm Restore$'
[0;34m[00:49:01][0m Candidate for 'history-confirm-restore-button|^Confirm Restore$': score=10 match=label id=elem_22 role=button identifier= label=Confirm Restore title=Confirm Restore bounds=none
[0;34m[00:49:02][0m Candidate for 'history-confirm-restore-button|^Confirm Restore$': score=10 match=label id=elem_22 role=button identifier= label=Confirm Restore title=Confirm Restore bounds=none
[0;34m[00:49:09][0m Clicking query 'Confirm Restore'
[0;34m[00:49:10][0m Click query 'Confirm Restore' output: Error: The operation couldn’t be completed. (PeekabooBridge.PeekabooBridgeErrorEnvelope error 1.)
[0;34m[00:49:10][0m Coordinate fallback click for history confirm restore primary action at 1124,307
[0;34m[00:49:11][0m CGEvent fallback click for history confirm restore primary action at 1124,307
[0;34m[00:49:12][0m Coordinate fallback click for history confirm restore at 1148,307
[0;34m[00:49:12][0m CGEvent fallback click for history confirm restore at 1148,307
[0;34m[00:49:19][0m Screenshot saved: /Users/admin/nixmac-peekaboo-local-e2e/artifacts/computer-use-local/2026-05-06_07-47-17-861Z/screenshots/08-after-history-restore-1778053759.png
[0;34m[00:49:19][0m history restore complete: HEAD=05637cb
[0;34m[00:49:19][0m history restore complete: latest=Restore commit 8bac78b8
[0;34m[00:49:19][0m history restore complete: status=
[0;34m[00:49:19][0m history restore complete: baseline-diff=
[0;34m[00:49:19][0m history restore complete: ripgrep absent from flake.nix
[0;32m[PASS][0m peekabooProviderRollbackCleanup: History restore returned disposable config repo to baseline
[0;34m[00:49:20][0m === Phase 8: Audit provider evidence ===
[0;34m[00:49:20][0m Provider request log: /var/folders/lw/q3m765kd17z3h2g36tw6qk000000gp/T//nixmac-e2e-provider-calls.2hKRcg
[0;34m[00:49:20][0m Completion log dir: /var/folders/lw/q3m765kd17z3h2g36tw6qk000000gp/T//nixmac-e2e-completions.noD40F
[0;32m[PASS][0m peekabooProviderAudit: Observed 2 provider HTTP requests across evolve and summary paths
[0;34m[00:49:20][0m Stopping recorder (PID: 39507)...
[0;34m[00:49:37][0m Video saved: /Users/admin/nixmac-peekaboo-local-e2e/artifacts/computer-use-local/2026-05-06_07-47-17-861Z/video/peekaboo-e2e.mp4 (732K)
[0;34m[00:49:37][0m ==========================================
[0;34m[00:49:37][0m   Test Results
[0;34m[00:49:37][0m ==========================================
  [0;32m✅[0m Phase 1: peekabooProviderFixture: Prepared config repo, deterministic HTTP provider, completion logging, and mock rebuild flag
  [0;32m✅[0m Phase 2: peekabooProviderLaunch: App launched
  [0;32m✅[0m Phase 3: peekabooProviderTypedIntent: Descriptor submitted
  [0;32m✅[0m Phase 4: peekabooProviderReview: Provider calls observed and Review step reached
  [0;32m✅[0m Phase 5: peekabooProviderBuildBoundary: Build & Test advanced to Save step using explicit E2E mock activation
  [0;32m✅[0m Phase 6: peekabooProviderSaveFlow: Save step committed changes and returned to Describe
  [0;32m✅[0m Phase 7: peekabooProviderRollbackCleanup: History restore returned disposable config repo to baseline
  [0;32m✅[0m Phase 8: peekabooProviderAudit: Observed 2 provider HTTP requests across evolve and summary paths

  [0;32mAll 12 checks passed[0m
[0;34m[00:49:37][0m ==========================================
[0;34m[00:49:38][0m E2E report written: /Users/admin/nixmac-peekaboo-local-e2e/artifacts/computer-use-local/2026-05-06_07-47-17-861Z/e2e-report/macos_provider_evolve_full_smoke/e2e-report.json
[0;34m[00:49:38][0m 
[0;34m[00:49:38][0m Screenshots: /Users/admin/nixmac-peekaboo-local-e2e/artifacts/computer-use-local/2026-05-06_07-47-17-861Z/screenshots
[0;34m[00:49:38][0m Video: /Users/admin/nixmac-peekaboo-local-e2e/artifacts/computer-use-local/2026-05-06_07-47-17-861Z/video/peekaboo-e2e.mp4
[0;34m[00:49:38][0m Log: /Users/admin/nixmac-peekaboo-local-e2e/artifacts/computer-use-local/2026-05-06_07-47-17-861Z/peekaboo-e2e.log
[0;34m[00:49:42][0m Uninstalling Nix...
 INFO nix-installer v3.19.0
 INFO nix-installer v3.19.0
[31m`nix-darwin` installation detected, it must be removed before uninstalling Nix. Please refer to https://github.com/LnL7/nix-darwin#uninstalling for instructions how to uninstall `nix-darwin`.[39m
[0;32m[PASS][0m Nix uninstalled
