
[0;34m[00:09:18][0m === macos-e2e test runner ===
[0;34m[00:09:18][0m Started at Fri May  8 00:09:18 PDT 2026
[0;34m[00:09:18][0m Machine: DXU97120 | macOS 26.2
[0;34m[00:09:18][0m Working directory: /Users/admin/nixmac-peekaboo-local-e2e/tests/e2e
[0;34m[00:09:19][0m Scenario: macos_provider_evolve_full_smoke
[0;34m[00:09:19][0m Starting screen recording: /Users/admin/nixmac-peekaboo-local-e2e/artifacts/computer-use-local/2026-05-08_07-09-17-273Z/video/peekaboo-e2e.mp4
[0;34m[00:09:23][0m Attempted to dismiss Terminal Automation permission prompt
[0;34m[00:09:26][0m Recorder started (PID: 51955)
[0;34m[00:09:26][0m === Phase 1: Prepare provider-backed macOS fixture ===
[0;32m[PASS][0m Peekaboo Bridge connected
[0;32m[PASS][0m Peekaboo permissions OK
[1;33m[WARN][0m No ADMIN_PASSWORD set, cannot unlock screen
[0;34m[00:09:28][0m Clearing nixmac app state...
[diagnostic] Captured Peekaboo diagnostics for nixmac (pre-clear): /Users/admin/nixmac-peekaboo-local-e2e/artifacts/computer-use-local/2026-05-08_07-09-17-273Z/diagnostics/20260508T070928Z-nixmac-pre-clear-*
[0;32m[PASS][0m App state cleared
[0;34m[00:09:31][0m Seeded nixmac settings at /Users/admin/Library/Application Support/com.darkmatter.nixmac/settings.json with provider http://127.0.0.1:64638/v1
[0;34m[00:09:31][0m Seeded nixmac E2E runtime at /Users/admin/Library/Application Support/com.darkmatter.nixmac/e2e-runtime.json (expires 2026-05-08 00:39:31)
[0;34m[00:09:31][0m Installed E2E system activation shim at /var/folders/lw/q3m765kd17z3h2g36tw6qk000000gp/T//nixmac-e2e-system-mock-bin.s0xOEe
[0;32m[PASS][0m peekabooProviderFixture: Prepared config repo, deterministic HTTP provider, completion logging, and mock rebuild flag
[0;34m[00:09:31][0m === Phase 2: Launch nixmac app ===
[0;34m[00:09:31][0m Launching nixmac...
[0;32m[PASS][0m App launched: nixmac
[1;33m[WARN][0m Timed out restoring active app nixmac
[diagnostic] Captured Peekaboo diagnostics for nixmac (ready-shell-timeout): /Users/admin/nixmac-peekaboo-local-e2e/artifacts/computer-use-local/2026-05-08_07-09-17-273Z/diagnostics/20260508T071119Z-nixmac-ready-shell-timeout-*
[0;31m[FAIL][0m App shell did not expose provider prompt
[0;34m[00:11:21][0m Screenshot saved: /Users/admin/nixmac-peekaboo-local-e2e/artifacts/computer-use-local/2026-05-08_07-09-17-273Z/screenshots/failure-1778224280-1778224280.png
[0;34m[00:11:22][0m Stopping recorder (PID: 51955)...
[0;34m[00:11:26][0m Video saved: /Users/admin/nixmac-peekaboo-local-e2e/artifacts/computer-use-local/2026-05-08_07-09-17-273Z/video/peekaboo-e2e.mp4 (560K)
[0;34m[00:11:30][0m Uninstalling Nix...
 INFO nix-installer v3.19.0
 INFO nix-installer v3.19.0
[31m`nix-darwin` installation detected, it must be removed before uninstalling Nix. Please refer to https://github.com/LnL7/nix-darwin#uninstalling for instructions how to uninstall `nix-darwin`.[39m
[0;32m[PASS][0m Nix uninstalled
[0;34m[00:11:31][0m E2E report written: /Users/admin/nixmac-peekaboo-local-e2e/artifacts/computer-use-local/2026-05-08_07-09-17-273Z/e2e-report/macos_provider_evolve_full_smoke/e2e-report.json
