
[0;34m[15:55:19][0m === macos-e2e test runner ===
[0;34m[15:55:19][0m Started at Tue May  5 15:55:19 PDT 2026
[0;34m[15:55:19][0m Machine: DXU97120 | macOS 26.2
[0;34m[15:55:19][0m Working directory: /Users/admin/nixmac-peekaboo-local-e2e/tests/e2e
[0;34m[15:55:23][0m Scenario: macos_customization_save_rollback_smoke
[0;34m[15:55:23][0m Starting screen recording: /Users/admin/nixmac-peekaboo-local-e2e/artifacts/computer-use-local/2026-05-05_22-55-17-639Z/video/peekaboo-e2e.mp4
[0;34m[15:55:26][0m Recorder started (PID: 57220)
[0;34m[15:55:26][0m === Phase 1: Prepare customization managed-badge fixture ===
[0;32m[PASS][0m Peekaboo Bridge connected
[0;32m[PASS][0m Peekaboo permissions OK
[1;33m[WARN][0m No ADMIN_PASSWORD set, cannot unlock screen
[0;34m[15:55:28][0m Clearing nixmac app state...
[0;32m[PASS][0m App state cleared
[0;34m[15:55:28][0m Seeded nixmac settings at /Users/admin/Library/Application Support/com.darkmatter.nixmac/settings.json with provider http://127.0.0.1:61368/v1
[0;34m[15:55:28][0m Installed E2E system activation shim at /var/folders/lw/q3m765kd17z3h2g36tw6qk000000gp/T//nixmac-e2e-system-mock-bin.x4TmNj
[0;32m[PASS][0m peekabooProviderFixture: Prepared customization managed-badge fixture, deterministic HTTP provider, completion logging, and mock rebuild flag
[0;34m[15:55:28][0m === Phase 2: Launch nixmac for Untracked customizations proof ===
[0;34m[15:55:28][0m Launching nixmac...
[0;32m[PASS][0m App launched: nixmac
[diagnostic] Captured Peekaboo diagnostics for nixmac (empty-app-scope): /Users/admin/nixmac-peekaboo-local-e2e/artifacts/computer-use-local/2026-05-05_22-55-17-639Z/diagnostics/20260505T225541Z-nixmac-empty-app-scope-*
[0;31m[FAIL][0m App shell did not expose prompt for Untracked customizations proof
[0;34m[15:56:30][0m Screenshot saved: /Users/admin/nixmac-peekaboo-local-e2e/artifacts/computer-use-local/2026-05-05_22-55-17-639Z/screenshots/failure-1778021789-1778021789.png
[0;34m[15:56:30][0m Stopping recorder (PID: 57220)...
[0;34m[15:56:37][0m Video saved: /Users/admin/nixmac-peekaboo-local-e2e/artifacts/computer-use-local/2026-05-05_22-55-17-639Z/video/peekaboo-e2e.mp4 (324K)
[0;34m[15:56:41][0m Uninstalling Nix...
 INFO nix-installer v3.19.0
 INFO nix-installer v3.19.0
[31m`nix-darwin` installation detected, it must be removed before uninstalling Nix. Please refer to https://github.com/LnL7/nix-darwin#uninstalling for instructions how to uninstall `nix-darwin`.[39m
[0;32m[PASS][0m Nix uninstalled
[0;34m[15:56:42][0m E2E report written: /Users/admin/nixmac-peekaboo-local-e2e/artifacts/computer-use-local/2026-05-05_22-55-17-639Z/e2e-report/macos_customization_save_rollback_smoke/e2e-report.json
