
[0;34m[01:42:27][0m === macos-e2e test runner ===
[0;34m[01:42:27][0m Started at Wed May  6 01:42:27 PDT 2026
[0;34m[01:42:27][0m Machine: DXU97120 | macOS 26.2
[0;34m[01:42:27][0m Working directory: /Users/admin/nixmac-peekaboo-local-e2e/tests/e2e
[0;34m[01:42:42][0m Scenario: macos_customization_save_rollback_smoke
[0;34m[01:42:42][0m Starting screen recording: /Users/admin/nixmac-peekaboo-local-e2e/artifacts/computer-use-local/2026-05-06_08-42-25-508Z/video/peekaboo-e2e.mp4
[0;34m[01:42:45][0m Recorder started (PID: 88947)
[0;34m[01:42:45][0m === Phase 1: Prepare customization managed-badge fixture ===
[0;32m[PASS][0m Peekaboo Bridge connected
[0;32m[PASS][0m Peekaboo permissions OK
[1;33m[WARN][0m No ADMIN_PASSWORD set, cannot unlock screen
[0;34m[01:42:47][0m Clearing nixmac app state...
[0;32m[PASS][0m App state cleared
[0;34m[01:42:47][0m Seeded nixmac settings at /Users/admin/Library/Application Support/com.darkmatter.nixmac/settings.json with provider http://127.0.0.1:62412/v1
[0;34m[01:42:47][0m Installed E2E system activation shim at /var/folders/lw/q3m765kd17z3h2g36tw6qk000000gp/T//nixmac-e2e-system-mock-bin.IfgFir
[0;32m[PASS][0m peekabooProviderFixture: Prepared customization managed-badge fixture, deterministic HTTP provider, completion logging, and mock rebuild flag
[0;34m[01:42:47][0m === Phase 2: Launch nixmac for Untracked customizations proof ===
[0;34m[01:42:47][0m Launching nixmac...
[0;32m[PASS][0m App launched: nixmac
[0;34m[01:43:03][0m Screenshot saved: /Users/admin/nixmac-peekaboo-local-e2e/artifacts/computer-use-local/2026-05-06_08-42-25-508Z/screenshots/01-customization-launched-1778056983.png
[0;32m[PASS][0m peekabooProviderLaunch: App launched for Untracked customizations proof
[0;34m[01:43:06][0m === Phase 3: Apply Untracked customizations to config ===
[0;34m[01:43:11][0m System Events button click for 'untracked customization'
[0;34m[01:43:17][0m Clicking element id=elem_41 role=button identifier= label=1 untracked customization title=1 untracked customization value= desc= bounds=none matching '[0-9]+ untracked customization|[0-9]+ untracked Mac customization'
[0;34m[01:43:17][0m Candidate for '[0-9]+ untracked customization|[0-9]+ untracked Mac customization': score=10 match=label id=elem_41 role=button identifier= label=1 untracked customization title=1 untracked customization bounds=none
[0;34m[01:43:38][0m Clicking query 'untracked customization'
[0;34m[01:43:39][0m Click query 'untracked customization' output: Error: The operation couldn’t be completed. (PeekabooBridge.PeekabooBridgeErrorEnvelope error 1.)
[0;34m[01:43:44][0m Coordinate fallback click for Untracked customizations badge at 1180,569
[0;34m[01:43:48][0m Opened customization managed badge popover via window-ratio click
[0;34m[01:44:00][0m Screenshot saved: /Users/admin/nixmac-peekaboo-local-e2e/artifacts/computer-use-local/2026-05-06_08-42-25-508Z/screenshots/02-customization-popover-1778057039.png
[0;34m[01:44:03][0m Clicking element id=elem_58 role=button identifier= label=Add to config title=Add to config value= desc= bounds=none matching 'managed-system-defaults-add-to-config|^Add to config$'
[0;34m[01:44:03][0m Candidate for 'managed-system-defaults-add-to-config|^Add to config$': score=10 match=label id=elem_58 role=button identifier= label=Add to config title=Add to config bounds=none
[0;34m[01:44:03][0m Clicked managed Add to config via accessibility selector
[0;34m[01:44:07][0m Screenshot saved: /Users/admin/nixmac-peekaboo-local-e2e/artifacts/computer-use-local/2026-05-06_08-42-25-508Z/screenshots/03-customization-review-1778057047.png
[0;34m[01:44:07][0m === Phase 4: Build and Test Untracked customizations managed change ===
[0;34m[01:44:07][0m Clicking element id=elem_32 role=button identifier= label=Build & Test title=Build & Test value= desc= bounds=none matching 'Build & Test'
[0;34m[01:44:07][0m Candidate for 'Build & Test': score=10 match=label id=elem_32 role=button identifier= label=Build & Test title=Build & Test bounds=none
[0;34m[01:44:24][0m No build confirmation prompt observed
[0;34m[01:44:25][0m Screenshot saved: /Users/admin/nixmac-peekaboo-local-e2e/artifacts/computer-use-local/2026-05-06_08-42-25-508Z/screenshots/04-customization-save-step-after-build-1778057065.png
[0;32m[PASS][0m peekabooProviderBuildBoundary: Build & Test advanced to Save step for Untracked customizations
[0;34m[01:44:25][0m === Phase 5: Commit Untracked customizations managed change ===
[0;34m[01:44:25][0m Using deterministic commit message for customization managed-badge change
[0;34m[01:44:25][0m Clicking element id=elem_49 role=textField identifier= label=Loading... title= value= desc= bounds=none matching 'commitMsg|Loading|Commit message|Commit Changes'
[0;34m[01:44:25][0m Candidate for 'commitMsg|Loading|Commit message|Commit Changes': score=10 match=label id=elem_49 role=textField identifier= label=Loading... title= bounds=none
[0;34m[01:44:28][0m Clicking element id=elem_50 role=button identifier= label=Commit title=Commit value= desc= bounds=none matching 'Commit( Changes)?'
[0;34m[01:44:28][0m Candidate for 'Commit( Changes)?': score=10 match=label id=elem_50 role=button identifier= label=Commit title=Commit bounds=none
[0;34m[01:44:30][0m Screenshot saved: /Users/admin/nixmac-peekaboo-local-e2e/artifacts/computer-use-local/2026-05-06_08-42-25-508Z/screenshots/05-customization-returned-to-describe-1778057069.png
[0;32m[PASS][0m peekabooProviderSaveFlow: Untracked customizations Save step committed changes and returned to Describe
[0;34m[01:44:30][0m === Phase 6: Restore Untracked customizations baseline from History ===
[0;34m[01:44:30][0m Clicking element id=elem_8 role=button identifier= label=History title=History value= desc=History bounds=none matching '^History( |\(|$)'
[0;34m[01:44:30][0m Candidate for '^History( |\(|$)': score=10 match=label id=elem_8 role=button identifier= label=History title=History bounds=none
[0;34m[01:44:33][0m Screenshot saved: /Users/admin/nixmac-peekaboo-local-e2e/artifacts/computer-use-local/2026-05-06_08-42-25-508Z/screenshots/06-history-before-restore-1778057073.png
[0;34m[01:44:33][0m Clicking element id=elem_32 role=button identifier= label=Restore title=Restore value= desc= bounds=none matching '^Restore$'
[0;34m[01:44:33][0m Candidate for '^Restore$': score=10 match=label id=elem_32 role=button identifier= label=Restore title=Restore bounds=none
[0;34m[01:44:36][0m Screenshot saved: /Users/admin/nixmac-peekaboo-local-e2e/artifacts/computer-use-local/2026-05-06_08-42-25-508Z/screenshots/07-history-restore-preview-1778057076.png
[0;34m[01:44:36][0m System Events button click for 'Confirm Restore'
[0;34m[01:44:37][0m Clicking element id=elem_22 role=button identifier= label=Confirm Restore title=Confirm Restore value= desc= bounds=none matching 'history-confirm-restore-button|^Confirm Restore$'
[0;34m[01:44:37][0m Candidate for 'history-confirm-restore-button|^Confirm Restore$': score=10 match=label id=elem_22 role=button identifier= label=Confirm Restore title=Confirm Restore bounds=none
[0;34m[01:44:38][0m Candidate for 'history-confirm-restore-button|^Confirm Restore$': score=10 match=label id=elem_22 role=button identifier= label=Confirm Restore title=Confirm Restore bounds=none
[0;34m[01:44:45][0m Clicking query 'Confirm Restore'
[0;34m[01:44:46][0m Click query 'Confirm Restore' output: Error: The operation couldn’t be completed. (PeekabooBridge.PeekabooBridgeErrorEnvelope error 1.)
[0;34m[01:44:46][0m Coordinate fallback click for history confirm restore primary action at 1124,307
[0;34m[01:44:47][0m CGEvent fallback click for history confirm restore primary action at 1124,307
[0;34m[01:44:48][0m Coordinate fallback click for history confirm restore at 1148,307
[0;34m[01:44:48][0m CGEvent fallback click for history confirm restore at 1148,307
[0;34m[01:44:56][0m Screenshot saved: /Users/admin/nixmac-peekaboo-local-e2e/artifacts/computer-use-local/2026-05-06_08-42-25-508Z/screenshots/08-after-history-restore-1778057095.png
[0;34m[01:44:56][0m history restore complete: HEAD=44ea58c
[0;34m[01:44:56][0m history restore complete: latest=Restore commit dd90be93
[0;34m[01:44:56][0m history restore complete: status=
[0;34m[01:44:56][0m history restore complete: baseline-diff=
[0;34m[01:44:56][0m history restore complete: ripgrep absent from flake.nix
[0;32m[PASS][0m peekabooCustomizationSaveRollback: Untracked customizations Add to config was built, committed, and rolled back to the disposable baseline
[0;34m[01:44:56][0m === Phase 7: Audit Untracked customizations managed-badge evidence ===
[0;32m[PASS][0m peekabooProviderAudit: Preserved provider/request evidence for Untracked customizations managed-badge proof
[0;34m[01:44:56][0m Stopping recorder (PID: 88947)...
[0;34m[01:45:14][0m Video saved: /Users/admin/nixmac-peekaboo-local-e2e/artifacts/computer-use-local/2026-05-06_08-42-25-508Z/video/peekaboo-e2e.mp4 (836K)
[0;34m[01:45:14][0m ==========================================
[0;34m[01:45:14][0m   Test Results
[0;34m[01:45:14][0m ==========================================
  [0;32m✅[0m Phase 1: peekabooProviderFixture: Prepared customization managed-badge fixture, deterministic HTTP provider, completion logging, and mock rebuild flag
  [0;32m✅[0m Phase 2: peekabooProviderLaunch: App launched for Untracked customizations proof
  [0;32m✅[0m Phase 4: peekabooProviderBuildBoundary: Build & Test advanced to Save step for Untracked customizations
  [0;32m✅[0m Phase 5: peekabooProviderSaveFlow: Untracked customizations Save step committed changes and returned to Describe
  [0;32m✅[0m Phase 6: peekabooCustomizationSaveRollback: Untracked customizations Add to config was built, committed, and rolled back to the disposable baseline
  [0;32m✅[0m Phase 7: peekabooProviderAudit: Preserved provider/request evidence for Untracked customizations managed-badge proof

  [0;32mAll 10 checks passed[0m
[0;34m[01:45:14][0m ==========================================
[0;34m[01:45:15][0m E2E report written: /Users/admin/nixmac-peekaboo-local-e2e/artifacts/computer-use-local/2026-05-06_08-42-25-508Z/e2e-report/macos_customization_save_rollback_smoke/e2e-report.json
[0;34m[01:45:15][0m 
[0;34m[01:45:15][0m Screenshots: /Users/admin/nixmac-peekaboo-local-e2e/artifacts/computer-use-local/2026-05-06_08-42-25-508Z/screenshots
[0;34m[01:45:15][0m Video: /Users/admin/nixmac-peekaboo-local-e2e/artifacts/computer-use-local/2026-05-06_08-42-25-508Z/video/peekaboo-e2e.mp4
[0;34m[01:45:15][0m Log: /Users/admin/nixmac-peekaboo-local-e2e/artifacts/computer-use-local/2026-05-06_08-42-25-508Z/peekaboo-e2e.log
[0;34m[01:45:18][0m Uninstalling Nix...
 INFO nix-installer v3.19.0
 INFO nix-installer v3.19.0
[31m`nix-darwin` installation detected, it must be removed before uninstalling Nix. Please refer to https://github.com/LnL7/nix-darwin#uninstalling for instructions how to uninstall `nix-darwin`.[39m
[0;32m[PASS][0m Nix uninstalled
