
[0;34m[21:12:51][0m === macos-e2e test runner ===
[0;34m[21:12:51][0m Started at Tue May  5 21:12:51 PDT 2026
[0;34m[21:12:51][0m Machine: DXU97120 | macOS 26.2
[0;34m[21:12:51][0m Working directory: /Users/admin/nixmac-peekaboo-local-e2e/tests/e2e
[0;34m[21:13:02][0m Scenario: macos_provider_discard_smoke
[0;34m[21:13:02][0m Starting screen recording: /Users/admin/nixmac-peekaboo-local-e2e/artifacts/computer-use-local/2026-05-06_04-12-50-131Z/video/peekaboo-e2e.mp4
[0;34m[21:13:05][0m Recorder started (PID: 55799)
[0;34m[21:13:05][0m === Phase 1: Prepare provider-backed discard fixture ===
[0;32m[PASS][0m Peekaboo Bridge connected
[0;32m[PASS][0m Peekaboo permissions OK
[1;33m[WARN][0m No ADMIN_PASSWORD set, cannot unlock screen
[0;34m[21:13:07][0m Clearing nixmac app state...
[0;32m[PASS][0m App state cleared
[0;34m[21:13:07][0m Seeded nixmac settings at /Users/admin/Library/Application Support/com.darkmatter.nixmac/settings.json with provider http://127.0.0.1:62007/v1
[0;34m[21:13:07][0m Installed E2E system activation shim at /var/folders/lw/q3m765kd17z3h2g36tw6qk000000gp/T//nixmac-e2e-system-mock-bin.kyzkc7
[0;32m[PASS][0m peekabooProviderFixture: Prepared discard config repo, deterministic HTTP provider, completion logging, and mock rebuild flag
[0;34m[21:13:07][0m === Phase 2: Launch nixmac app for discard proof ===
[0;34m[21:13:07][0m Launching nixmac...
[0;32m[PASS][0m App launched: nixmac
[0;34m[21:13:24][0m Screenshot saved: /Users/admin/nixmac-peekaboo-local-e2e/artifacts/computer-use-local/2026-05-06_04-12-50-131Z/screenshots/01-discard-launched-1778040803.png
[0;32m[PASS][0m peekabooProviderLaunch: App launched for discard proof
[0;34m[21:13:24][0m === Phase 3: Submit descriptor into real prompt for discard proof ===
[0;34m[21:13:27][0m Clicking element elem_33 matching 'evolve-prompt-input|Configuration change descriptor|Describe changes to make to your configuration'
[0;34m[21:13:29][0m Screenshot saved: /Users/admin/nixmac-peekaboo-local-e2e/artifacts/computer-use-local/2026-05-06_04-12-50-131Z/screenshots/02-discard-descriptor-typed-1778040809.png
[0;34m[21:13:30][0m Clicking element elem_37 matching 'evolve-prompt-send|Submit configuration change descriptor|Send'
[0;32m[PASS][0m peekabooProviderTypedIntent: Descriptor submitted for discard proof
[0;34m[21:13:31][0m === Phase 4: Verify provider-driven evolution reaches Review for discard proof ===
[0;34m[21:13:33][0m Screenshot saved: /Users/admin/nixmac-peekaboo-local-e2e/artifacts/computer-use-local/2026-05-06_04-12-50-131Z/screenshots/03-discard-review-provider-evolved-1778040812.png
[0;32m[PASS][0m peekabooProviderReview: Provider calls observed and Review step reached for discard proof
[0;34m[21:13:33][0m === Phase 5: Discard generated provider changes ===
[0;34m[21:13:36][0m Screenshot saved: /Users/admin/nixmac-peekaboo-local-e2e/artifacts/computer-use-local/2026-05-06_04-12-50-131Z/screenshots/04-discard-ready-1778040816.png
[0;34m[21:13:36][0m Clicking query 'Discard'
[0;34m[21:13:47][0m Coordinate fallback click for discard button at 1136,294
[0;34m[21:13:48][0m CGEvent fallback click for discard button at 1136,294
[0;34m[21:14:20][0m Clicking query 'Discard'
[0;34m[21:14:32][0m Coordinate fallback click for discard button retry at 1136,294
[0;34m[21:14:33][0m CGEvent fallback click for discard button retry at 1136,294
[0;34m[21:14:45][0m Discard completed without a confirmation dialog
[0;34m[21:14:45][0m Screenshot saved: /Users/admin/nixmac-peekaboo-local-e2e/artifacts/computer-use-local/2026-05-06_04-12-50-131Z/screenshots/discard-repo-not-clean-1778040885.png
[0;31m[FAIL][0m Config repo was not clean after discard:  M flake.nix
[0;34m[21:14:46][0m Screenshot saved: /Users/admin/nixmac-peekaboo-local-e2e/artifacts/computer-use-local/2026-05-06_04-12-50-131Z/screenshots/failure-1778040885-1778040885.png
[0;34m[21:14:46][0m Stopping recorder (PID: 55799)...
[0;34m[21:15:00][0m Video saved: /Users/admin/nixmac-peekaboo-local-e2e/artifacts/computer-use-local/2026-05-06_04-12-50-131Z/video/peekaboo-e2e.mp4 (660K)
[0;34m[21:15:04][0m Uninstalling Nix...
 INFO nix-installer v3.19.0
 INFO nix-installer v3.19.0
[31m`nix-darwin` installation detected, it must be removed before uninstalling Nix. Please refer to https://github.com/LnL7/nix-darwin#uninstalling for instructions how to uninstall `nix-darwin`.[39m
[0;32m[PASS][0m Nix uninstalled
[0;34m[21:15:05][0m E2E report written: /Users/admin/nixmac-peekaboo-local-e2e/artifacts/computer-use-local/2026-05-06_04-12-50-131Z/e2e-report/macos_provider_discard_smoke/e2e-report.json
