
[0;34m[23:31:53][0m === macos-e2e test runner ===
[0;34m[23:31:53][0m Started at Mon May 11 23:31:53 PDT 2026
[0;34m[23:31:53][0m Machine: DXU97120 | macOS 26.2
[0;34m[23:31:53][0m Working directory: /Users/admin/nixmac-peekaboo-local-e2e/tests/e2e
[0;34m[23:31:54][0m Scenario: macos_homebrew_save_rollback_smoke
[0;34m[23:31:54][0m Starting screen recording: /Users/admin/nixmac-peekaboo-local-e2e/artifacts/computer-use-local/2026-05-12_06-31-51-866Z/video/peekaboo-e2e.mp4
[0;34m[23:31:58][0m Attempted to dismiss Terminal Automation permission prompt
[0;34m[23:32:01][0m Recorder started (PID: 70196)
[0;34m[23:32:01][0m === Phase 1: Prepare Homebrew managed-badge fixture ===
[0;32m[PASS][0m Peekaboo Bridge connected
[0;32m[PASS][0m Peekaboo permissions OK
[1;33m[WARN][0m No ADMIN_PASSWORD set, cannot unlock screen
[0;34m[23:32:03][0m Clearing nixmac app state...
[diagnostic] Captured Peekaboo diagnostics for nixmac (pre-clear): /Users/admin/nixmac-peekaboo-local-e2e/artifacts/computer-use-local/2026-05-12_06-31-51-866Z/diagnostics/20260512T063203Z-nixmac-pre-clear-*
[0;32m[PASS][0m App state cleared
[0;34m[23:32:06][0m Seeded nixmac settings at /Users/admin/Library/Application Support/com.darkmatter.nixmac/settings.json with provider http://127.0.0.1:50556/v1
[0;34m[23:32:06][0m Seeded nixmac E2E runtime at /Users/admin/Library/Application Support/com.darkmatter.nixmac/e2e-runtime.json (expires 2026-05-12 00:02:06)
[0;34m[23:32:06][0m Installed E2E system activation shim at /var/folders/lw/q3m765kd17z3h2g36tw6qk000000gp/T//nixmac-e2e-system-mock-bin.ACzbaR
[0;32m[PASS][0m peekabooProviderFixture: Prepared Homebrew managed-badge fixture, deterministic HTTP provider, completion logging, and mock rebuild flag
[0;34m[23:32:06][0m === Phase 2: Launch nixmac for Untracked Homebrew items proof ===
[0;34m[23:32:06][0m Launching nixmac...
[0;32m[PASS][0m App launched: nixmac
[1;33m[WARN][0m Timed out restoring active app nixmac
[diagnostic] Captured Peekaboo diagnostics for nixmac (ready-shell-timeout): /Users/admin/nixmac-peekaboo-local-e2e/artifacts/computer-use-local/2026-05-12_06-31-51-866Z/diagnostics/20260512T063320Z-nixmac-ready-shell-timeout-*
[0;31m[FAIL][0m App shell did not expose prompt for Untracked Homebrew items proof with visible screenshot signal
[0;34m[23:33:22][0m Screenshot saved: /Users/admin/nixmac-peekaboo-local-e2e/artifacts/computer-use-local/2026-05-12_06-31-51-866Z/screenshots/failure-1778567602-1778567602.png
[0;34m[23:33:23][0m Stopping recorder (PID: 70196)...
[0;34m[23:33:27][0m Video saved: /Users/admin/nixmac-peekaboo-local-e2e/artifacts/computer-use-local/2026-05-12_06-31-51-866Z/video/peekaboo-e2e.mp4 (444K)
[0;34m[23:33:31][0m Uninstalling Nix...
 INFO nix-installer v3.19.0
 INFO nix-installer v3.19.0
[31m`nix-darwin` installation detected, it must be removed before uninstalling Nix. Please refer to https://github.com/LnL7/nix-darwin#uninstalling for instructions how to uninstall `nix-darwin`.[39m
[0;32m[PASS][0m Nix uninstalled
[0;34m[23:33:32][0m E2E report written: /Users/admin/nixmac-peekaboo-local-e2e/artifacts/computer-use-local/2026-05-12_06-31-51-866Z/e2e-report/macos_homebrew_save_rollback_smoke/e2e-report.json
