
[0;34m[22:25:23][0m === macos-e2e test runner ===
[0;34m[22:25:23][0m Started at Tue May  5 22:25:23 PDT 2026
[0;34m[22:25:23][0m Machine: DXU97120 | macOS 26.2
[0;34m[22:25:23][0m Working directory: /Users/admin/nixmac-peekaboo-local-e2e/tests/e2e
[0;34m[22:25:35][0m Scenario: macos_support_dialogs_smoke
[0;34m[22:25:35][0m Starting screen recording: /Users/admin/nixmac-peekaboo-local-e2e/artifacts/computer-use-local/2026-05-06_05-25-22-096Z/video/peekaboo-e2e.mp4
[0;34m[22:25:38][0m Recorder started (PID: 17067)
[0;34m[22:25:38][0m === Phase 1: Prepare support dialog fixture ===
[0;32m[PASS][0m Peekaboo Bridge connected
[0;32m[PASS][0m Peekaboo permissions OK
[1;33m[WARN][0m No ADMIN_PASSWORD set, cannot unlock screen
[0;34m[22:25:39][0m Clearing nixmac app state...
[0;32m[PASS][0m App state cleared
[0;34m[22:25:39][0m Seeded nixmac settings at /Users/admin/Library/Application Support/com.darkmatter.nixmac/settings.json
[0;32m[PASS][0m peekabooCoreFixture: Prepared deterministic config and local provider-validation settings
[0;34m[22:25:39][0m === Phase 2: Launch nixmac app ===
[0;34m[22:25:39][0m Launching nixmac...
[0;32m[PASS][0m App launched: nixmac
[0;34m[22:25:56][0m Screenshot saved: /Users/admin/nixmac-peekaboo-local-e2e/artifacts/computer-use-local/2026-05-06_05-25-22-096Z/screenshots/01-support-launch-1778045156.png
[0;32m[PASS][0m peekabooCoreLaunch: App shell rendered before support dialog proof
[0;34m[22:25:56][0m === Phase 3: Prove Report Issue dialog ===
[0;34m[22:25:57][0m Clicking element id=elem_46 role=button identifier= label=Report Issue title=Report Issue value= desc= bounds=none matching 'Report Issue'
[0;34m[22:25:57][0m Candidate for 'Report Issue': score=10 match=label id=elem_46 role=button identifier= label=Report Issue title=Report Issue bounds=none
[0;34m[22:25:58][0m Redacted text snapshot saved: /Users/admin/nixmac-peekaboo-local-e2e/artifacts/computer-use-local/2026-05-06_05-25-22-096Z/diagnostics/text/report-issue-text.txt
[0;34m[22:25:59][0m Redacted text snapshot saved: /Users/admin/nixmac-peekaboo-local-e2e/artifacts/computer-use-local/2026-05-06_05-25-22-096Z/diagnostics/text/report-issue-text.txt
[0;34m[22:25:59][0m Screenshot saved: /Users/admin/nixmac-peekaboo-local-e2e/artifacts/computer-use-local/2026-05-06_05-25-22-096Z/screenshots/02-report-issue-1778045159.png
[0;34m[22:26:00][0m Clicking element id=elem_38 role=button identifier= label=Cancel title=Cancel value= desc= bounds=none matching '^Cancel$'
[0;34m[22:26:00][0m Candidate for '^Cancel$': score=10 match=label id=elem_38 role=button identifier= label=Cancel title=Cancel bounds=none
[0;32m[PASS][0m peekabooCoreReportIssue: Report Issue dialog opened and was cancelled without submission
[0;34m[22:26:02][0m === Phase 4: Prove Feedback dialog ===
[0;34m[22:26:03][0m Clicking element id=elem_9 role=button identifier= label=Give feedback title=Give feedback value= desc=Give feedback bounds=none matching '^Give feedback$|Give feedback'
[0;34m[22:26:03][0m Candidate for '^Give feedback$|Give feedback': score=10 match=label id=elem_9 role=button identifier= label=Give feedback title=Give feedback bounds=none
[0;34m[22:26:05][0m Redacted text snapshot saved: /Users/admin/nixmac-peekaboo-local-e2e/artifacts/computer-use-local/2026-05-06_05-25-22-096Z/diagnostics/text/feedback-text.txt
[0;34m[22:26:15][0m Coordinate fallback click for Give feedback header button retry at 1308,141
[0;34m[22:26:17][0m Redacted text snapshot saved: /Users/admin/nixmac-peekaboo-local-e2e/artifacts/computer-use-local/2026-05-06_05-25-22-096Z/diagnostics/text/feedback-text.txt
[0;34m[22:26:17][0m Screenshot saved: /Users/admin/nixmac-peekaboo-local-e2e/artifacts/computer-use-local/2026-05-06_05-25-22-096Z/screenshots/03-feedback-1778045177.png
[0;34m[22:26:18][0m Clicking element id=elem_50 role=button identifier= label=Cancel title=Cancel value= desc= bounds=none matching '^Cancel$'
[0;34m[22:26:18][0m Candidate for '^Cancel$': score=10 match=label id=elem_50 role=button identifier= label=Cancel title=Cancel bounds=none
[0;32m[PASS][0m peekabooCoreFeedback: Feedback dialog opened and was cancelled without submission
[0;34m[22:26:20][0m Stopping recorder (PID: 17067)...
[0;34m[22:26:35][0m Video saved: /Users/admin/nixmac-peekaboo-local-e2e/artifacts/computer-use-local/2026-05-06_05-25-22-096Z/video/peekaboo-e2e.mp4 (400K)
[0;34m[22:26:35][0m ==========================================
[0;34m[22:26:35][0m   Test Results
[0;34m[22:26:35][0m ==========================================
  [0;32m✅[0m Phase 1: peekabooCoreFixture: Prepared deterministic config and local provider-validation settings
  [0;32m✅[0m Phase 2: peekabooCoreLaunch: App shell rendered before support dialog proof
  [0;32m✅[0m Phase 3: peekabooCoreReportIssue: Report Issue dialog opened and was cancelled without submission
  [0;32m✅[0m Phase 4: peekabooCoreFeedback: Feedback dialog opened and was cancelled without submission

  [0;32mAll 8 checks passed[0m
[0;34m[22:26:35][0m ==========================================
[0;34m[22:26:35][0m E2E report written: /Users/admin/nixmac-peekaboo-local-e2e/artifacts/computer-use-local/2026-05-06_05-25-22-096Z/e2e-report/macos_support_dialogs_smoke/e2e-report.json
[0;34m[22:26:35][0m 
[0;34m[22:26:35][0m Screenshots: /Users/admin/nixmac-peekaboo-local-e2e/artifacts/computer-use-local/2026-05-06_05-25-22-096Z/screenshots
[0;34m[22:26:35][0m Video: /Users/admin/nixmac-peekaboo-local-e2e/artifacts/computer-use-local/2026-05-06_05-25-22-096Z/video/peekaboo-e2e.mp4
[0;34m[22:26:35][0m Log: /Users/admin/nixmac-peekaboo-local-e2e/artifacts/computer-use-local/2026-05-06_05-25-22-096Z/peekaboo-e2e.log
[0;34m[22:26:39][0m Uninstalling Nix...
 INFO nix-installer v3.19.0
 INFO nix-installer v3.19.0
[31m`nix-darwin` installation detected, it must be removed before uninstalling Nix. Please refer to https://github.com/LnL7/nix-darwin#uninstalling for instructions how to uninstall `nix-darwin`.[39m
[0;32m[PASS][0m Nix uninstalled
