
[0;34m[20:29:04][0m === macos-e2e test runner ===
[0;34m[20:29:04][0m Started at Tue May  5 20:29:04 PDT 2026
[0;34m[20:29:04][0m Machine: DXU97120 | macOS 26.2
[0;34m[20:29:04][0m Working directory: /Users/admin/nixmac-peekaboo-local-e2e/tests/e2e
[0;34m[20:29:13][0m Scenario: macos_homebrew_save_rollback_smoke
[0;34m[20:29:13][0m Starting screen recording: /Users/admin/nixmac-peekaboo-local-e2e/artifacts/computer-use-local/2026-05-06_03-29-02-985Z/video/peekaboo-e2e.mp4
[0;34m[20:29:17][0m Recorder started (PID: 90710)
[0;34m[20:29:17][0m === Phase 1: Prepare Homebrew managed-badge fixture ===
[0;32m[PASS][0m Peekaboo Bridge connected
[0;32m[PASS][0m Peekaboo permissions OK
[1;33m[WARN][0m No ADMIN_PASSWORD set, cannot unlock screen
[0;34m[20:29:19][0m Clearing nixmac app state...
[0;32m[PASS][0m App state cleared
[0;34m[20:29:19][0m Seeded nixmac settings at /Users/admin/Library/Application Support/com.darkmatter.nixmac/settings.json with provider http://127.0.0.1:61893/v1
[0;34m[20:29:19][0m Installed E2E system activation shim at /var/folders/lw/q3m765kd17z3h2g36tw6qk000000gp/T//nixmac-e2e-system-mock-bin.Auk9hT
[0;32m[PASS][0m peekabooProviderFixture: Prepared Homebrew managed-badge fixture, deterministic HTTP provider, completion logging, and mock rebuild flag
[0;34m[20:29:19][0m === Phase 2: Launch nixmac for Untracked Homebrew items proof ===
[0;34m[20:29:19][0m Launching nixmac...
[0;32m[PASS][0m App launched: nixmac
[0;34m[20:29:37][0m Screenshot saved: /Users/admin/nixmac-peekaboo-local-e2e/artifacts/computer-use-local/2026-05-06_03-29-02-985Z/screenshots/01-homebrew-launched-1778038177.png
[0;32m[PASS][0m peekabooProviderLaunch: App launched for Untracked Homebrew items proof
[0;34m[20:29:40][0m === Phase 3: Apply Untracked Homebrew items to config ===
[0;34m[20:29:40][0m Clicking element elem_42 matching '[0-9]+ untracked Homebrew'
[0;34m[20:29:43][0m Screenshot saved: /Users/admin/nixmac-peekaboo-local-e2e/artifacts/computer-use-local/2026-05-06_03-29-02-985Z/screenshots/02-homebrew-popover-1778038182.png
[0;34m[20:29:45][0m Untracked Homebrew items Add to config was already accepted and is applying
[0;34m[20:29:49][0m Screenshot saved: /Users/admin/nixmac-peekaboo-local-e2e/artifacts/computer-use-local/2026-05-06_03-29-02-985Z/screenshots/03-homebrew-review-1778038188.png
[0;34m[20:29:49][0m === Phase 4: Build and Test Untracked Homebrew items managed change ===
[0;34m[20:29:49][0m Clicking element elem_32 matching 'Build & Test'
[0;34m[20:30:05][0m No build confirmation prompt observed
[0;34m[20:30:06][0m Screenshot saved: /Users/admin/nixmac-peekaboo-local-e2e/artifacts/computer-use-local/2026-05-06_03-29-02-985Z/screenshots/04-homebrew-save-step-after-build-1778038206.png
[0;32m[PASS][0m peekabooProviderBuildBoundary: Build & Test advanced to Save step for Untracked Homebrew items
[0;34m[20:30:06][0m === Phase 5: Commit Untracked Homebrew items managed change ===
[0;34m[20:30:06][0m Using deterministic commit message for homebrew managed-badge change
[0;34m[20:30:07][0m Clicking element elem_58 matching 'commitMsg|Loading|Commit message|Commit Changes'
[0;34m[20:30:09][0m Clicking element elem_59 matching 'Commit( Changes)?'
[0;34m[20:30:12][0m Screenshot saved: /Users/admin/nixmac-peekaboo-local-e2e/artifacts/computer-use-local/2026-05-06_03-29-02-985Z/screenshots/05-homebrew-returned-to-describe-1778038211.png
[0;32m[PASS][0m peekabooProviderSaveFlow: Untracked Homebrew items Save step committed changes and returned to Describe
[0;34m[20:30:12][0m === Phase 6: Restore Untracked Homebrew items baseline from History ===
[0;34m[20:30:12][0m Clicking element elem_8 matching 'History'
[0;34m[20:30:16][0m Screenshot saved: /Users/admin/nixmac-peekaboo-local-e2e/artifacts/computer-use-local/2026-05-06_03-29-02-985Z/screenshots/06-history-before-restore-1778038215.png
[0;34m[20:30:16][0m Clicking element elem_35 matching '^Restore$|Restore'
[0;34m[20:30:19][0m Screenshot saved: /Users/admin/nixmac-peekaboo-local-e2e/artifacts/computer-use-local/2026-05-06_03-29-02-985Z/screenshots/07-history-restore-preview-1778038218.png
[0;34m[20:30:19][0m Clicking element elem_22 matching 'Confirm Restore|confirm Restore'
[0;34m[20:30:22][0m Coordinate fallback click for history confirm restore retry at 1148,307
[0;34m[20:30:23][0m Screenshot saved: /Users/admin/nixmac-peekaboo-local-e2e/artifacts/computer-use-local/2026-05-06_03-29-02-985Z/screenshots/08-after-history-restore-1778038222.png
[0;34m[20:30:23][0m history restore complete: HEAD=1a1e3ed
[0;34m[20:30:23][0m history restore complete: latest=feat(e2e): import untracked homebrew items
[0;34m[20:30:23][0m history restore complete: status=
[0;34m[20:30:23][0m history restore complete: baseline-diff=.nixmac/default.nix,.nixmac/homebrew/data.json,.nixmac/homebrew/default.nix,.nixmac/homebrew/meta.json,flake.nix
[0;34m[20:30:23][0m history restore complete: ripgrep absent from flake.nix
[0;34m[20:31:08][0m homebrew managed restore unresolved: HEAD=1a1e3ed
[0;34m[20:31:08][0m homebrew managed restore unresolved: latest=feat(e2e): import untracked homebrew items
[0;34m[20:31:08][0m homebrew managed restore unresolved: status=
[0;34m[20:31:08][0m homebrew managed restore unresolved: baseline-diff=.nixmac/default.nix,.nixmac/homebrew/data.json,.nixmac/homebrew/default.nix,.nixmac/homebrew/meta.json,flake.nix
[0;34m[20:31:08][0m homebrew managed restore unresolved: ripgrep absent from flake.nix
[0;31m[FAIL][0m Untracked Homebrew items History restore did not return disposable config repo to baseline
[0;34m[20:31:10][0m Screenshot saved: /Users/admin/nixmac-peekaboo-local-e2e/artifacts/computer-use-local/2026-05-06_03-29-02-985Z/screenshots/failure-1778038268-1778038268.png
[0;34m[20:31:10][0m Stopping recorder (PID: 90710)...
[0;34m[20:31:22][0m Video saved: /Users/admin/nixmac-peekaboo-local-e2e/artifacts/computer-use-local/2026-05-06_03-29-02-985Z/video/peekaboo-e2e.mp4 (740K)
[0;34m[20:31:26][0m Uninstalling Nix...
 INFO nix-installer v3.19.0
 INFO nix-installer v3.19.0
[31m`nix-darwin` installation detected, it must be removed before uninstalling Nix. Please refer to https://github.com/LnL7/nix-darwin#uninstalling for instructions how to uninstall `nix-darwin`.[39m
[0;32m[PASS][0m Nix uninstalled
[0;34m[20:31:27][0m E2E report written: /Users/admin/nixmac-peekaboo-local-e2e/artifacts/computer-use-local/2026-05-06_03-29-02-985Z/e2e-report/macos_homebrew_save_rollback_smoke/e2e-report.json
