
[0;34m[23:29:26][0m === macos-e2e test runner ===
[0;34m[23:29:26][0m Started at Tue May  5 23:29:26 PDT 2026
[0;34m[23:29:26][0m Machine: DXU97120 | macOS 26.2
[0;34m[23:29:26][0m Working directory: /Users/admin/nixmac-peekaboo-local-e2e/tests/e2e
[0;34m[23:29:39][0m Scenario: macos_provider_discard_smoke
[0;34m[23:29:39][0m Starting screen recording: /Users/admin/nixmac-peekaboo-local-e2e/artifacts/computer-use-local/2026-05-06_06-29-24-604Z/video/peekaboo-e2e.mp4
[0;34m[23:29:42][0m Recorder started (PID: 76239)
[0;34m[23:29:42][0m === Phase 1: Prepare provider-backed discard fixture ===
[0;32m[PASS][0m Peekaboo Bridge connected
[0;32m[PASS][0m Peekaboo permissions OK
[1;33m[WARN][0m No ADMIN_PASSWORD set, cannot unlock screen
[0;34m[23:29:44][0m Clearing nixmac app state...
[0;32m[PASS][0m App state cleared
[0;34m[23:29:44][0m Seeded nixmac settings at /Users/admin/Library/Application Support/com.darkmatter.nixmac/settings.json with provider http://127.0.0.1:62232/v1
[0;34m[23:29:44][0m Installed E2E system activation shim at /var/folders/lw/q3m765kd17z3h2g36tw6qk000000gp/T//nixmac-e2e-system-mock-bin.UEOzP4
[0;32m[PASS][0m peekabooProviderFixture: Prepared discard config repo, deterministic HTTP provider, completion logging, and mock rebuild flag
[0;34m[23:29:44][0m === Phase 2: Launch nixmac app for discard proof ===
[0;34m[23:29:44][0m Launching nixmac...
[0;32m[PASS][0m App launched: nixmac
[0;34m[23:29:59][0m Screenshot saved: /Users/admin/nixmac-peekaboo-local-e2e/artifacts/computer-use-local/2026-05-06_06-29-24-604Z/screenshots/01-discard-launched-1778048998.png
[0;32m[PASS][0m peekabooProviderLaunch: App launched for discard proof
[0;34m[23:29:59][0m === Phase 3: Submit descriptor into real prompt for discard proof ===
[0;34m[23:30:03][0m Clicking element id=elem_33 role=textField identifier= label=Describe changes to make to your configuration. title= value= desc= bounds=none matching 'evolve-prompt-input|Configuration change descriptor|Describe changes to make to your configuration'
[0;34m[23:30:03][0m Candidate for 'evolve-prompt-input|Configuration change descriptor|Describe changes to make to your configuration': score=10 match=label id=elem_33 role=textField identifier= label=Describe changes to make to your configuration. title= bounds=none
[0;31m[FAIL][0m Typed descriptor was not visible in the prompt input
[0;34m[23:30:26][0m Screenshot saved: /Users/admin/nixmac-peekaboo-local-e2e/artifacts/computer-use-local/2026-05-06_06-29-24-604Z/screenshots/failure-1778049026-1778049026.png
[0;34m[23:30:26][0m Stopping recorder (PID: 76239)...
[0;34m[23:30:43][0m Video saved: /Users/admin/nixmac-peekaboo-local-e2e/artifacts/computer-use-local/2026-05-06_06-29-24-604Z/video/peekaboo-e2e.mp4 (324K)
[0;34m[23:30:46][0m Uninstalling Nix...
 INFO nix-installer v3.19.0
 INFO nix-installer v3.19.0
[31m`nix-darwin` installation detected, it must be removed before uninstalling Nix. Please refer to https://github.com/LnL7/nix-darwin#uninstalling for instructions how to uninstall `nix-darwin`.[39m
[0;32m[PASS][0m Nix uninstalled
[0;34m[23:30:47][0m E2E report written: /Users/admin/nixmac-peekaboo-local-e2e/artifacts/computer-use-local/2026-05-06_06-29-24-604Z/e2e-report/macos_provider_discard_smoke/e2e-report.json
