
[0;34m[23:26:54][0m === macos-e2e test runner ===
[0;34m[23:26:54][0m Started at Tue May  5 23:26:54 PDT 2026
[0;34m[23:26:54][0m Machine: DXU97120 | macOS 26.2
[0;34m[23:26:54][0m Working directory: /Users/admin/nixmac-peekaboo-local-e2e/tests/e2e
[0;34m[23:27:06][0m Scenario: macos_provider_evolve_full_smoke
[0;34m[23:27:06][0m Starting screen recording: /Users/admin/nixmac-peekaboo-local-e2e/artifacts/computer-use-local/2026-05-06_06-26-52-460Z/video/peekaboo-e2e.mp4
[0;34m[23:27:10][0m Recorder started (PID: 71201)
[0;34m[23:27:10][0m === Phase 1: Prepare provider-backed macOS fixture ===
[0;32m[PASS][0m Peekaboo Bridge connected
[0;32m[PASS][0m Peekaboo permissions OK
[1;33m[WARN][0m No ADMIN_PASSWORD set, cannot unlock screen
[0;34m[23:27:12][0m Clearing nixmac app state...
[0;32m[PASS][0m App state cleared
[0;34m[23:27:12][0m Seeded nixmac settings at /Users/admin/Library/Application Support/com.darkmatter.nixmac/settings.json with provider http://127.0.0.1:62222/v1
[0;34m[23:27:12][0m Installed E2E system activation shim at /var/folders/lw/q3m765kd17z3h2g36tw6qk000000gp/T//nixmac-e2e-system-mock-bin.XO8M2e
[0;32m[PASS][0m peekabooProviderFixture: Prepared config repo, deterministic HTTP provider, completion logging, and mock rebuild flag
[0;34m[23:27:12][0m === Phase 2: Launch nixmac app ===
[0;34m[23:27:12][0m Launching nixmac...
[0;32m[PASS][0m App launched: nixmac
[0;34m[23:27:28][0m Screenshot saved: /Users/admin/nixmac-peekaboo-local-e2e/artifacts/computer-use-local/2026-05-06_06-26-52-460Z/screenshots/01-launched-1778048847.png
[0;32m[PASS][0m peekabooProviderLaunch: App launched
[0;34m[23:27:28][0m === Phase 3: Submit descriptor into real prompt ===
[0;34m[23:27:31][0m Clicking element id=elem_33 role=textField identifier= label=Describe changes to make to your configuration. title= value= desc= bounds=none matching 'evolve-prompt-input|Configuration change descriptor|Describe changes to make to your configuration'
[0;34m[23:27:31][0m Candidate for 'evolve-prompt-input|Configuration change descriptor|Describe changes to make to your configuration': score=10 match=label id=elem_33 role=textField identifier= label=Describe changes to make to your configuration. title= bounds=none
[0;34m[23:27:34][0m Screenshot saved: /Users/admin/nixmac-peekaboo-local-e2e/artifacts/computer-use-local/2026-05-06_06-26-52-460Z/screenshots/02-descriptor-typed-1778048853.png
[0;34m[23:27:34][0m Clicking element id=elem_37 role=button identifier= label=Send title=Send value= desc= bounds=none matching 'evolve-prompt-send|Submit configuration change descriptor|Send'
[0;34m[23:27:34][0m Candidate for 'evolve-prompt-send|Submit configuration change descriptor|Send': score=10 match=label id=elem_37 role=button identifier= label=Send title=Send bounds=none
[0;32m[PASS][0m peekabooProviderTypedIntent: Descriptor submitted
[0;34m[23:27:35][0m === Phase 4: Verify provider-driven evolution reaches Review ===
[0;34m[23:27:37][0m Screenshot saved: /Users/admin/nixmac-peekaboo-local-e2e/artifacts/computer-use-local/2026-05-06_06-26-52-460Z/screenshots/03-review-provider-evolved-1778048856.png
[0;32m[PASS][0m peekabooProviderReview: Provider calls observed and Review step reached
[0;34m[23:27:37][0m === Phase 5: Build and Test through mocked macOS activation ===
[0;34m[23:27:40][0m Clicking element id=elem_32 role=button identifier= label=Build & Test title=Build & Test value= desc= bounds=none matching 'Build & Test'
[0;34m[23:27:40][0m Candidate for 'Build & Test': score=10 match=label id=elem_32 role=button identifier= label=Build & Test title=Build & Test bounds=none
[0;34m[23:27:57][0m No build confirmation prompt observed
[0;34m[23:27:58][0m Screenshot saved: /Users/admin/nixmac-peekaboo-local-e2e/artifacts/computer-use-local/2026-05-06_06-26-52-460Z/screenshots/04-save-step-after-build-1778048877.png
[0;32m[PASS][0m peekabooProviderBuildBoundary: Build & Test advanced to Save step using explicit E2E mock activation
[0;34m[23:27:58][0m === Phase 6: Commit saved changes ===
[0;34m[23:28:14][0m Commit-message suggestion was not available; using deterministic manual commit text
[0;34m[23:28:15][0m Screenshot saved: /Users/admin/nixmac-peekaboo-local-e2e/artifacts/computer-use-local/2026-05-06_06-26-52-460Z/screenshots/commit-message-manual-fallback-1778048894.png
[0;34m[23:28:15][0m Clicking element id=elem_46 role=textField identifier= label=Loading... title= value= desc= bounds=none matching 'commitMsg|Loading|Commit message|Commit Changes'
[0;34m[23:28:15][0m Candidate for 'commitMsg|Loading|Commit message|Commit Changes': score=10 match=label id=elem_46 role=textField identifier= label=Loading... title= bounds=none
[0;34m[23:28:17][0m Clicking element id=elem_47 role=button identifier= label=Commit title=Commit value= desc= bounds=none matching 'Commit( Changes)?'
[0;34m[23:28:17][0m Candidate for 'Commit( Changes)?': score=10 match=label id=elem_47 role=button identifier= label=Commit title=Commit bounds=none
[0;34m[23:28:19][0m Screenshot saved: /Users/admin/nixmac-peekaboo-local-e2e/artifacts/computer-use-local/2026-05-06_06-26-52-460Z/screenshots/05-returned-to-describe-1778048899.png
[0;32m[PASS][0m peekabooProviderSaveFlow: Save step committed changes and returned to Describe
[0;34m[23:28:19][0m === Phase 7: Restore baseline from History ===
[0;34m[23:28:19][0m Clicking element id=elem_8 role=button identifier= label=History title=History value= desc=History bounds=none matching '^History( |\(|$)'
[0;34m[23:28:19][0m Candidate for '^History( |\(|$)': score=10 match=label id=elem_8 role=button identifier= label=History title=History bounds=none
[0;34m[23:28:22][0m Screenshot saved: /Users/admin/nixmac-peekaboo-local-e2e/artifacts/computer-use-local/2026-05-06_06-26-52-460Z/screenshots/06-history-before-restore-1778048902.png
[0;34m[23:28:23][0m Clicking element id=elem_31 role=button identifier= label=Restore title=Restore value= desc= bounds=none matching '^Restore$'
[0;34m[23:28:23][0m Candidate for '^Restore$': score=10 match=label id=elem_31 role=button identifier= label=Restore title=Restore bounds=none
[0;34m[23:28:25][0m Screenshot saved: /Users/admin/nixmac-peekaboo-local-e2e/artifacts/computer-use-local/2026-05-06_06-26-52-460Z/screenshots/07-history-restore-preview-1778048905.png
[0;34m[23:28:26][0m Clicking element id=elem_22 role=button identifier= label=Confirm Restore title=Confirm Restore value= desc= bounds=none matching 'history-confirm-restore-button|^Confirm Restore$'
[0;34m[23:28:26][0m Candidate for 'history-confirm-restore-button|^Confirm Restore$': score=10 match=label id=elem_22 role=button identifier= label=Confirm Restore title=Confirm Restore bounds=none
[0;34m[23:28:27][0m Candidate for 'history-confirm-restore-button|^Confirm Restore$': score=10 match=label id=elem_22 role=button identifier= label=Confirm Restore title=Confirm Restore bounds=none
[0;34m[23:28:28][0m Clicking query 'Confirm Restore'
[0;34m[23:28:29][0m Click query 'Confirm Restore' output: Error: The operation couldn’t be completed. (PeekabooBridge.PeekabooBridgeErrorEnvelope error 1.)
[0;34m[23:28:29][0m Coordinate fallback click for history confirm restore at 1148,307
[0;34m[23:28:30][0m CGEvent fallback click for history confirm restore at 1148,307
[0;34m[23:28:33][0m Confirm Restore still visible after attempt 1; retrying
[0;34m[23:28:33][0m Clicking element id=elem_22 role=button identifier= label=Confirm Restore title=Confirm Restore value= desc= bounds=none matching 'history-confirm-restore-button|^Confirm Restore$'
[0;34m[23:28:33][0m Candidate for 'history-confirm-restore-button|^Confirm Restore$': score=10 match=label id=elem_22 role=button identifier= label=Confirm Restore title=Confirm Restore bounds=none
[0;34m[23:28:34][0m Candidate for 'history-confirm-restore-button|^Confirm Restore$': score=10 match=label id=elem_22 role=button identifier= label=Confirm Restore title=Confirm Restore bounds=none
[0;34m[23:28:36][0m Clicking query 'Confirm Restore'
[0;34m[23:28:37][0m Click query 'Confirm Restore' output: Error: The operation couldn’t be completed. (PeekabooBridge.PeekabooBridgeErrorEnvelope error 1.)
[0;34m[23:28:37][0m Coordinate fallback click for history confirm restore at 1148,307
[0;34m[23:28:38][0m CGEvent fallback click for history confirm restore at 1148,307
[0;34m[23:28:40][0m Confirm Restore still visible after attempt 2; retrying
[0;34m[23:28:40][0m Clicking element id=elem_22 role=button identifier= label=Confirm Restore title=Confirm Restore value= desc= bounds=none matching 'history-confirm-restore-button|^Confirm Restore$'
[0;34m[23:28:40][0m Candidate for 'history-confirm-restore-button|^Confirm Restore$': score=10 match=label id=elem_22 role=button identifier= label=Confirm Restore title=Confirm Restore bounds=none
[0;34m[23:28:41][0m Candidate for 'history-confirm-restore-button|^Confirm Restore$': score=10 match=label id=elem_22 role=button identifier= label=Confirm Restore title=Confirm Restore bounds=none
[0;34m[23:28:43][0m Clicking query 'Confirm Restore'
[0;34m[23:28:43][0m Click query 'Confirm Restore' output: Error: The operation couldn’t be completed. (PeekabooBridge.PeekabooBridgeErrorEnvelope error 1.)
[0;34m[23:28:44][0m Coordinate fallback click for history confirm restore at 1148,307
[0;34m[23:28:44][0m CGEvent fallback click for history confirm restore at 1148,307
[0;34m[23:28:47][0m Confirm Restore still visible after attempt 3; retrying
[0;34m[23:28:47][0m Screenshot saved: /Users/admin/nixmac-peekaboo-local-e2e/artifacts/computer-use-local/2026-05-06_06-26-52-460Z/screenshots/history-restore-failed-1778048927.png
[0;31m[FAIL][0m History restore did not return the disposable config repo to baseline
[0;34m[23:28:47][0m Screenshot saved: /Users/admin/nixmac-peekaboo-local-e2e/artifacts/computer-use-local/2026-05-06_06-26-52-460Z/screenshots/failure-1778048927-1778048927.png
[0;34m[23:28:47][0m Stopping recorder (PID: 71201)...
[0;34m[23:29:04][0m Video saved: /Users/admin/nixmac-peekaboo-local-e2e/artifacts/computer-use-local/2026-05-06_06-26-52-460Z/video/peekaboo-e2e.mp4 (664K)
[0;34m[23:29:07][0m Uninstalling Nix...
 INFO nix-installer v3.19.0
 INFO nix-installer v3.19.0
[31m`nix-darwin` installation detected, it must be removed before uninstalling Nix. Please refer to https://github.com/LnL7/nix-darwin#uninstalling for instructions how to uninstall `nix-darwin`.[39m
[0;32m[PASS][0m Nix uninstalled
[0;34m[23:29:09][0m E2E report written: /Users/admin/nixmac-peekaboo-local-e2e/artifacts/computer-use-local/2026-05-06_06-26-52-460Z/e2e-report/macos_provider_evolve_full_smoke/e2e-report.json
