
[0;34m[16:27:31][0m === macos-e2e test runner ===
[0;34m[16:27:31][0m Started at Tue May  5 16:27:31 PDT 2026
[0;34m[16:27:31][0m Machine: DXU97120 | macOS 26.2
[0;34m[16:27:31][0m Working directory: /Users/admin/nixmac-peekaboo-local-e2e/tests/e2e
[0;34m[16:27:36][0m Scenario: macos_provider_discard_smoke
[0;34m[16:27:36][0m Starting screen recording: /Users/admin/nixmac-peekaboo-local-e2e/artifacts/computer-use-local/2026-05-05_23-27-29-760Z/video/peekaboo-e2e.mp4
[0;34m[16:27:40][0m Recorder started (PID: 85908)
[0;34m[16:27:40][0m === Phase 1: Prepare provider-backed discard fixture ===
[0;32m[PASS][0m Peekaboo Bridge connected
[0;32m[PASS][0m Peekaboo permissions OK
[1;33m[WARN][0m No ADMIN_PASSWORD set, cannot unlock screen
[0;34m[16:27:42][0m Clearing nixmac app state...
[0;32m[PASS][0m App state cleared
[0;34m[16:27:42][0m Seeded nixmac settings at /Users/admin/Library/Application Support/com.darkmatter.nixmac/settings.json with provider http://127.0.0.1:61437/v1
[0;34m[16:27:42][0m Installed E2E system activation shim at /var/folders/lw/q3m765kd17z3h2g36tw6qk000000gp/T//nixmac-e2e-system-mock-bin.xDmsVN
[0;32m[PASS][0m peekabooProviderFixture: Prepared discard config repo, deterministic HTTP provider, completion logging, and mock rebuild flag
[0;34m[16:27:42][0m === Phase 2: Launch nixmac app for discard proof ===
[0;34m[16:27:42][0m Launching nixmac...
[0;32m[PASS][0m App launched: nixmac
[diagnostic] Captured Peekaboo diagnostics for nixmac (empty-app-scope): /Users/admin/nixmac-peekaboo-local-e2e/artifacts/computer-use-local/2026-05-05_23-27-29-760Z/diagnostics/20260505T232755Z-nixmac-empty-app-scope-*
[0;34m[16:28:00][0m Screenshot saved: /Users/admin/nixmac-peekaboo-local-e2e/artifacts/computer-use-local/2026-05-05_23-27-29-760Z/screenshots/01-discard-launched-1778023680.png
[0;32m[PASS][0m peekabooProviderLaunch: App launched for discard proof
[0;34m[16:28:00][0m === Phase 3: Submit descriptor into real prompt for discard proof ===
[0;34m[16:28:02][0m Clicking element elem_33 matching 'evolve-prompt-input|Configuration change descriptor|Describe changes to make to your configuration'
[0;34m[16:28:05][0m Screenshot saved: /Users/admin/nixmac-peekaboo-local-e2e/artifacts/computer-use-local/2026-05-05_23-27-29-760Z/screenshots/02-discard-descriptor-typed-1778023684.png
[0;34m[16:28:05][0m Clicking element elem_37 matching 'evolve-prompt-send|Submit configuration change descriptor|Send'
[0;32m[PASS][0m peekabooProviderTypedIntent: Descriptor submitted for discard proof
[0;34m[16:28:06][0m === Phase 4: Verify provider-driven evolution reaches Review for discard proof ===
[0;34m[16:28:08][0m Screenshot saved: /Users/admin/nixmac-peekaboo-local-e2e/artifacts/computer-use-local/2026-05-05_23-27-29-760Z/screenshots/03-discard-review-provider-evolved-1778023687.png
[0;32m[PASS][0m peekabooProviderReview: Provider calls observed and Review step reached for discard proof
[0;34m[16:28:08][0m === Phase 5: Discard generated provider changes ===
[0;34m[16:28:12][0m Screenshot saved: /Users/admin/nixmac-peekaboo-local-e2e/artifacts/computer-use-local/2026-05-05_23-27-29-760Z/screenshots/04-discard-ready-1778023691.png
[0;34m[16:28:22][0m Coordinate fallback click for discard button at 1136,294
[0;34m[16:28:24][0m Screenshot saved: /Users/admin/nixmac-peekaboo-local-e2e/artifacts/computer-use-local/2026-05-05_23-27-29-760Z/screenshots/05-discard-confirmation-1778023704.png
[0;34m[16:28:36][0m Coordinate fallback click for discard confirmation button at 1148,555
[0;34m[16:28:38][0m Screenshot saved: /Users/admin/nixmac-peekaboo-local-e2e/artifacts/computer-use-local/2026-05-05_23-27-29-760Z/screenshots/06-discard-returned-to-describe-1778023718.png
[0;32m[PASS][0m peekabooProviderDiscard: Discard confirmed and disposable repo returned to baseline
[0;34m[16:28:38][0m === Phase 6: Audit discard provider evidence ===
[0;32m[PASS][0m peekabooProviderAudit: Observed 2 provider HTTP request(s) for discard path
[0;34m[16:28:38][0m Stopping recorder (PID: 85908)...
[0;34m[16:28:47][0m Video saved: /Users/admin/nixmac-peekaboo-local-e2e/artifacts/computer-use-local/2026-05-05_23-27-29-760Z/video/peekaboo-e2e.mp4 (424K)
[0;34m[16:28:47][0m ==========================================
[0;34m[16:28:47][0m   Test Results
[0;34m[16:28:47][0m ==========================================
  [0;32m✅[0m Phase 1: peekabooProviderFixture: Prepared discard config repo, deterministic HTTP provider, completion logging, and mock rebuild flag
  [0;32m✅[0m Phase 2: peekabooProviderLaunch: App launched for discard proof
  [0;32m✅[0m Phase 3: peekabooProviderTypedIntent: Descriptor submitted for discard proof
  [0;32m✅[0m Phase 4: peekabooProviderReview: Provider calls observed and Review step reached for discard proof
  [0;32m✅[0m Phase 5: peekabooProviderDiscard: Discard confirmed and disposable repo returned to baseline
  [0;32m✅[0m Phase 6: peekabooProviderAudit: Observed 2 provider HTTP request(s) for discard path

  [0;32mAll 10 checks passed[0m
[0;34m[16:28:47][0m ==========================================
[0;34m[16:28:47][0m E2E report written: /Users/admin/nixmac-peekaboo-local-e2e/artifacts/computer-use-local/2026-05-05_23-27-29-760Z/e2e-report/macos_provider_discard_smoke/e2e-report.json
[0;34m[16:28:47][0m 
[0;34m[16:28:47][0m Screenshots: /Users/admin/nixmac-peekaboo-local-e2e/artifacts/computer-use-local/2026-05-05_23-27-29-760Z/screenshots
[0;34m[16:28:47][0m Video: /Users/admin/nixmac-peekaboo-local-e2e/artifacts/computer-use-local/2026-05-05_23-27-29-760Z/video/peekaboo-e2e.mp4
[0;34m[16:28:47][0m Log: /Users/admin/nixmac-peekaboo-local-e2e/artifacts/computer-use-local/2026-05-05_23-27-29-760Z/peekaboo-e2e.log
[0;34m[16:28:51][0m Uninstalling Nix...
 INFO nix-installer v3.19.0
 INFO nix-installer v3.19.0
[31m`nix-darwin` installation detected, it must be removed before uninstalling Nix. Please refer to https://github.com/LnL7/nix-darwin#uninstalling for instructions how to uninstall `nix-darwin`.[39m
[0;32m[PASS][0m Nix uninstalled
