
[0;34m[16:26:32][0m === macos-e2e test runner ===
[0;34m[16:26:32][0m Started at Tue May  5 16:26:32 PDT 2026
[0;34m[16:26:32][0m Machine: DXU97120 | macOS 26.2
[0;34m[16:26:32][0m Working directory: /Users/admin/nixmac-peekaboo-local-e2e/tests/e2e
[0;34m[16:26:38][0m Scenario: macos_provider_evolve_full_smoke
[0;34m[16:26:38][0m Starting screen recording: /Users/admin/nixmac-peekaboo-local-e2e/artifacts/computer-use-local/2026-05-05_23-26-31-321Z/video/peekaboo-e2e.mp4
[0;34m[16:26:41][0m Recorder started (PID: 83609)
[0;34m[16:26:41][0m === Phase 1: Prepare provider-backed macOS fixture ===
[0;32m[PASS][0m Peekaboo Bridge connected
[0;32m[PASS][0m Peekaboo permissions OK
[1;33m[WARN][0m No ADMIN_PASSWORD set, cannot unlock screen
[0;34m[16:26:43][0m Clearing nixmac app state...
[0;32m[PASS][0m App state cleared
[0;34m[16:26:43][0m Seeded nixmac settings at /Users/admin/Library/Application Support/com.darkmatter.nixmac/settings.json with provider http://127.0.0.1:61429/v1
[0;34m[16:26:43][0m Installed E2E system activation shim at /var/folders/lw/q3m765kd17z3h2g36tw6qk000000gp/T//nixmac-e2e-system-mock-bin.n5xmob
[0;32m[PASS][0m peekabooProviderFixture: Prepared config repo, deterministic HTTP provider, completion logging, and mock rebuild flag
[0;34m[16:26:43][0m === Phase 2: Launch nixmac app ===
[0;34m[16:26:43][0m Launching nixmac...
[0;32m[PASS][0m App launched: nixmac
[diagnostic] Captured Peekaboo diagnostics for nixmac (empty-app-scope): /Users/admin/nixmac-peekaboo-local-e2e/artifacts/computer-use-local/2026-05-05_23-26-31-321Z/diagnostics/20260505T232656Z-nixmac-empty-app-scope-*
[0;34m[16:27:02][0m Screenshot saved: /Users/admin/nixmac-peekaboo-local-e2e/artifacts/computer-use-local/2026-05-05_23-26-31-321Z/screenshots/01-launched-1778023621.png
[0;32m[PASS][0m peekabooProviderLaunch: App launched
[0;34m[16:27:02][0m === Phase 3: Submit descriptor into real prompt ===
[0;34m[16:27:03][0m Clicking element elem_33 matching 'evolve-prompt-input|Configuration change descriptor|Describe changes to make to your configuration'
[0;34m[16:27:05][0m Screenshot saved: /Users/admin/nixmac-peekaboo-local-e2e/artifacts/computer-use-local/2026-05-05_23-26-31-321Z/screenshots/02-descriptor-typed-1778023625.png
[0;34m[16:27:05][0m Clicking element elem_37 matching 'evolve-prompt-send|Submit configuration change descriptor|Send'
[0;32m[PASS][0m peekabooProviderTypedIntent: Descriptor submitted
[0;34m[16:27:06][0m === Phase 4: Verify provider-driven evolution reaches Review ===
[0;34m[16:27:08][0m Screenshot saved: /Users/admin/nixmac-peekaboo-local-e2e/artifacts/computer-use-local/2026-05-05_23-26-31-321Z/screenshots/summary-provider-call-missing-1778023628.png
[0;31m[FAIL][0m Summary provider JSON request was not observed
[0;34m[16:27:09][0m Screenshot saved: /Users/admin/nixmac-peekaboo-local-e2e/artifacts/computer-use-local/2026-05-05_23-26-31-321Z/screenshots/failure-1778023628-1778023628.png
[0;34m[16:27:09][0m Stopping recorder (PID: 83609)...
[0;34m[16:27:17][0m Video saved: /Users/admin/nixmac-peekaboo-local-e2e/artifacts/computer-use-local/2026-05-05_23-26-31-321Z/video/peekaboo-e2e.mp4 (252K)
[0;34m[16:27:21][0m Uninstalling Nix...
 INFO nix-installer v3.19.0
 INFO nix-installer v3.19.0
[31m`nix-darwin` installation detected, it must be removed before uninstalling Nix. Please refer to https://github.com/LnL7/nix-darwin#uninstalling for instructions how to uninstall `nix-darwin`.[39m
[0;32m[PASS][0m Nix uninstalled
[0;34m[16:27:22][0m E2E report written: /Users/admin/nixmac-peekaboo-local-e2e/artifacts/computer-use-local/2026-05-05_23-26-31-321Z/e2e-report/macos_provider_evolve_full_smoke/e2e-report.json
