
[0;34m[20:07:35][0m === macos-e2e test runner ===
[0;34m[20:07:35][0m Started at Tue May  5 20:07:35 PDT 2026
[0;34m[20:07:35][0m Machine: DXU97120 | macOS 26.2
[0;34m[20:07:35][0m Working directory: /Users/admin/nixmac-peekaboo-local-e2e/tests/e2e
[0;34m[20:07:44][0m Scenario: macos_homebrew_save_rollback_smoke
[0;34m[20:07:44][0m Starting screen recording: /Users/admin/nixmac-peekaboo-local-e2e/artifacts/computer-use-local/2026-05-06_03-07-33-818Z/video/peekaboo-e2e.mp4
[0;34m[20:07:47][0m Recorder started (PID: 66476)
[0;34m[20:07:47][0m === Phase 1: Prepare Homebrew managed-badge fixture ===
[0;32m[PASS][0m Peekaboo Bridge connected
[0;32m[PASS][0m Peekaboo permissions OK
[1;33m[WARN][0m No ADMIN_PASSWORD set, cannot unlock screen
[0;34m[20:07:49][0m Clearing nixmac app state...
[0;32m[PASS][0m App state cleared
[0;34m[20:07:49][0m Seeded nixmac settings at /Users/admin/Library/Application Support/com.darkmatter.nixmac/settings.json with provider http://127.0.0.1:61822/v1
[0;34m[20:07:50][0m Installed E2E system activation shim at /var/folders/lw/q3m765kd17z3h2g36tw6qk000000gp/T//nixmac-e2e-system-mock-bin.JGReIP
[0;32m[PASS][0m peekabooProviderFixture: Prepared Homebrew managed-badge fixture, deterministic HTTP provider, completion logging, and mock rebuild flag
[0;34m[20:07:50][0m === Phase 2: Launch nixmac for Untracked Homebrew items proof ===
[0;34m[20:07:50][0m Launching nixmac...
[0;32m[PASS][0m App launched: nixmac
[0;34m[20:08:07][0m Screenshot saved: /Users/admin/nixmac-peekaboo-local-e2e/artifacts/computer-use-local/2026-05-06_03-07-33-818Z/screenshots/01-homebrew-launched-1778036886.png
[0;32m[PASS][0m peekabooProviderLaunch: App launched for Untracked Homebrew items proof
[0;34m[20:08:10][0m === Phase 3: Apply Untracked Homebrew items to config ===
[0;34m[20:08:10][0m Clicking element elem_42 matching '[0-9]+ untracked Homebrew'
[0;34m[20:08:14][0m Screenshot saved: /Users/admin/nixmac-peekaboo-local-e2e/artifacts/computer-use-local/2026-05-06_03-07-33-818Z/screenshots/02-homebrew-popover-1778036892.png
[0;34m[20:08:15][0m Untracked Homebrew items Add to config was already accepted and is applying
[0;34m[20:08:18][0m Screenshot saved: /Users/admin/nixmac-peekaboo-local-e2e/artifacts/computer-use-local/2026-05-06_03-07-33-818Z/screenshots/03-homebrew-review-1778036898.png
[0;34m[20:08:18][0m === Phase 4: Build and Test Untracked Homebrew items managed change ===
[0;34m[20:08:19][0m Clicking element elem_32 matching 'Build & Test'
[0;34m[20:08:36][0m No build confirmation prompt observed
[0;34m[20:08:37][0m Screenshot saved: /Users/admin/nixmac-peekaboo-local-e2e/artifacts/computer-use-local/2026-05-06_03-07-33-818Z/screenshots/04-homebrew-save-step-after-build-1778036916.png
[0;32m[PASS][0m peekabooProviderBuildBoundary: Build & Test advanced to Save step for Untracked Homebrew items
[0;34m[20:08:37][0m === Phase 5: Commit Untracked Homebrew items managed change ===
[0;34m[20:08:37][0m Using deterministic commit message for homebrew managed-badge change
[0;34m[20:08:37][0m Clicking element elem_58 matching 'commitMsg|Loading|Commit message|Commit Changes'
[0;34m[20:08:39][0m Clicking element elem_59 matching 'Commit( Changes)?'
[0;34m[20:08:41][0m Screenshot saved: /Users/admin/nixmac-peekaboo-local-e2e/artifacts/computer-use-local/2026-05-06_03-07-33-818Z/screenshots/05-homebrew-returned-to-describe-1778036921.png
[0;32m[PASS][0m peekabooProviderSaveFlow: Untracked Homebrew items Save step committed changes and returned to Describe
[0;34m[20:08:41][0m === Phase 6: Restore Untracked Homebrew items baseline from History ===
[0;34m[20:08:42][0m Clicking element elem_8 matching 'History'
[0;34m[20:08:45][0m Screenshot saved: /Users/admin/nixmac-peekaboo-local-e2e/artifacts/computer-use-local/2026-05-06_03-07-33-818Z/screenshots/06-history-before-restore-1778036924.png
[0;34m[20:08:45][0m Clicking element elem_35 matching '^Restore$|Restore'
[0;34m[20:08:48][0m Screenshot saved: /Users/admin/nixmac-peekaboo-local-e2e/artifacts/computer-use-local/2026-05-06_03-07-33-818Z/screenshots/07-history-restore-preview-1778036927.png
[0;34m[20:08:48][0m Clicking element elem_22 matching 'Confirm Restore'
[0;34m[20:08:51][0m Screenshot saved: /Users/admin/nixmac-peekaboo-local-e2e/artifacts/computer-use-local/2026-05-06_03-07-33-818Z/screenshots/08-after-history-restore-1778036930.png
[0;31m[FAIL][0m Untracked Homebrew items History restore did not return disposable config repo to baseline
[0;34m[20:08:51][0m Screenshot saved: /Users/admin/nixmac-peekaboo-local-e2e/artifacts/computer-use-local/2026-05-06_03-07-33-818Z/screenshots/failure-1778036931-1778036931.png
[0;34m[20:08:51][0m Stopping recorder (PID: 66476)...
[0;34m[20:09:03][0m Video saved: /Users/admin/nixmac-peekaboo-local-e2e/artifacts/computer-use-local/2026-05-06_03-07-33-818Z/video/peekaboo-e2e.mp4 (464K)
[0;34m[20:09:07][0m Uninstalling Nix...
 INFO nix-installer v3.19.0
 INFO nix-installer v3.19.0
[31m`nix-darwin` installation detected, it must be removed before uninstalling Nix. Please refer to https://github.com/LnL7/nix-darwin#uninstalling for instructions how to uninstall `nix-darwin`.[39m
[0;32m[PASS][0m Nix uninstalled
[0;34m[20:09:09][0m E2E report written: /Users/admin/nixmac-peekaboo-local-e2e/artifacts/computer-use-local/2026-05-06_03-07-33-818Z/e2e-report/macos_homebrew_save_rollback_smoke/e2e-report.json
