
[0;34m[01:13:44][0m === macos-e2e test runner ===
[0;34m[01:13:44][0m Started at Wed May  6 01:13:44 PDT 2026
[0;34m[01:13:44][0m Machine: DXU97120 | macOS 26.2
[0;34m[01:13:44][0m Working directory: /Users/admin/nixmac-peekaboo-local-e2e/tests/e2e
[0;34m[01:13:59][0m Scenario: macos_homebrew_save_rollback_smoke
[0;34m[01:13:59][0m Starting screen recording: /Users/admin/nixmac-peekaboo-local-e2e/artifacts/computer-use-local/2026-05-06_08-13-42-827Z/video/peekaboo-e2e.mp4
[0;34m[01:14:02][0m Recorder started (PID: 59103)
[0;34m[01:14:02][0m === Phase 1: Prepare Homebrew managed-badge fixture ===
[0;32m[PASS][0m Peekaboo Bridge connected
[0;32m[PASS][0m Peekaboo permissions OK
[1;33m[WARN][0m No ADMIN_PASSWORD set, cannot unlock screen
[0;34m[01:14:04][0m Clearing nixmac app state...
[0;32m[PASS][0m App state cleared
[0;34m[01:14:04][0m Seeded nixmac settings at /Users/admin/Library/Application Support/com.darkmatter.nixmac/settings.json with provider http://127.0.0.1:62369/v1
[0;34m[01:14:05][0m Installed E2E system activation shim at /var/folders/lw/q3m765kd17z3h2g36tw6qk000000gp/T//nixmac-e2e-system-mock-bin.ucXpqe
[0;32m[PASS][0m peekabooProviderFixture: Prepared Homebrew managed-badge fixture, deterministic HTTP provider, completion logging, and mock rebuild flag
[0;34m[01:14:05][0m === Phase 2: Launch nixmac for Untracked Homebrew items proof ===
[0;34m[01:14:05][0m Launching nixmac...
[0;32m[PASS][0m App launched: nixmac
[0;34m[01:14:21][0m Screenshot saved: /Users/admin/nixmac-peekaboo-local-e2e/artifacts/computer-use-local/2026-05-06_08-13-42-827Z/screenshots/01-homebrew-launched-1778055261.png
[0;32m[PASS][0m peekabooProviderLaunch: App launched for Untracked Homebrew items proof
[0;34m[01:14:24][0m === Phase 3: Apply Untracked Homebrew items to config ===
[0;34m[01:14:29][0m System Events button click for 'untracked Homebrew'
[0;34m[01:14:35][0m Clicking element id=elem_42 role=button identifier= label=1 untracked Homebrew item title=1 untracked Homebrew item value= desc= bounds=none matching '[0-9]+ untracked Homebrew'
[0;34m[01:14:35][0m Candidate for '[0-9]+ untracked Homebrew': score=10 match=label id=elem_42 role=button identifier= label=1 untracked Homebrew item title=1 untracked Homebrew item bounds=none
[0;34m[01:14:57][0m Clicking query 'untracked Homebrew'
[0;34m[01:14:58][0m Click query 'untracked Homebrew' output: Error: The operation couldn’t be completed. (PeekabooBridge.PeekabooBridgeErrorEnvelope error 1.)
[0;34m[01:15:04][0m Coordinate fallback click for Untracked Homebrew items badge at 708,601
[0;34m[01:15:08][0m Opened homebrew managed badge popover via window-ratio click
[0;34m[01:15:19][0m Screenshot saved: /Users/admin/nixmac-peekaboo-local-e2e/artifacts/computer-use-local/2026-05-06_08-13-42-827Z/screenshots/02-homebrew-popover-1778055319.png
[0;34m[01:15:22][0m Clicking element id=elem_57 role=button identifier= label=Add to config title=Add to config value= desc= bounds=none matching 'managed-homebrew-add-to-config|^Add to config$'
[0;34m[01:15:22][0m Candidate for 'managed-homebrew-add-to-config|^Add to config$': score=10 match=label id=elem_57 role=button identifier= label=Add to config title=Add to config bounds=none
[0;34m[01:15:23][0m Clicked managed Add to config via accessibility selector
[0;34m[01:15:28][0m Screenshot saved: /Users/admin/nixmac-peekaboo-local-e2e/artifacts/computer-use-local/2026-05-06_08-13-42-827Z/screenshots/03-homebrew-review-1778055328.png
[0;34m[01:15:28][0m === Phase 4: Build and Test Untracked Homebrew items managed change ===
[0;34m[01:15:28][0m Clicking element id=elem_32 role=button identifier= label=Build & Test title=Build & Test value= desc= bounds=none matching 'Build & Test'
[0;34m[01:15:28][0m Candidate for 'Build & Test': score=10 match=label id=elem_32 role=button identifier= label=Build & Test title=Build & Test bounds=none
[0;34m[01:15:45][0m No build confirmation prompt observed
[0;34m[01:15:47][0m Screenshot saved: /Users/admin/nixmac-peekaboo-local-e2e/artifacts/computer-use-local/2026-05-06_08-13-42-827Z/screenshots/04-homebrew-save-step-after-build-1778055346.png
[0;32m[PASS][0m peekabooProviderBuildBoundary: Build & Test advanced to Save step for Untracked Homebrew items
[0;34m[01:15:47][0m === Phase 5: Commit Untracked Homebrew items managed change ===
[0;34m[01:15:47][0m Using deterministic commit message for homebrew managed-badge change
[0;34m[01:15:47][0m Clicking element id=elem_58 role=textField identifier= label=Loading... title= value= desc= bounds=none matching 'commitMsg|Loading|Commit message|Commit Changes'
[0;34m[01:15:47][0m Candidate for 'commitMsg|Loading|Commit message|Commit Changes': score=10 match=label id=elem_58 role=textField identifier= label=Loading... title= bounds=none
[0;34m[01:15:49][0m Clicking element id=elem_59 role=button identifier= label=Commit title=Commit value= desc= bounds=none matching 'Commit( Changes)?'
[0;34m[01:15:49][0m Candidate for 'Commit( Changes)?': score=10 match=label id=elem_59 role=button identifier= label=Commit title=Commit bounds=none
[0;34m[01:15:51][0m Screenshot saved: /Users/admin/nixmac-peekaboo-local-e2e/artifacts/computer-use-local/2026-05-06_08-13-42-827Z/screenshots/05-homebrew-returned-to-describe-1778055351.png
[0;32m[PASS][0m peekabooProviderSaveFlow: Untracked Homebrew items Save step committed changes and returned to Describe
[0;34m[01:15:51][0m === Phase 6: Restore Untracked Homebrew items baseline from History ===
[0;34m[01:15:52][0m Clicking element id=elem_8 role=button identifier= label=History title=History value= desc=History bounds=none matching '^History( |\(|$)'
[0;34m[01:15:52][0m Candidate for '^History( |\(|$)': score=10 match=label id=elem_8 role=button identifier= label=History title=History bounds=none
[0;34m[01:15:54][0m Screenshot saved: /Users/admin/nixmac-peekaboo-local-e2e/artifacts/computer-use-local/2026-05-06_08-13-42-827Z/screenshots/06-history-before-restore-1778055354.png
[0;34m[01:15:55][0m Clicking element id=elem_35 role=button identifier= label=Restore title=Restore value= desc= bounds=none matching '^Restore$'
[0;34m[01:15:55][0m Candidate for '^Restore$': score=10 match=label id=elem_35 role=button identifier= label=Restore title=Restore bounds=none
[0;34m[01:15:58][0m Screenshot saved: /Users/admin/nixmac-peekaboo-local-e2e/artifacts/computer-use-local/2026-05-06_08-13-42-827Z/screenshots/07-history-restore-preview-1778055357.png
[0;34m[01:15:58][0m System Events button click for 'Confirm Restore'
[0;34m[01:15:58][0m Clicking element id=elem_22 role=button identifier= label=Confirm Restore title=Confirm Restore value= desc= bounds=none matching 'history-confirm-restore-button|^Confirm Restore$'
[0;34m[01:15:58][0m Candidate for 'history-confirm-restore-button|^Confirm Restore$': score=10 match=label id=elem_22 role=button identifier= label=Confirm Restore title=Confirm Restore bounds=none
[0;34m[01:15:59][0m Candidate for 'history-confirm-restore-button|^Confirm Restore$': score=10 match=label id=elem_22 role=button identifier= label=Confirm Restore title=Confirm Restore bounds=none
[0;34m[01:16:07][0m Clicking query 'Confirm Restore'
[0;34m[01:16:07][0m Click query 'Confirm Restore' output: Error: The operation couldn’t be completed. (PeekabooBridge.PeekabooBridgeErrorEnvelope error 1.)
[0;34m[01:16:08][0m Coordinate fallback click for history confirm restore primary action at 1124,307
[0;34m[01:16:08][0m CGEvent fallback click for history confirm restore primary action at 1124,307
[0;34m[01:16:10][0m Coordinate fallback click for history confirm restore at 1148,307
[0;34m[01:16:10][0m CGEvent fallback click for history confirm restore at 1148,307
[0;34m[01:16:21][0m Screenshot saved: /Users/admin/nixmac-peekaboo-local-e2e/artifacts/computer-use-local/2026-05-06_08-13-42-827Z/screenshots/08-after-history-restore-1778055381.png
[0;34m[01:16:21][0m history restore complete: HEAD=a11e05f
[0;34m[01:16:21][0m history restore complete: latest=Restore commit 480cc66f
[0;34m[01:16:21][0m history restore complete: status=
[0;34m[01:16:21][0m history restore complete: baseline-diff=
[0;34m[01:16:21][0m history restore complete: ripgrep absent from flake.nix
[0;32m[PASS][0m peekabooHomebrewSaveRollback: Untracked Homebrew items Add to config was built, committed, and rolled back to the disposable baseline
[0;34m[01:16:21][0m === Phase 7: Audit Untracked Homebrew items managed-badge evidence ===
[0;32m[PASS][0m peekabooProviderAudit: Preserved provider/request evidence for Untracked Homebrew items managed-badge proof
[0;34m[01:16:21][0m Stopping recorder (PID: 59103)...
[0;34m[01:16:39][0m Video saved: /Users/admin/nixmac-peekaboo-local-e2e/artifacts/computer-use-local/2026-05-06_08-13-42-827Z/video/peekaboo-e2e.mp4 (900K)
[0;34m[01:16:39][0m ==========================================
[0;34m[01:16:39][0m   Test Results
[0;34m[01:16:39][0m ==========================================
  [0;32m✅[0m Phase 1: peekabooProviderFixture: Prepared Homebrew managed-badge fixture, deterministic HTTP provider, completion logging, and mock rebuild flag
  [0;32m✅[0m Phase 2: peekabooProviderLaunch: App launched for Untracked Homebrew items proof
  [0;32m✅[0m Phase 4: peekabooProviderBuildBoundary: Build & Test advanced to Save step for Untracked Homebrew items
  [0;32m✅[0m Phase 5: peekabooProviderSaveFlow: Untracked Homebrew items Save step committed changes and returned to Describe
  [0;32m✅[0m Phase 6: peekabooHomebrewSaveRollback: Untracked Homebrew items Add to config was built, committed, and rolled back to the disposable baseline
  [0;32m✅[0m Phase 7: peekabooProviderAudit: Preserved provider/request evidence for Untracked Homebrew items managed-badge proof

  [0;32mAll 10 checks passed[0m
[0;34m[01:16:40][0m ==========================================
[0;34m[01:16:40][0m E2E report written: /Users/admin/nixmac-peekaboo-local-e2e/artifacts/computer-use-local/2026-05-06_08-13-42-827Z/e2e-report/macos_homebrew_save_rollback_smoke/e2e-report.json
[0;34m[01:16:40][0m 
[0;34m[01:16:40][0m Screenshots: /Users/admin/nixmac-peekaboo-local-e2e/artifacts/computer-use-local/2026-05-06_08-13-42-827Z/screenshots
[0;34m[01:16:40][0m Video: /Users/admin/nixmac-peekaboo-local-e2e/artifacts/computer-use-local/2026-05-06_08-13-42-827Z/video/peekaboo-e2e.mp4
[0;34m[01:16:40][0m Log: /Users/admin/nixmac-peekaboo-local-e2e/artifacts/computer-use-local/2026-05-06_08-13-42-827Z/peekaboo-e2e.log
[0;34m[01:16:44][0m Uninstalling Nix...
 INFO nix-installer v3.19.0
 INFO nix-installer v3.19.0
[31m`nix-darwin` installation detected, it must be removed before uninstalling Nix. Please refer to https://github.com/LnL7/nix-darwin#uninstalling for instructions how to uninstall `nix-darwin`.[39m
[0;32m[PASS][0m Nix uninstalled
