
[0;34m[23:09:24][0m === macos-e2e test runner ===
[0;34m[23:09:24][0m Started at Sun May 10 23:09:24 PDT 2026
[0;34m[23:09:24][0m Machine: DXU97120 | macOS 26.2
[0;34m[23:09:24][0m Working directory: /Users/admin/nixmac-peekaboo-local-e2e/tests/e2e
[0;34m[23:09:25][0m Scenario: macos_core_product_proof
[0;34m[23:09:25][0m Starting screen recording: /Users/admin/nixmac-peekaboo-local-e2e/artifacts/computer-use-local/2026-05-11_06-09-22-373Z/video/peekaboo-e2e.mp4
[0;34m[23:09:30][0m Attempted to dismiss Terminal Automation permission prompt
[0;34m[23:09:33][0m Recorder started (PID: 26552)
[0;34m[23:09:33][0m === Phase 1: Prepare broad local Product Proof fixture ===
[0;32m[PASS][0m Peekaboo Bridge connected
[0;32m[PASS][0m Peekaboo permissions OK
[1;33m[WARN][0m No ADMIN_PASSWORD set, cannot unlock screen
[0;34m[23:09:34][0m Clearing nixmac app state...
[diagnostic] Captured Peekaboo diagnostics for nixmac (pre-clear): /Users/admin/nixmac-peekaboo-local-e2e/artifacts/computer-use-local/2026-05-11_06-09-22-373Z/diagnostics/20260511T060934Z-nixmac-pre-clear-*
[0;32m[PASS][0m App state cleared
[0;34m[23:09:36][0m Seeded nixmac settings at /Users/admin/Library/Application Support/com.darkmatter.nixmac/settings.json
[0;34m[23:09:37][0m Seeded nixmac E2E runtime at /Users/admin/Library/Application Support/com.darkmatter.nixmac/e2e-runtime.json (expires 2026-05-10 23:39:37)
[0;32m[PASS][0m peekabooCoreFixture: Prepared deterministic config, local validation settings, and mock system flag
[0;34m[23:09:37][0m === Phase 2: Launch and prove app shell ===
[0;34m[23:09:37][0m Launching nixmac...
[0;32m[PASS][0m App launched: nixmac
[1;33m[WARN][0m Timed out restoring active app nixmac
[diagnostic] Captured Peekaboo diagnostics for nixmac (ready-shell-timeout): /Users/admin/nixmac-peekaboo-local-e2e/artifacts/computer-use-local/2026-05-11_06-09-22-373Z/diagnostics/20260511T061053Z-nixmac-ready-shell-timeout-*
[0;34m[23:10:55][0m Screenshot saved: /Users/admin/nixmac-peekaboo-local-e2e/artifacts/computer-use-local/2026-05-11_06-09-22-373Z/screenshots/core-launch-missing-1778479854.png
[0;31m[FAIL][0m App shell did not expose expected interactive controls with visible screenshot signal
[0;34m[23:10:55][0m Screenshot saved: /Users/admin/nixmac-peekaboo-local-e2e/artifacts/computer-use-local/2026-05-11_06-09-22-373Z/screenshots/failure-1778479855-1778479855.png
[0;34m[23:10:56][0m Stopping recorder (PID: 26552)...
[0;34m[23:11:00][0m Video saved: /Users/admin/nixmac-peekaboo-local-e2e/artifacts/computer-use-local/2026-05-11_06-09-22-373Z/video/peekaboo-e2e.mp4 (400K)
[0;34m[23:11:04][0m Uninstalling Nix...
 INFO nix-installer v3.19.0
 INFO nix-installer v3.19.0
[31m`nix-darwin` installation detected, it must be removed before uninstalling Nix. Please refer to https://github.com/LnL7/nix-darwin#uninstalling for instructions how to uninstall `nix-darwin`.[39m
[0;32m[PASS][0m Nix uninstalled
[0;34m[23:11:05][0m E2E report written: /Users/admin/nixmac-peekaboo-local-e2e/artifacts/computer-use-local/2026-05-11_06-09-22-373Z/e2e-report/macos_core_product_proof/e2e-report.json
