
[0;34m[11:50:21][0m === macos-e2e test runner ===
[0;34m[11:50:21][0m Started at Wed May  6 11:50:21 PDT 2026
[0;34m[11:50:21][0m Machine: DXU97120 | macOS 26.2
[0;34m[11:50:21][0m Working directory: /Users/admin/nixmac-peekaboo-local-e2e/tests/e2e
[0;34m[11:50:36][0m Scenario: macos_core_product_proof
[0;34m[11:50:36][0m Starting screen recording: /Users/admin/nixmac-peekaboo-local-e2e/artifacts/computer-use-local/2026-05-06_18-50-19-215Z/video/peekaboo-e2e.mp4
[0;34m[11:50:40][0m Recorder started (PID: 13709)
[0;34m[11:50:40][0m === Phase 1: Prepare broad local Product Proof fixture ===
[0;32m[PASS][0m Peekaboo Bridge connected
[0;32m[PASS][0m Peekaboo permissions OK
[1;33m[WARN][0m No ADMIN_PASSWORD set, cannot unlock screen
[0;34m[11:50:41][0m Clearing nixmac app state...
[0;32m[PASS][0m App state cleared
[0;34m[11:50:41][0m Seeded nixmac settings at /Users/admin/Library/Application Support/com.darkmatter.nixmac/settings.json
[0;32m[PASS][0m peekabooCoreFixture: Prepared deterministic config, local validation settings, and mock system flag
[0;34m[11:50:41][0m === Phase 2: Launch and prove app shell ===
[0;34m[11:50:41][0m Launching nixmac...
[0;32m[PASS][0m App launched: nixmac
[0;34m[11:51:00][0m Screenshot saved: /Users/admin/nixmac-peekaboo-local-e2e/artifacts/computer-use-local/2026-05-06_18-50-19-215Z/screenshots/01-core-launch-1778093460.png
[0;32m[PASS][0m peekabooCoreLaunch: App shell, header controls, and initial prompt surface rendered
[0;34m[11:51:00][0m === Phase 3: Verify update banner is not blocking ===
[1;33m[WARN][0m Peekaboo Bridge is not selected remote; restarting Peekaboo.app...
[0;32m[PASS][0m Peekaboo Bridge recovered
[diagnostic] Captured Peekaboo diagnostics for nixmac (empty-app-scope): /Users/admin/nixmac-peekaboo-local-e2e/artifacts/computer-use-local/2026-05-06_18-50-19-215Z/diagnostics/20260506T185131Z-nixmac-empty-app-scope-*
[0;34m[11:51:35][0m Screenshot saved: /Users/admin/nixmac-peekaboo-local-e2e/artifacts/computer-use-local/2026-05-06_18-50-19-215Z/screenshots/update-banner-blocked-prompt-1778093495.png
[0;31m[FAIL][0m Prompt input was blocked after update-banner handling
[0;34m[11:51:36][0m Screenshot saved: /Users/admin/nixmac-peekaboo-local-e2e/artifacts/computer-use-local/2026-05-06_18-50-19-215Z/screenshots/failure-1778093495-1778093495.png
[0;34m[11:51:36][0m Stopping recorder (PID: 13709)...
[0;34m[11:51:55][0m Video saved: /Users/admin/nixmac-peekaboo-local-e2e/artifacts/computer-use-local/2026-05-06_18-50-19-215Z/video/peekaboo-e2e.mp4 (388K)
[0;34m[11:51:58][0m Uninstalling Nix...
 INFO nix-installer v3.19.0
 INFO nix-installer v3.19.0
[31m`nix-darwin` installation detected, it must be removed before uninstalling Nix. Please refer to https://github.com/LnL7/nix-darwin#uninstalling for instructions how to uninstall `nix-darwin`.[39m
[0;32m[PASS][0m Nix uninstalled
[0;34m[11:52:00][0m E2E report written: /Users/admin/nixmac-peekaboo-local-e2e/artifacts/computer-use-local/2026-05-06_18-50-19-215Z/e2e-report/macos_core_product_proof/e2e-report.json
