
[0;34m[20:51:58][0m === macos-e2e test runner ===
[0;34m[20:51:58][0m Started at Tue May  5 20:51:58 PDT 2026
[0;34m[20:51:58][0m Machine: DXU97120 | macOS 26.2
[0;34m[20:51:58][0m Working directory: /Users/admin/nixmac-peekaboo-local-e2e/tests/e2e
[0;34m[20:52:08][0m Scenario: macos_provider_evolve_full_smoke
[0;34m[20:52:08][0m Starting screen recording: /Users/admin/nixmac-peekaboo-local-e2e/artifacts/computer-use-local/2026-05-06_03-51-57-184Z/video/peekaboo-e2e.mp4
[0;34m[20:52:11][0m Recorder started (PID: 25692)
[0;34m[20:52:12][0m === Phase 1: Prepare provider-backed macOS fixture ===
[0;32m[PASS][0m Peekaboo Bridge connected
[0;32m[PASS][0m Peekaboo permissions OK
[1;33m[WARN][0m No ADMIN_PASSWORD set, cannot unlock screen
[0;34m[20:52:14][0m Clearing nixmac app state...
[0;32m[PASS][0m App state cleared
[0;34m[20:52:14][0m Seeded nixmac settings at /Users/admin/Library/Application Support/com.darkmatter.nixmac/settings.json with provider http://127.0.0.1:61958/v1
[0;34m[20:52:14][0m Installed E2E system activation shim at /var/folders/lw/q3m765kd17z3h2g36tw6qk000000gp/T//nixmac-e2e-system-mock-bin.rfQtfz
[0;32m[PASS][0m peekabooProviderFixture: Prepared config repo, deterministic HTTP provider, completion logging, and mock rebuild flag
[0;34m[20:52:14][0m === Phase 2: Launch nixmac app ===
[0;34m[20:52:14][0m Launching nixmac...
[0;32m[PASS][0m App launched: nixmac
[0;34m[20:52:28][0m Screenshot saved: /Users/admin/nixmac-peekaboo-local-e2e/artifacts/computer-use-local/2026-05-06_03-51-57-184Z/screenshots/01-launched-1778039548.png
[0;32m[PASS][0m peekabooProviderLaunch: App launched
[0;34m[20:52:28][0m === Phase 3: Submit descriptor into real prompt ===
[0;34m[20:52:32][0m Clicking element elem_33 matching 'evolve-prompt-input|Configuration change descriptor|Describe changes to make to your configuration'
[0;34m[20:52:34][0m Screenshot saved: /Users/admin/nixmac-peekaboo-local-e2e/artifacts/computer-use-local/2026-05-06_03-51-57-184Z/screenshots/02-descriptor-typed-1778039554.png
[0;34m[20:52:34][0m Clicking element elem_37 matching 'evolve-prompt-send|Submit configuration change descriptor|Send'
[0;32m[PASS][0m peekabooProviderTypedIntent: Descriptor submitted
[0;34m[20:52:35][0m === Phase 4: Verify provider-driven evolution reaches Review ===
[0;34m[20:52:38][0m Screenshot saved: /Users/admin/nixmac-peekaboo-local-e2e/artifacts/computer-use-local/2026-05-06_03-51-57-184Z/screenshots/03-review-provider-evolved-1778039557.png
[0;32m[PASS][0m peekabooProviderReview: Provider calls observed and Review step reached
[0;34m[20:52:38][0m === Phase 5: Build and Test through mocked macOS activation ===
[0;34m[20:52:40][0m Clicking element elem_32 matching 'Build & Test'
[0;34m[20:52:57][0m No build confirmation prompt observed
[0;34m[20:52:58][0m Screenshot saved: /Users/admin/nixmac-peekaboo-local-e2e/artifacts/computer-use-local/2026-05-06_03-51-57-184Z/screenshots/04-save-step-after-build-1778039577.png
[0;32m[PASS][0m peekabooProviderBuildBoundary: Build & Test advanced to Save step using explicit E2E mock activation
[0;34m[20:52:58][0m === Phase 6: Commit saved changes ===
[0;34m[20:53:14][0m Commit-message suggestion was not available; using deterministic manual commit text
[0;34m[20:53:15][0m Screenshot saved: /Users/admin/nixmac-peekaboo-local-e2e/artifacts/computer-use-local/2026-05-06_03-51-57-184Z/screenshots/commit-message-manual-fallback-1778039594.png
[0;34m[20:53:15][0m Clicking element elem_46 matching 'commitMsg|Loading|Commit message|Commit Changes'
[0;34m[20:53:17][0m Clicking element elem_47 matching 'Commit( Changes)?'
[0;34m[20:53:19][0m Screenshot saved: /Users/admin/nixmac-peekaboo-local-e2e/artifacts/computer-use-local/2026-05-06_03-51-57-184Z/screenshots/05-returned-to-describe-1778039599.png
[0;32m[PASS][0m peekabooProviderSaveFlow: Save step committed changes and returned to Describe
[0;34m[20:53:19][0m === Phase 7: Restore baseline from History ===
[0;34m[20:53:20][0m Clicking element elem_8 matching 'History'
[0;34m[20:53:22][0m Screenshot saved: /Users/admin/nixmac-peekaboo-local-e2e/artifacts/computer-use-local/2026-05-06_03-51-57-184Z/screenshots/06-history-before-restore-1778039602.png
[0;34m[20:53:23][0m Clicking element elem_31 matching '^Restore$|Restore'
[0;34m[20:53:26][0m Screenshot saved: /Users/admin/nixmac-peekaboo-local-e2e/artifacts/computer-use-local/2026-05-06_03-51-57-184Z/screenshots/07-history-restore-preview-1778039605.png
[0;34m[20:53:26][0m Clicking query 'Confirm Restore'
[0;34m[20:53:27][0m Clicking element elem_22 matching 'Confirm Restore|confirm Restore'
[0;34m[20:53:29][0m Confirm Restore still visible after attempt 1; retrying
[0;34m[20:53:29][0m Clicking query 'Confirm Restore'
[0;34m[20:53:30][0m Clicking element elem_22 matching 'Confirm Restore|confirm Restore'
[0;34m[20:53:32][0m Confirm Restore still visible after attempt 2; retrying
[0;34m[20:53:32][0m Clicking query 'Confirm Restore'
[0;34m[20:53:33][0m Clicking element elem_22 matching 'Confirm Restore|confirm Restore'
[0;34m[20:53:36][0m Confirm Restore still visible after attempt 3; retrying
[0;34m[20:53:36][0m Screenshot saved: /Users/admin/nixmac-peekaboo-local-e2e/artifacts/computer-use-local/2026-05-06_03-51-57-184Z/screenshots/history-restore-failed-1778039616.png
[0;31m[FAIL][0m History restore did not return the disposable config repo to baseline
[0;34m[20:53:36][0m Screenshot saved: /Users/admin/nixmac-peekaboo-local-e2e/artifacts/computer-use-local/2026-05-06_03-51-57-184Z/screenshots/failure-1778039616-1778039616.png
[0;34m[20:53:36][0m Stopping recorder (PID: 25692)...
[0;34m[20:53:50][0m Video saved: /Users/admin/nixmac-peekaboo-local-e2e/artifacts/computer-use-local/2026-05-06_03-51-57-184Z/video/peekaboo-e2e.mp4 (580K)
[0;34m[20:53:53][0m Uninstalling Nix...
 INFO nix-installer v3.19.0
 INFO nix-installer v3.19.0
[31m`nix-darwin` installation detected, it must be removed before uninstalling Nix. Please refer to https://github.com/LnL7/nix-darwin#uninstalling for instructions how to uninstall `nix-darwin`.[39m
[0;32m[PASS][0m Nix uninstalled
[0;34m[20:53:55][0m E2E report written: /Users/admin/nixmac-peekaboo-local-e2e/artifacts/computer-use-local/2026-05-06_03-51-57-184Z/e2e-report/macos_provider_evolve_full_smoke/e2e-report.json
