
[0;34m[22:30:16][0m === macos-e2e test runner ===
[0;34m[22:30:16][0m Started at Tue May  5 22:30:16 PDT 2026
[0;34m[22:30:16][0m Machine: DXU97120 | macOS 26.2
[0;34m[22:30:16][0m Working directory: /Users/admin/nixmac-peekaboo-local-e2e/tests/e2e
[0;34m[22:30:28][0m Scenario: macos_customization_save_rollback_smoke
[0;34m[22:30:28][0m Starting screen recording: /Users/admin/nixmac-peekaboo-local-e2e/artifacts/computer-use-local/2026-05-06_05-30-15-368Z/video/peekaboo-e2e.mp4
[0;34m[22:30:31][0m Recorder started (PID: 26451)
[0;34m[22:30:32][0m === Phase 1: Prepare customization managed-badge fixture ===
[0;32m[PASS][0m Peekaboo Bridge connected
[0;32m[PASS][0m Peekaboo permissions OK
[1;33m[WARN][0m No ADMIN_PASSWORD set, cannot unlock screen
[0;34m[22:30:33][0m Clearing nixmac app state...
[0;32m[PASS][0m App state cleared
[0;34m[22:30:33][0m Seeded nixmac settings at /Users/admin/Library/Application Support/com.darkmatter.nixmac/settings.json with provider http://127.0.0.1:62133/v1
[0;34m[22:30:34][0m Installed E2E system activation shim at /var/folders/lw/q3m765kd17z3h2g36tw6qk000000gp/T//nixmac-e2e-system-mock-bin.lZZxqS
[0;32m[PASS][0m peekabooProviderFixture: Prepared customization managed-badge fixture, deterministic HTTP provider, completion logging, and mock rebuild flag
[0;34m[22:30:34][0m === Phase 2: Launch nixmac for Untracked customizations proof ===
[0;34m[22:30:34][0m Launching nixmac...
[0;32m[PASS][0m App launched: nixmac
[0;34m[22:30:51][0m Screenshot saved: /Users/admin/nixmac-peekaboo-local-e2e/artifacts/computer-use-local/2026-05-06_05-30-15-368Z/screenshots/01-customization-launched-1778045451.png
[0;32m[PASS][0m peekabooProviderLaunch: App launched for Untracked customizations proof
[0;34m[22:30:51][0m === Phase 3: Apply Untracked customizations to config ===
[0;34m[22:30:51][0m Coordinate fallback click for Untracked customizations badge at 1184,566
[0;34m[22:30:54][0m Screenshot saved: /Users/admin/nixmac-peekaboo-local-e2e/artifacts/computer-use-local/2026-05-06_05-30-15-368Z/screenshots/02-customization-popover-1778045453.png
[0;34m[22:30:57][0m Clicking element id=elem_105 role=button identifier= label=Add to config title=Add to config value= desc= bounds=none matching 'Add to config'
[0;34m[22:30:57][0m Candidate for 'Add to config': score=10 match=label id=elem_105 role=button identifier= label=Add to config title=Add to config bounds=none
[0;34m[22:31:01][0m Screenshot saved: /Users/admin/nixmac-peekaboo-local-e2e/artifacts/computer-use-local/2026-05-06_05-30-15-368Z/screenshots/03-customization-review-1778045461.png
[0;34m[22:31:01][0m === Phase 4: Build and Test Untracked customizations managed change ===
[0;34m[22:31:02][0m Clicking element id=elem_32 role=button identifier= label=Build & Test title=Build & Test value= desc= bounds=none matching 'Build & Test'
[0;34m[22:31:02][0m Candidate for 'Build & Test': score=10 match=label id=elem_32 role=button identifier= label=Build & Test title=Build & Test bounds=none
[0;34m[22:31:19][0m No build confirmation prompt observed
[0;34m[22:31:20][0m Screenshot saved: /Users/admin/nixmac-peekaboo-local-e2e/artifacts/computer-use-local/2026-05-06_05-30-15-368Z/screenshots/04-customization-save-step-after-build-1778045479.png
[0;32m[PASS][0m peekabooProviderBuildBoundary: Build & Test advanced to Save step for Untracked customizations
[0;34m[22:31:20][0m === Phase 5: Commit Untracked customizations managed change ===
[0;34m[22:31:20][0m Using deterministic commit message for customization managed-badge change
[0;34m[22:31:20][0m Clicking element id=elem_49 role=textField identifier= label=Loading... title= value= desc= bounds=none matching 'commitMsg|Loading|Commit message|Commit Changes'
[0;34m[22:31:20][0m Candidate for 'commitMsg|Loading|Commit message|Commit Changes': score=10 match=label id=elem_49 role=textField identifier= label=Loading... title= bounds=none
[0;34m[22:31:22][0m Clicking element id=elem_50 role=button identifier= label=Commit title=Commit value= desc= bounds=none matching 'Commit( Changes)?'
[0;34m[22:31:22][0m Candidate for 'Commit( Changes)?': score=10 match=label id=elem_50 role=button identifier= label=Commit title=Commit bounds=none
[0;34m[22:31:24][0m Screenshot saved: /Users/admin/nixmac-peekaboo-local-e2e/artifacts/computer-use-local/2026-05-06_05-30-15-368Z/screenshots/05-customization-returned-to-describe-1778045484.png
[0;32m[PASS][0m peekabooProviderSaveFlow: Untracked customizations Save step committed changes and returned to Describe
[0;34m[22:31:24][0m === Phase 6: Restore Untracked customizations baseline from History ===
[0;34m[22:31:24][0m Clicking element id=elem_8 role=button identifier= label=History title=History value= desc=History bounds=none matching '^History( |\(|$)'
[0;34m[22:31:24][0m Candidate for '^History( |\(|$)': score=10 match=label id=elem_8 role=button identifier= label=History title=History bounds=none
[0;34m[22:31:27][0m Screenshot saved: /Users/admin/nixmac-peekaboo-local-e2e/artifacts/computer-use-local/2026-05-06_05-30-15-368Z/screenshots/06-history-before-restore-1778045487.png
[0;34m[22:31:28][0m Clicking element id=elem_32 role=button identifier= label=Restore title=Restore value= desc= bounds=none matching '^Restore$'
[0;34m[22:31:28][0m Candidate for '^Restore$': score=10 match=label id=elem_32 role=button identifier= label=Restore title=Restore bounds=none
[0;34m[22:31:31][0m Screenshot saved: /Users/admin/nixmac-peekaboo-local-e2e/artifacts/computer-use-local/2026-05-06_05-30-15-368Z/screenshots/07-history-restore-preview-1778045490.png
[0;34m[22:31:31][0m Clicking element id=elem_22 role=button identifier= label=Confirm Restore title=Confirm Restore value= desc= bounds=none matching 'history-confirm-restore-button|^Confirm Restore$'
[0;34m[22:31:31][0m Candidate for 'history-confirm-restore-button|^Confirm Restore$': score=10 match=label id=elem_22 role=button identifier= label=Confirm Restore title=Confirm Restore bounds=none
[0;34m[22:31:32][0m Candidate for 'history-confirm-restore-button|^Confirm Restore$': score=10 match=label id=elem_22 role=button identifier= label=Confirm Restore title=Confirm Restore bounds=none
[0;34m[22:31:34][0m Clicking query 'Confirm Restore'
[0;34m[22:31:34][0m Click query 'Confirm Restore' output: Error: The operation couldn’t be completed. (PeekabooBridge.PeekabooBridgeErrorEnvelope error 1.)
[0;34m[22:31:35][0m Coordinate fallback click for history confirm restore at 1148,307
[0;34m[22:31:35][0m CGEvent fallback click for history confirm restore at 1148,307
[0;34m[22:31:38][0m Confirm Restore still visible after attempt 1; retrying
[0;34m[22:31:38][0m Clicking element id=elem_22 role=button identifier= label=Confirm Restore title=Confirm Restore value= desc= bounds=none matching 'history-confirm-restore-button|^Confirm Restore$'
[0;34m[22:31:38][0m Candidate for 'history-confirm-restore-button|^Confirm Restore$': score=10 match=label id=elem_22 role=button identifier= label=Confirm Restore title=Confirm Restore bounds=none
[0;34m[22:31:39][0m Candidate for 'history-confirm-restore-button|^Confirm Restore$': score=10 match=label id=elem_22 role=button identifier= label=Confirm Restore title=Confirm Restore bounds=none
[0;34m[22:31:41][0m Clicking query 'Confirm Restore'
[0;34m[22:31:42][0m Click query 'Confirm Restore' output: Error: The operation couldn’t be completed. (PeekabooBridge.PeekabooBridgeErrorEnvelope error 1.)
[0;34m[22:31:42][0m Coordinate fallback click for history confirm restore at 1148,307
[0;34m[22:31:42][0m CGEvent fallback click for history confirm restore at 1148,307
[0;34m[22:31:45][0m Confirm Restore still visible after attempt 2; retrying
[0;34m[22:31:45][0m Clicking element id=elem_22 role=button identifier= label=Confirm Restore title=Confirm Restore value= desc= bounds=none matching 'history-confirm-restore-button|^Confirm Restore$'
[0;34m[22:31:45][0m Candidate for 'history-confirm-restore-button|^Confirm Restore$': score=10 match=label id=elem_22 role=button identifier= label=Confirm Restore title=Confirm Restore bounds=none
[0;34m[22:31:46][0m Candidate for 'history-confirm-restore-button|^Confirm Restore$': score=10 match=label id=elem_22 role=button identifier= label=Confirm Restore title=Confirm Restore bounds=none
[0;34m[22:31:47][0m Clicking query 'Confirm Restore'
[0;34m[22:31:48][0m Click query 'Confirm Restore' output: Error: The operation couldn’t be completed. (PeekabooBridge.PeekabooBridgeErrorEnvelope error 1.)
[0;34m[22:31:48][0m Coordinate fallback click for history confirm restore at 1148,307
[0;34m[22:31:49][0m CGEvent fallback click for history confirm restore at 1148,307
[0;34m[22:31:51][0m Confirm Restore still visible after attempt 3; retrying
[0;31m[FAIL][0m Untracked customizations History restore did not return disposable config repo to baseline
[0;34m[22:31:52][0m Screenshot saved: /Users/admin/nixmac-peekaboo-local-e2e/artifacts/computer-use-local/2026-05-06_05-30-15-368Z/screenshots/failure-1778045511-1778045511.png
[0;34m[22:31:52][0m Stopping recorder (PID: 26451)...
[0;34m[22:32:07][0m Video saved: /Users/admin/nixmac-peekaboo-local-e2e/artifacts/computer-use-local/2026-05-06_05-30-15-368Z/video/peekaboo-e2e.mp4 (580K)
[0;34m[22:32:11][0m Uninstalling Nix...
 INFO nix-installer v3.19.0
 INFO nix-installer v3.19.0
[31m`nix-darwin` installation detected, it must be removed before uninstalling Nix. Please refer to https://github.com/LnL7/nix-darwin#uninstalling for instructions how to uninstall `nix-darwin`.[39m
[0;32m[PASS][0m Nix uninstalled
[0;34m[22:32:12][0m E2E report written: /Users/admin/nixmac-peekaboo-local-e2e/artifacts/computer-use-local/2026-05-06_05-30-15-368Z/e2e-report/macos_customization_save_rollback_smoke/e2e-report.json
