
[0;34m[16:23:54][0m === macos-e2e test runner ===
[0;34m[16:23:54][0m Started at Tue May  5 16:23:54 PDT 2026
[0;34m[16:23:54][0m Machine: DXU97120 | macOS 26.2
[0;34m[16:23:54][0m Working directory: /Users/admin/nixmac-peekaboo-local-e2e/tests/e2e
[0;34m[16:23:59][0m Scenario: macos_homebrew_save_rollback_smoke
[0;34m[16:23:59][0m Starting screen recording: /Users/admin/nixmac-peekaboo-local-e2e/artifacts/computer-use-local/2026-05-05_23-23-52-528Z/video/peekaboo-e2e.mp4
[0;34m[16:24:02][0m Recorder started (PID: 76788)
[0;34m[16:24:02][0m === Phase 1: Prepare Homebrew managed-badge fixture ===
[0;32m[PASS][0m Peekaboo Bridge connected
[0;32m[PASS][0m Peekaboo permissions OK
[1;33m[WARN][0m No ADMIN_PASSWORD set, cannot unlock screen
[0;34m[16:24:04][0m Clearing nixmac app state...
[0;32m[PASS][0m App state cleared
[0;34m[16:24:04][0m Seeded nixmac settings at /Users/admin/Library/Application Support/com.darkmatter.nixmac/settings.json with provider http://127.0.0.1:61414/v1
[0;34m[16:24:04][0m Installed E2E system activation shim at /var/folders/lw/q3m765kd17z3h2g36tw6qk000000gp/T//nixmac-e2e-system-mock-bin.MIO7GH
[0;32m[PASS][0m peekabooProviderFixture: Prepared Homebrew managed-badge fixture, deterministic HTTP provider, completion logging, and mock rebuild flag
[0;34m[16:24:04][0m === Phase 2: Launch nixmac for Untracked Homebrew items proof ===
[0;34m[16:24:04][0m Launching nixmac...
[0;32m[PASS][0m App launched: nixmac
[diagnostic] Captured Peekaboo diagnostics for nixmac (empty-app-scope): /Users/admin/nixmac-peekaboo-local-e2e/artifacts/computer-use-local/2026-05-05_23-23-52-528Z/diagnostics/20260505T232417Z-nixmac-empty-app-scope-*
[0;34m[16:24:21][0m Screenshot saved: /Users/admin/nixmac-peekaboo-local-e2e/artifacts/computer-use-local/2026-05-05_23-23-52-528Z/screenshots/01-homebrew-launched-1778023461.png
[0;32m[PASS][0m peekabooProviderLaunch: App launched for Untracked Homebrew items proof
[0;34m[16:24:24][0m === Phase 3: Apply Untracked Homebrew items to config ===
[0;34m[16:24:24][0m Clicking element elem_42 matching '[0-9]+ untracked Homebrew'
[0;34m[16:24:27][0m Screenshot saved: /Users/admin/nixmac-peekaboo-local-e2e/artifacts/computer-use-local/2026-05-05_23-23-52-528Z/screenshots/02-homebrew-popover-1778023467.png
[0;34m[16:24:28][0m Untracked Homebrew items Add to config was already accepted and is applying
[0;34m[16:24:32][0m Screenshot saved: /Users/admin/nixmac-peekaboo-local-e2e/artifacts/computer-use-local/2026-05-05_23-23-52-528Z/screenshots/homebrew-review-unexpected-paths-1778023472.png
[0;31m[FAIL][0m Untracked Homebrew items review did not touch an expected config surface; changed paths: .nixmac/default.nix
.nixmac/homebrew/data.json
.nixmac/homebrew/default.nix
.nixmac/homebrew/meta.json
flake.nix
[0;34m[16:24:33][0m Screenshot saved: /Users/admin/nixmac-peekaboo-local-e2e/artifacts/computer-use-local/2026-05-05_23-23-52-528Z/screenshots/failure-1778023473-1778023473.png
[0;34m[16:24:33][0m Stopping recorder (PID: 76788)...
[0;34m[16:24:41][0m Video saved: /Users/admin/nixmac-peekaboo-local-e2e/artifacts/computer-use-local/2026-05-05_23-23-52-528Z/video/peekaboo-e2e.mp4 (248K)
[0;34m[16:24:45][0m Uninstalling Nix...
 INFO nix-installer v3.19.0
 INFO nix-installer v3.19.0
[31m`nix-darwin` installation detected, it must be removed before uninstalling Nix. Please refer to https://github.com/LnL7/nix-darwin#uninstalling for instructions how to uninstall `nix-darwin`.[39m
[0;32m[PASS][0m Nix uninstalled
[0;34m[16:24:46][0m E2E report written: /Users/admin/nixmac-peekaboo-local-e2e/artifacts/computer-use-local/2026-05-05_23-23-52-528Z/e2e-report/macos_homebrew_save_rollback_smoke/e2e-report.json
