
[0;34m[00:02:11][0m === macos-e2e test runner ===
[0;34m[00:02:11][0m Started at Wed May  6 00:02:11 PDT 2026
[0;34m[00:02:11][0m Machine: DXU97120 | macOS 26.2
[0;34m[00:02:11][0m Working directory: /Users/admin/nixmac-peekaboo-local-e2e/tests/e2e
[0;34m[00:02:24][0m Scenario: macos_customization_save_rollback_smoke
[0;34m[00:02:24][0m Starting screen recording: /Users/admin/nixmac-peekaboo-local-e2e/artifacts/computer-use-local/2026-05-06_07-02-09-516Z/video/peekaboo-e2e.mp4
[0;34m[00:02:27][0m Recorder started (PID: 88383)
[0;34m[00:02:27][0m === Phase 1: Prepare customization managed-badge fixture ===
[0;32m[PASS][0m Peekaboo Bridge connected
[0;32m[PASS][0m Peekaboo permissions OK
[1;33m[WARN][0m No ADMIN_PASSWORD set, cannot unlock screen
[0;34m[00:02:29][0m Clearing nixmac app state...
[0;32m[PASS][0m App state cleared
[0;34m[00:02:29][0m Seeded nixmac settings at /Users/admin/Library/Application Support/com.darkmatter.nixmac/settings.json with provider http://127.0.0.1:62262/v1
[0;34m[00:02:30][0m Installed E2E system activation shim at /var/folders/lw/q3m765kd17z3h2g36tw6qk000000gp/T//nixmac-e2e-system-mock-bin.wvULrK
[0;32m[PASS][0m peekabooProviderFixture: Prepared customization managed-badge fixture, deterministic HTTP provider, completion logging, and mock rebuild flag
[0;34m[00:02:30][0m === Phase 2: Launch nixmac for Untracked customizations proof ===
[0;34m[00:02:30][0m Launching nixmac...
[0;32m[PASS][0m App launched: nixmac
[0;34m[00:02:47][0m Screenshot saved: /Users/admin/nixmac-peekaboo-local-e2e/artifacts/computer-use-local/2026-05-06_07-02-09-516Z/screenshots/01-customization-launched-1778050967.png
[0;32m[PASS][0m peekabooProviderLaunch: App launched for Untracked customizations proof
[0;34m[00:02:47][0m === Phase 3: Apply Untracked customizations to config ===
[0;34m[00:02:53][0m Clicking element id=elem_41 role=button identifier= label=1 untracked customization title=1 untracked customization value= desc= bounds=none matching '[0-9]+ untracked customization|[0-9]+ untracked Mac customization'
[0;34m[00:02:53][0m Candidate for '[0-9]+ untracked customization|[0-9]+ untracked Mac customization': score=10 match=label id=elem_41 role=button identifier= label=1 untracked customization title=1 untracked customization bounds=none
[0;34m[00:03:17][0m Clicking query 'untracked customization'
[0;34m[00:03:18][0m Click query 'untracked customization' output: Error: The operation couldn’t be completed. (PeekabooBridge.PeekabooBridgeErrorEnvelope error 1.)
[0;34m[00:03:23][0m Coordinate fallback click for Untracked customizations badge at 1128,541
[0;34m[00:03:32][0m CGEvent fallback click for Untracked customizations badge at 1128,541
[0;31m[FAIL][0m Untracked customizations badge was not reachable
[0;34m[00:03:41][0m Screenshot saved: /Users/admin/nixmac-peekaboo-local-e2e/artifacts/computer-use-local/2026-05-06_07-02-09-516Z/screenshots/failure-1778051020-1778051020.png
[0;34m[00:03:41][0m Stopping recorder (PID: 88383)...
[0;34m[00:03:58][0m Video saved: /Users/admin/nixmac-peekaboo-local-e2e/artifacts/computer-use-local/2026-05-06_07-02-09-516Z/video/peekaboo-e2e.mp4 (476K)
[0;34m[00:04:01][0m Uninstalling Nix...
 INFO nix-installer v3.19.0
 INFO nix-installer v3.19.0
[31m`nix-darwin` installation detected, it must be removed before uninstalling Nix. Please refer to https://github.com/LnL7/nix-darwin#uninstalling for instructions how to uninstall `nix-darwin`.[39m
[0;32m[PASS][0m Nix uninstalled
[0;34m[00:04:02][0m E2E report written: /Users/admin/nixmac-peekaboo-local-e2e/artifacts/computer-use-local/2026-05-06_07-02-09-516Z/e2e-report/macos_customization_save_rollback_smoke/e2e-report.json
