
[0;34m[19:42:47][0m === macos-e2e test runner ===
[0;34m[19:42:47][0m Started at Tue May  5 19:42:47 PDT 2026
[0;34m[19:42:47][0m Machine: DXU97120 | macOS 26.2
[0;34m[19:42:47][0m Working directory: /Users/admin/nixmac-peekaboo-local-e2e/tests/e2e
[0;34m[19:42:56][0m Scenario: macos_support_dialogs_smoke
[0;34m[19:42:56][0m Starting screen recording: /Users/admin/nixmac-peekaboo-local-e2e/artifacts/computer-use-local/2026-05-06_02-42-46-277Z/video/peekaboo-e2e.mp4
[0;34m[19:42:59][0m Recorder started (PID: 36548)
[0;34m[19:42:59][0m === Phase 1: Prepare support dialog fixture ===
[0;32m[PASS][0m Peekaboo Bridge connected
[0;32m[PASS][0m Peekaboo permissions OK
[1;33m[WARN][0m No ADMIN_PASSWORD set, cannot unlock screen
[0;34m[19:42:59][0m Clearing nixmac app state...
[0;32m[PASS][0m App state cleared
[0;34m[19:42:59][0m Seeded nixmac settings at /Users/admin/Library/Application Support/com.darkmatter.nixmac/settings.json
[0;32m[PASS][0m peekabooCoreFixture: Prepared deterministic config and local provider-validation settings
[0;34m[19:42:59][0m === Phase 2: Launch nixmac app ===
[0;34m[19:42:59][0m Launching nixmac...
[0;32m[PASS][0m App launched: nixmac
[0;34m[19:43:18][0m Screenshot saved: /Users/admin/nixmac-peekaboo-local-e2e/artifacts/computer-use-local/2026-05-06_02-42-46-277Z/screenshots/01-support-launch-1778035397.png
[0;32m[PASS][0m peekabooCoreLaunch: App shell rendered before support dialog proof
[0;34m[19:43:18][0m === Phase 3: Prove Report Issue dialog ===
[0;34m[19:43:18][0m Clicking element elem_46 matching 'Report Issue'
[0;34m[19:43:19][0m Redacted text snapshot saved: /Users/admin/nixmac-peekaboo-local-e2e/artifacts/computer-use-local/2026-05-06_02-42-46-277Z/diagnostics/text/report-issue-text.txt
[0;34m[19:43:20][0m Redacted text snapshot saved: /Users/admin/nixmac-peekaboo-local-e2e/artifacts/computer-use-local/2026-05-06_02-42-46-277Z/diagnostics/text/report-issue-text.txt
[0;34m[19:43:21][0m Screenshot saved: /Users/admin/nixmac-peekaboo-local-e2e/artifacts/computer-use-local/2026-05-06_02-42-46-277Z/screenshots/02-report-issue-1778035400.png
[0;32m[PASS][0m peekabooCoreReportIssue: Report Issue dialog opened and was cancelled without submission
[0;34m[19:43:32][0m === Phase 4: Prove Feedback dialog ===
[0;34m[19:43:32][0m Clicking element elem_9 matching '^Give feedback$|Give feedback'
[0;34m[19:43:33][0m Redacted text snapshot saved: /Users/admin/nixmac-peekaboo-local-e2e/artifacts/computer-use-local/2026-05-06_02-42-46-277Z/diagnostics/text/feedback-text.txt
[0;34m[19:43:36][0m Redacted text snapshot saved: /Users/admin/nixmac-peekaboo-local-e2e/artifacts/computer-use-local/2026-05-06_02-42-46-277Z/diagnostics/text/feedback-text.txt
[0;34m[19:43:37][0m Screenshot saved: /Users/admin/nixmac-peekaboo-local-e2e/artifacts/computer-use-local/2026-05-06_02-42-46-277Z/screenshots/03-feedback-1778035417.png
[0;32m[PASS][0m peekabooCoreFeedback: Feedback dialog opened and was cancelled without submission
[0;34m[19:43:46][0m Stopping recorder (PID: 36548)...
[0;34m[19:43:57][0m Video saved: /Users/admin/nixmac-peekaboo-local-e2e/artifacts/computer-use-local/2026-05-06_02-42-46-277Z/video/peekaboo-e2e.mp4 (324K)
[0;34m[19:43:57][0m ==========================================
[0;34m[19:43:57][0m   Test Results
[0;34m[19:43:57][0m ==========================================
  [0;32m✅[0m Phase 1: peekabooCoreFixture: Prepared deterministic config and local provider-validation settings
  [0;32m✅[0m Phase 2: peekabooCoreLaunch: App shell rendered before support dialog proof
  [0;32m✅[0m Phase 3: peekabooCoreReportIssue: Report Issue dialog opened and was cancelled without submission
  [0;32m✅[0m Phase 4: peekabooCoreFeedback: Feedback dialog opened and was cancelled without submission

  [0;32mAll 8 checks passed[0m
[0;34m[19:43:57][0m ==========================================
[0;34m[19:43:58][0m E2E report written: /Users/admin/nixmac-peekaboo-local-e2e/artifacts/computer-use-local/2026-05-06_02-42-46-277Z/e2e-report/macos_support_dialogs_smoke/e2e-report.json
[0;34m[19:43:58][0m 
[0;34m[19:43:58][0m Screenshots: /Users/admin/nixmac-peekaboo-local-e2e/artifacts/computer-use-local/2026-05-06_02-42-46-277Z/screenshots
[0;34m[19:43:58][0m Video: /Users/admin/nixmac-peekaboo-local-e2e/artifacts/computer-use-local/2026-05-06_02-42-46-277Z/video/peekaboo-e2e.mp4
[0;34m[19:43:58][0m Log: /Users/admin/nixmac-peekaboo-local-e2e/artifacts/computer-use-local/2026-05-06_02-42-46-277Z/peekaboo-e2e.log
[0;34m[19:44:01][0m Uninstalling Nix...
 INFO nix-installer v3.19.0
 INFO nix-installer v3.19.0
[31m`nix-darwin` installation detected, it must be removed before uninstalling Nix. Please refer to https://github.com/LnL7/nix-darwin#uninstalling for instructions how to uninstall `nix-darwin`.[39m
[0;32m[PASS][0m Nix uninstalled
