
[0;34m[01:45:38][0m === macos-e2e test runner ===
[0;34m[01:45:38][0m Started at Wed May  6 01:45:38 PDT 2026
[0;34m[01:45:38][0m Machine: DXU97120 | macOS 26.2
[0;34m[01:45:38][0m Working directory: /Users/admin/nixmac-peekaboo-local-e2e/tests/e2e
[0;34m[01:45:54][0m Scenario: macos_provider_evolve_full_smoke
[0;34m[01:45:54][0m Starting screen recording: /Users/admin/nixmac-peekaboo-local-e2e/artifacts/computer-use-local/2026-05-06_08-45-37-257Z/video/peekaboo-e2e.mp4
[0;34m[01:45:57][0m Recorder started (PID: 92898)
[0;34m[01:45:57][0m === Phase 1: Prepare provider-backed macOS fixture ===
[0;32m[PASS][0m Peekaboo Bridge connected
[0;32m[PASS][0m Peekaboo permissions OK
[1;33m[WARN][0m No ADMIN_PASSWORD set, cannot unlock screen
[0;34m[01:45:59][0m Clearing nixmac app state...
[0;32m[PASS][0m App state cleared
[0;34m[01:45:59][0m Seeded nixmac settings at /Users/admin/Library/Application Support/com.darkmatter.nixmac/settings.json with provider http://127.0.0.1:62418/v1
[0;34m[01:45:59][0m Installed E2E system activation shim at /var/folders/lw/q3m765kd17z3h2g36tw6qk000000gp/T//nixmac-e2e-system-mock-bin.Q31kM6
[0;32m[PASS][0m peekabooProviderFixture: Prepared config repo, deterministic HTTP provider, completion logging, and mock rebuild flag
[0;34m[01:45:59][0m === Phase 2: Launch nixmac app ===
[0;34m[01:45:59][0m Launching nixmac...
[0;32m[PASS][0m App launched: nixmac
[0;34m[01:46:15][0m Screenshot saved: /Users/admin/nixmac-peekaboo-local-e2e/artifacts/computer-use-local/2026-05-06_08-45-37-257Z/screenshots/01-launched-1778057174.png
[0;32m[PASS][0m peekabooProviderLaunch: App launched
[0;34m[01:46:15][0m === Phase 3: Submit descriptor into real prompt ===
[0;34m[01:46:15][0m Clicking element id=elem_33 role=textField identifier= label=Describe changes to make to your configuration. title= value= desc= bounds=none matching 'evolve-prompt-input|Configuration change descriptor|Describe changes to make to your configuration'
[0;34m[01:46:15][0m Candidate for 'evolve-prompt-input|Configuration change descriptor|Describe changes to make to your configuration': score=10 match=label id=elem_33 role=textField identifier= label=Describe changes to make to your configuration. title= bounds=none
[0;34m[01:46:28][0m Screenshot saved: /Users/admin/nixmac-peekaboo-local-e2e/artifacts/computer-use-local/2026-05-06_08-45-37-257Z/screenshots/02-descriptor-typed-1778057188.png
[0;34m[01:46:28][0m Clicking element id=elem_37 role=button identifier= label=Send title=Send value= desc= bounds=none matching 'evolve-prompt-send|Submit configuration change descriptor|Send'
[0;34m[01:46:28][0m Candidate for 'evolve-prompt-send|Submit configuration change descriptor|Send': score=10 match=label id=elem_37 role=button identifier= label=Send title=Send bounds=none
[0;32m[PASS][0m peekabooProviderTypedIntent: Descriptor submitted
[0;34m[01:46:29][0m === Phase 4: Verify provider-driven evolution reaches Review ===
[0;34m[01:46:31][0m Screenshot saved: /Users/admin/nixmac-peekaboo-local-e2e/artifacts/computer-use-local/2026-05-06_08-45-37-257Z/screenshots/03-review-provider-evolved-1778057190.png
[0;32m[PASS][0m peekabooProviderReview: Provider calls observed and Review step reached
[0;34m[01:46:31][0m === Phase 5: Build and Test through mocked macOS activation ===
[0;34m[01:46:34][0m Clicking element id=elem_32 role=button identifier= label=Build & Test title=Build & Test value= desc= bounds=none matching 'Build & Test'
[0;34m[01:46:34][0m Candidate for 'Build & Test': score=10 match=label id=elem_32 role=button identifier= label=Build & Test title=Build & Test bounds=none
[0;34m[01:46:50][0m No build confirmation prompt observed
[0;34m[01:46:51][0m Screenshot saved: /Users/admin/nixmac-peekaboo-local-e2e/artifacts/computer-use-local/2026-05-06_08-45-37-257Z/screenshots/04-save-step-after-build-1778057211.png
[0;32m[PASS][0m peekabooProviderBuildBoundary: Build & Test advanced to Save step using explicit E2E mock activation
[0;34m[01:46:51][0m === Phase 6: Commit saved changes ===
[0;34m[01:47:07][0m Commit-message suggestion was not available; using deterministic manual commit text
[0;34m[01:47:08][0m Screenshot saved: /Users/admin/nixmac-peekaboo-local-e2e/artifacts/computer-use-local/2026-05-06_08-45-37-257Z/screenshots/commit-message-manual-fallback-1778057227.png
[0;34m[01:47:08][0m Clicking element id=elem_46 role=textField identifier= label=Loading... title= value= desc= bounds=none matching 'commitMsg|Loading|Commit message|Commit Changes'
[0;34m[01:47:08][0m Candidate for 'commitMsg|Loading|Commit message|Commit Changes': score=10 match=label id=elem_46 role=textField identifier= label=Loading... title= bounds=none
[0;34m[01:47:10][0m Clicking element id=elem_47 role=button identifier= label=Commit title=Commit value= desc= bounds=none matching 'Commit( Changes)?'
[0;34m[01:47:10][0m Candidate for 'Commit( Changes)?': score=10 match=label id=elem_47 role=button identifier= label=Commit title=Commit bounds=none
[0;34m[01:47:12][0m Screenshot saved: /Users/admin/nixmac-peekaboo-local-e2e/artifacts/computer-use-local/2026-05-06_08-45-37-257Z/screenshots/05-returned-to-describe-1778057232.png
[0;32m[PASS][0m peekabooProviderSaveFlow: Save step committed changes and returned to Describe
[0;34m[01:47:12][0m === Phase 7: Restore baseline from History ===
[0;34m[01:47:12][0m Clicking element id=elem_8 role=button identifier= label=History title=History value= desc=History bounds=none matching '^History( |\(|$)'
[0;34m[01:47:12][0m Candidate for '^History( |\(|$)': score=10 match=label id=elem_8 role=button identifier= label=History title=History bounds=none
[0;34m[01:47:15][0m Screenshot saved: /Users/admin/nixmac-peekaboo-local-e2e/artifacts/computer-use-local/2026-05-06_08-45-37-257Z/screenshots/06-history-before-restore-1778057235.png
[0;34m[01:47:16][0m Clicking element id=elem_31 role=button identifier= label=Restore title=Restore value= desc= bounds=none matching '^Restore$'
[0;34m[01:47:16][0m Candidate for '^Restore$': score=10 match=label id=elem_31 role=button identifier= label=Restore title=Restore bounds=none
[0;34m[01:47:18][0m Screenshot saved: /Users/admin/nixmac-peekaboo-local-e2e/artifacts/computer-use-local/2026-05-06_08-45-37-257Z/screenshots/07-history-restore-preview-1778057238.png
[0;34m[01:47:18][0m System Events button click for 'Confirm Restore'
[0;34m[01:47:19][0m Clicking element id=elem_22 role=button identifier= label=Confirm Restore title=Confirm Restore value= desc= bounds=none matching 'history-confirm-restore-button|^Confirm Restore$'
[0;34m[01:47:19][0m Candidate for 'history-confirm-restore-button|^Confirm Restore$': score=10 match=label id=elem_22 role=button identifier= label=Confirm Restore title=Confirm Restore bounds=none
[0;34m[01:47:20][0m Candidate for 'history-confirm-restore-button|^Confirm Restore$': score=10 match=label id=elem_22 role=button identifier= label=Confirm Restore title=Confirm Restore bounds=none
[0;34m[01:47:27][0m Clicking query 'Confirm Restore'
[0;34m[01:47:28][0m Click query 'Confirm Restore' output: Error: The operation couldn’t be completed. (PeekabooBridge.PeekabooBridgeErrorEnvelope error 1.)
[0;34m[01:47:28][0m Coordinate fallback click for history confirm restore primary action at 1124,307
[0;34m[01:47:28][0m CGEvent fallback click for history confirm restore primary action at 1124,307
[0;34m[01:47:29][0m Coordinate fallback click for history confirm restore at 1148,307
[0;34m[01:47:30][0m CGEvent fallback click for history confirm restore at 1148,307
[0;34m[01:47:40][0m Screenshot saved: /Users/admin/nixmac-peekaboo-local-e2e/artifacts/computer-use-local/2026-05-06_08-45-37-257Z/screenshots/08-after-history-restore-1778057260.png
[0;34m[01:47:40][0m history restore complete: HEAD=5748d98
[0;34m[01:47:40][0m history restore complete: latest=Restore commit 382dc28e
[0;34m[01:47:40][0m history restore complete: status=
[0;34m[01:47:40][0m history restore complete: baseline-diff=
[0;34m[01:47:40][0m history restore complete: ripgrep absent from flake.nix
[0;32m[PASS][0m peekabooProviderRollbackCleanup: History restore returned disposable config repo to baseline
[0;34m[01:47:41][0m === Phase 8: Audit provider evidence ===
[0;34m[01:47:41][0m Provider request log: /var/folders/lw/q3m765kd17z3h2g36tw6qk000000gp/T//nixmac-e2e-provider-calls.0FEdiU
[0;34m[01:47:41][0m Completion log dir: /var/folders/lw/q3m765kd17z3h2g36tw6qk000000gp/T//nixmac-e2e-completions.FxD7lU
[0;32m[PASS][0m peekabooProviderAudit: Observed 2 provider HTTP requests across evolve and summary paths
[0;34m[01:47:41][0m Stopping recorder (PID: 92898)...
[0;34m[01:47:59][0m Video saved: /Users/admin/nixmac-peekaboo-local-e2e/artifacts/computer-use-local/2026-05-06_08-45-37-257Z/video/peekaboo-e2e.mp4 (728K)
[0;34m[01:47:59][0m ==========================================
[0;34m[01:47:59][0m   Test Results
[0;34m[01:47:59][0m ==========================================
  [0;32m✅[0m Phase 1: peekabooProviderFixture: Prepared config repo, deterministic HTTP provider, completion logging, and mock rebuild flag
  [0;32m✅[0m Phase 2: peekabooProviderLaunch: App launched
  [0;32m✅[0m Phase 3: peekabooProviderTypedIntent: Descriptor submitted
  [0;32m✅[0m Phase 4: peekabooProviderReview: Provider calls observed and Review step reached
  [0;32m✅[0m Phase 5: peekabooProviderBuildBoundary: Build & Test advanced to Save step using explicit E2E mock activation
  [0;32m✅[0m Phase 6: peekabooProviderSaveFlow: Save step committed changes and returned to Describe
  [0;32m✅[0m Phase 7: peekabooProviderRollbackCleanup: History restore returned disposable config repo to baseline
  [0;32m✅[0m Phase 8: peekabooProviderAudit: Observed 2 provider HTTP requests across evolve and summary paths

  [0;32mAll 12 checks passed[0m
[0;34m[01:47:59][0m ==========================================
[0;34m[01:48:00][0m E2E report written: /Users/admin/nixmac-peekaboo-local-e2e/artifacts/computer-use-local/2026-05-06_08-45-37-257Z/e2e-report/macos_provider_evolve_full_smoke/e2e-report.json
[0;34m[01:48:00][0m 
[0;34m[01:48:00][0m Screenshots: /Users/admin/nixmac-peekaboo-local-e2e/artifacts/computer-use-local/2026-05-06_08-45-37-257Z/screenshots
[0;34m[01:48:00][0m Video: /Users/admin/nixmac-peekaboo-local-e2e/artifacts/computer-use-local/2026-05-06_08-45-37-257Z/video/peekaboo-e2e.mp4
[0;34m[01:48:00][0m Log: /Users/admin/nixmac-peekaboo-local-e2e/artifacts/computer-use-local/2026-05-06_08-45-37-257Z/peekaboo-e2e.log
[0;34m[01:48:03][0m Uninstalling Nix...
 INFO nix-installer v3.19.0
 INFO nix-installer v3.19.0
[31m`nix-darwin` installation detected, it must be removed before uninstalling Nix. Please refer to https://github.com/LnL7/nix-darwin#uninstalling for instructions how to uninstall `nix-darwin`.[39m
[0;32m[PASS][0m Nix uninstalled
