
[0;34m[00:06:52][0m === macos-e2e test runner ===
[0;34m[00:06:52][0m Started at Wed May  6 00:06:52 PDT 2026
[0;34m[00:06:52][0m Machine: DXU97120 | macOS 26.2
[0;34m[00:06:52][0m Working directory: /Users/admin/nixmac-peekaboo-local-e2e/tests/e2e
[0;34m[00:07:05][0m Scenario: macos_provider_discard_smoke
[0;34m[00:07:05][0m Starting screen recording: /Users/admin/nixmac-peekaboo-local-e2e/artifacts/computer-use-local/2026-05-06_07-06-51-037Z/video/peekaboo-e2e.mp4
[0;34m[00:07:09][0m Recorder started (PID: 95565)
[0;34m[00:07:09][0m === Phase 1: Prepare provider-backed discard fixture ===
[0;32m[PASS][0m Peekaboo Bridge connected
[0;32m[PASS][0m Peekaboo permissions OK
[1;33m[WARN][0m No ADMIN_PASSWORD set, cannot unlock screen
[0;34m[00:07:11][0m Clearing nixmac app state...
[0;32m[PASS][0m App state cleared
[0;34m[00:07:11][0m Seeded nixmac settings at /Users/admin/Library/Application Support/com.darkmatter.nixmac/settings.json with provider http://127.0.0.1:62273/v1
[0;34m[00:07:11][0m Installed E2E system activation shim at /var/folders/lw/q3m765kd17z3h2g36tw6qk000000gp/T//nixmac-e2e-system-mock-bin.c36VwZ
[0;32m[PASS][0m peekabooProviderFixture: Prepared discard config repo, deterministic HTTP provider, completion logging, and mock rebuild flag
[0;34m[00:07:11][0m === Phase 2: Launch nixmac app for discard proof ===
[0;34m[00:07:11][0m Launching nixmac...
[0;32m[PASS][0m App launched: nixmac
[0;34m[00:07:26][0m Screenshot saved: /Users/admin/nixmac-peekaboo-local-e2e/artifacts/computer-use-local/2026-05-06_07-06-51-037Z/screenshots/01-discard-launched-1778051245.png
[0;32m[PASS][0m peekabooProviderLaunch: App launched for discard proof
[0;34m[00:07:26][0m === Phase 3: Submit descriptor into real prompt for discard proof ===
[0;34m[00:07:29][0m Clicking element id=elem_33 role=textField identifier= label=Describe changes to make to your configuration. title= value= desc= bounds=none matching 'evolve-prompt-input|Configuration change descriptor|Describe changes to make to your configuration'
[0;34m[00:07:29][0m Candidate for 'evolve-prompt-input|Configuration change descriptor|Describe changes to make to your configuration': score=10 match=label id=elem_33 role=textField identifier= label=Describe changes to make to your configuration. title= bounds=none
[0;34m[00:07:42][0m Screenshot saved: /Users/admin/nixmac-peekaboo-local-e2e/artifacts/computer-use-local/2026-05-06_07-06-51-037Z/screenshots/discard-descriptor-type-retry-1-1778051261.png
[0;34m[00:07:42][0m Descriptor value was not visible after attempt 1; refocusing and retrying
[0;34m[00:08:00][0m Coordinate fallback click for discard descriptor prompt input at 960,457
[0;34m[00:08:10][0m Screenshot saved: /Users/admin/nixmac-peekaboo-local-e2e/artifacts/computer-use-local/2026-05-06_07-06-51-037Z/screenshots/discard-descriptor-type-retry-2-1778051289.png
[0;34m[00:08:10][0m Descriptor value was not visible after attempt 2; refocusing and retrying
[0;34m[00:08:28][0m Coordinate fallback click for discard descriptor prompt input at 960,457
[0;34m[00:08:37][0m Screenshot saved: /Users/admin/nixmac-peekaboo-local-e2e/artifacts/computer-use-local/2026-05-06_07-06-51-037Z/screenshots/discard-descriptor-type-retry-3-1778051317.png
[0;34m[00:08:37][0m Descriptor value was not visible after attempt 3; refocusing and retrying
[0;31m[FAIL][0m Typed descriptor was not visible in the prompt input
[0;34m[00:08:40][0m Screenshot saved: /Users/admin/nixmac-peekaboo-local-e2e/artifacts/computer-use-local/2026-05-06_07-06-51-037Z/screenshots/failure-1778051320-1778051320.png
[0;34m[00:08:40][0m Stopping recorder (PID: 95565)...
[0;34m[00:08:57][0m Video saved: /Users/admin/nixmac-peekaboo-local-e2e/artifacts/computer-use-local/2026-05-06_07-06-51-037Z/video/peekaboo-e2e.mp4 (644K)
[0;34m[00:09:01][0m Uninstalling Nix...
 INFO nix-installer v3.19.0
 INFO nix-installer v3.19.0
[31m`nix-darwin` installation detected, it must be removed before uninstalling Nix. Please refer to https://github.com/LnL7/nix-darwin#uninstalling for instructions how to uninstall `nix-darwin`.[39m
[0;32m[PASS][0m Nix uninstalled
[0;34m[00:09:02][0m E2E report written: /Users/admin/nixmac-peekaboo-local-e2e/artifacts/computer-use-local/2026-05-06_07-06-51-037Z/e2e-report/macos_provider_discard_smoke/e2e-report.json
