
[0;34m[18:23:09][0m === macos-e2e test runner ===
[0;34m[18:23:09][0m Started at Thu May  7 18:23:09 PDT 2026
[0;34m[18:23:09][0m Machine: DXU97120 | macOS 26.2
[0;34m[18:23:09][0m Working directory: /Users/admin/nixmac-peekaboo-local-e2e/tests/e2e
[0;34m[18:23:10][0m Scenario: macos_console_smoke
[0;34m[18:23:10][0m Starting screen recording: /Users/admin/nixmac-peekaboo-local-e2e/artifacts/computer-use-local/2026-05-08_01-23-08-301Z/video/peekaboo-e2e.mp4
[0;34m[18:23:14][0m Attempted to dismiss Terminal Automation permission prompt
[0;34m[18:23:17][0m Recorder started (PID: 11409)
[0;34m[18:23:17][0m === Phase 1: Prepare Console fixture ===
[0;32m[PASS][0m Peekaboo Bridge connected
[0;32m[PASS][0m Peekaboo permissions OK
[1;33m[WARN][0m No ADMIN_PASSWORD set, cannot unlock screen
[0;34m[18:23:18][0m Clearing nixmac app state...
[diagnostic] Captured Peekaboo diagnostics for nixmac (pre-clear): /Users/admin/nixmac-peekaboo-local-e2e/artifacts/computer-use-local/2026-05-08_01-23-08-301Z/diagnostics/20260508T012318Z-nixmac-pre-clear-*
[0;32m[PASS][0m App state cleared
[0;34m[18:23:20][0m Seeded nixmac settings at /Users/admin/Library/Application Support/com.darkmatter.nixmac/settings.json
[0;34m[18:23:21][0m Seeded nixmac E2E runtime at /Users/admin/Library/Application Support/com.darkmatter.nixmac/e2e-runtime.json (expires 2026-05-07 18:53:21)
[0;32m[PASS][0m peekabooCoreFixture: Prepared deterministic config and local provider-validation settings
[0;34m[18:23:21][0m === Phase 2: Launch nixmac app ===
[0;34m[18:23:21][0m Launching nixmac...
[0;32m[PASS][0m App launched: nixmac
[1;33m[WARN][0m Timed out restoring active app nixmac
[diagnostic] Captured Peekaboo diagnostics for nixmac (ready-shell-timeout): /Users/admin/nixmac-peekaboo-local-e2e/artifacts/computer-use-local/2026-05-08_01-23-08-301Z/diagnostics/20260508T012508Z-nixmac-ready-shell-timeout-*
[0;31m[FAIL][0m App shell did not expose Console footer
[0;34m[18:25:09][0m Screenshot saved: /Users/admin/nixmac-peekaboo-local-e2e/artifacts/computer-use-local/2026-05-08_01-23-08-301Z/screenshots/failure-1778203509-1778203509.png
[0;34m[18:25:10][0m Stopping recorder (PID: 11409)...
[0;34m[18:25:14][0m Video saved: /Users/admin/nixmac-peekaboo-local-e2e/artifacts/computer-use-local/2026-05-08_01-23-08-301Z/video/peekaboo-e2e.mp4 (548K)
[0;34m[18:25:18][0m Uninstalling Nix...
 INFO nix-installer v3.19.0
 INFO nix-installer v3.19.0
[31m`nix-darwin` installation detected, it must be removed before uninstalling Nix. Please refer to https://github.com/LnL7/nix-darwin#uninstalling for instructions how to uninstall `nix-darwin`.[39m
[0;32m[PASS][0m Nix uninstalled
[0;34m[18:25:20][0m E2E report written: /Users/admin/nixmac-peekaboo-local-e2e/artifacts/computer-use-local/2026-05-08_01-23-08-301Z/e2e-report/macos_console_smoke/e2e-report.json
