
[0;34m[22:32:28][0m === macos-e2e test runner ===
[0;34m[22:32:28][0m Started at Tue May  5 22:32:28 PDT 2026
[0;34m[22:32:28][0m Machine: DXU97120 | macOS 26.2
[0;34m[22:32:28][0m Working directory: /Users/admin/nixmac-peekaboo-local-e2e/tests/e2e
[0;34m[22:32:39][0m Scenario: macos_provider_evolve_full_smoke
[0;34m[22:32:39][0m Starting screen recording: /Users/admin/nixmac-peekaboo-local-e2e/artifacts/computer-use-local/2026-05-06_05-32-26-556Z/video/peekaboo-e2e.mp4
[0;34m[22:32:43][0m Recorder started (PID: 31192)
[0;34m[22:32:43][0m === Phase 1: Prepare provider-backed macOS fixture ===
[0;32m[PASS][0m Peekaboo Bridge connected
[0;32m[PASS][0m Peekaboo permissions OK
[1;33m[WARN][0m No ADMIN_PASSWORD set, cannot unlock screen
[0;34m[22:32:45][0m Clearing nixmac app state...
[0;32m[PASS][0m App state cleared
[0;34m[22:32:45][0m Seeded nixmac settings at /Users/admin/Library/Application Support/com.darkmatter.nixmac/settings.json with provider http://127.0.0.1:62141/v1
[0;34m[22:32:45][0m Installed E2E system activation shim at /var/folders/lw/q3m765kd17z3h2g36tw6qk000000gp/T//nixmac-e2e-system-mock-bin.csK4wB
[0;32m[PASS][0m peekabooProviderFixture: Prepared config repo, deterministic HTTP provider, completion logging, and mock rebuild flag
[0;34m[22:32:45][0m === Phase 2: Launch nixmac app ===
[0;34m[22:32:45][0m Launching nixmac...
[0;32m[PASS][0m App launched: nixmac
[0;34m[22:32:59][0m Screenshot saved: /Users/admin/nixmac-peekaboo-local-e2e/artifacts/computer-use-local/2026-05-06_05-32-26-556Z/screenshots/01-launched-1778045579.png
[0;32m[PASS][0m peekabooProviderLaunch: App launched
[0;34m[22:32:59][0m === Phase 3: Submit descriptor into real prompt ===
[0;34m[22:33:04][0m Clicking element id=elem_33 role=textField identifier= label=Describe changes to make to your configuration. title= value= desc= bounds=none matching 'evolve-prompt-input|Configuration change descriptor|Describe changes to make to your configuration'
[0;34m[22:33:04][0m Candidate for 'evolve-prompt-input|Configuration change descriptor|Describe changes to make to your configuration': score=10 match=label id=elem_33 role=textField identifier= label=Describe changes to make to your configuration. title= bounds=none
[0;34m[22:33:06][0m Screenshot saved: /Users/admin/nixmac-peekaboo-local-e2e/artifacts/computer-use-local/2026-05-06_05-32-26-556Z/screenshots/02-descriptor-typed-1778045585.png
[0;34m[22:33:06][0m Clicking element id=elem_37 role=button identifier= label=Send title=Send value= desc= bounds=none matching 'evolve-prompt-send|Submit configuration change descriptor|Send'
[0;34m[22:33:06][0m Candidate for 'evolve-prompt-send|Submit configuration change descriptor|Send': score=10 match=label id=elem_37 role=button identifier= label=Send title=Send bounds=none
[0;32m[PASS][0m peekabooProviderTypedIntent: Descriptor submitted
[0;34m[22:33:07][0m === Phase 4: Verify provider-driven evolution reaches Review ===
[0;34m[22:33:09][0m Screenshot saved: /Users/admin/nixmac-peekaboo-local-e2e/artifacts/computer-use-local/2026-05-06_05-32-26-556Z/screenshots/03-review-provider-evolved-1778045588.png
[0;32m[PASS][0m peekabooProviderReview: Provider calls observed and Review step reached
[0;34m[22:33:09][0m === Phase 5: Build and Test through mocked macOS activation ===
[0;34m[22:33:12][0m Clicking element id=elem_32 role=button identifier= label=Build & Test title=Build & Test value= desc= bounds=none matching 'Build & Test'
[0;34m[22:33:12][0m Candidate for 'Build & Test': score=10 match=label id=elem_32 role=button identifier= label=Build & Test title=Build & Test bounds=none
[0;34m[22:33:28][0m No build confirmation prompt observed
[0;34m[22:33:29][0m Screenshot saved: /Users/admin/nixmac-peekaboo-local-e2e/artifacts/computer-use-local/2026-05-06_05-32-26-556Z/screenshots/04-save-step-after-build-1778045609.png
[0;32m[PASS][0m peekabooProviderBuildBoundary: Build & Test advanced to Save step using explicit E2E mock activation
[0;34m[22:33:29][0m === Phase 6: Commit saved changes ===
[0;34m[22:33:45][0m Commit-message suggestion was not available; using deterministic manual commit text
[0;34m[22:33:46][0m Screenshot saved: /Users/admin/nixmac-peekaboo-local-e2e/artifacts/computer-use-local/2026-05-06_05-32-26-556Z/screenshots/commit-message-manual-fallback-1778045625.png
[0;34m[22:33:46][0m Clicking element id=elem_46 role=textField identifier= label=Loading... title= value= desc= bounds=none matching 'commitMsg|Loading|Commit message|Commit Changes'
[0;34m[22:33:46][0m Candidate for 'commitMsg|Loading|Commit message|Commit Changes': score=10 match=label id=elem_46 role=textField identifier= label=Loading... title= bounds=none
[0;34m[22:33:48][0m Clicking element id=elem_47 role=button identifier= label=Commit title=Commit value= desc= bounds=none matching 'Commit( Changes)?'
[0;34m[22:33:48][0m Candidate for 'Commit( Changes)?': score=10 match=label id=elem_47 role=button identifier= label=Commit title=Commit bounds=none
[0;34m[22:33:51][0m Screenshot saved: /Users/admin/nixmac-peekaboo-local-e2e/artifacts/computer-use-local/2026-05-06_05-32-26-556Z/screenshots/05-returned-to-describe-1778045630.png
[0;32m[PASS][0m peekabooProviderSaveFlow: Save step committed changes and returned to Describe
[0;34m[22:33:51][0m === Phase 7: Restore baseline from History ===
[0;34m[22:33:51][0m Clicking element id=elem_8 role=button identifier= label=History title=History value= desc=History bounds=none matching '^History( |\(|$)'
[0;34m[22:33:51][0m Candidate for '^History( |\(|$)': score=10 match=label id=elem_8 role=button identifier= label=History title=History bounds=none
[0;34m[22:33:54][0m Screenshot saved: /Users/admin/nixmac-peekaboo-local-e2e/artifacts/computer-use-local/2026-05-06_05-32-26-556Z/screenshots/06-history-before-restore-1778045634.png
[0;34m[22:33:54][0m Clicking element id=elem_31 role=button identifier= label=Restore title=Restore value= desc= bounds=none matching '^Restore$'
[0;34m[22:33:54][0m Candidate for '^Restore$': score=10 match=label id=elem_31 role=button identifier= label=Restore title=Restore bounds=none
[0;34m[22:33:57][0m Screenshot saved: /Users/admin/nixmac-peekaboo-local-e2e/artifacts/computer-use-local/2026-05-06_05-32-26-556Z/screenshots/07-history-restore-preview-1778045637.png
[0;34m[22:33:57][0m Clicking element id=elem_22 role=button identifier= label=Confirm Restore title=Confirm Restore value= desc= bounds=none matching 'history-confirm-restore-button|^Confirm Restore$'
[0;34m[22:33:57][0m Candidate for 'history-confirm-restore-button|^Confirm Restore$': score=10 match=label id=elem_22 role=button identifier= label=Confirm Restore title=Confirm Restore bounds=none
[0;34m[22:33:58][0m Candidate for 'history-confirm-restore-button|^Confirm Restore$': score=10 match=label id=elem_22 role=button identifier= label=Confirm Restore title=Confirm Restore bounds=none
[0;34m[22:34:00][0m Clicking query 'Confirm Restore'
[0;34m[22:34:01][0m Click query 'Confirm Restore' output: Error: The operation couldn’t be completed. (PeekabooBridge.PeekabooBridgeErrorEnvelope error 1.)
[0;34m[22:34:02][0m Coordinate fallback click for history confirm restore at 1148,307
[0;34m[22:34:02][0m CGEvent fallback click for history confirm restore at 1148,307
[0;34m[22:34:05][0m Confirm Restore still visible after attempt 1; retrying
[0;34m[22:34:06][0m Clicking element id=elem_22 role=button identifier= label=Confirm Restore title=Confirm Restore value= desc= bounds=none matching 'history-confirm-restore-button|^Confirm Restore$'
[0;34m[22:34:06][0m Candidate for 'history-confirm-restore-button|^Confirm Restore$': score=10 match=label id=elem_22 role=button identifier= label=Confirm Restore title=Confirm Restore bounds=none
[0;34m[22:34:07][0m Candidate for 'history-confirm-restore-button|^Confirm Restore$': score=10 match=label id=elem_22 role=button identifier= label=Confirm Restore title=Confirm Restore bounds=none
[0;34m[22:34:08][0m Clicking query 'Confirm Restore'
[0;34m[22:34:09][0m Click query 'Confirm Restore' output: Error: The operation couldn’t be completed. (PeekabooBridge.PeekabooBridgeErrorEnvelope error 1.)
[0;34m[22:34:09][0m Coordinate fallback click for history confirm restore at 1148,307
[0;34m[22:34:10][0m CGEvent fallback click for history confirm restore at 1148,307
[0;34m[22:34:12][0m Confirm Restore still visible after attempt 2; retrying
[0;34m[22:34:12][0m Clicking element id=elem_22 role=button identifier= label=Confirm Restore title=Confirm Restore value= desc= bounds=none matching 'history-confirm-restore-button|^Confirm Restore$'
[0;34m[22:34:12][0m Candidate for 'history-confirm-restore-button|^Confirm Restore$': score=10 match=label id=elem_22 role=button identifier= label=Confirm Restore title=Confirm Restore bounds=none
[0;34m[22:34:13][0m Candidate for 'history-confirm-restore-button|^Confirm Restore$': score=10 match=label id=elem_22 role=button identifier= label=Confirm Restore title=Confirm Restore bounds=none
[0;34m[22:34:14][0m Clicking query 'Confirm Restore'
[0;34m[22:34:15][0m Click query 'Confirm Restore' output: Error: The operation couldn’t be completed. (PeekabooBridge.PeekabooBridgeErrorEnvelope error 1.)
[0;34m[22:34:15][0m Coordinate fallback click for history confirm restore at 1148,307
[0;34m[22:34:15][0m CGEvent fallback click for history confirm restore at 1148,307
[0;34m[22:34:18][0m Confirm Restore still visible after attempt 3; retrying
[0;34m[22:34:18][0m Screenshot saved: /Users/admin/nixmac-peekaboo-local-e2e/artifacts/computer-use-local/2026-05-06_05-32-26-556Z/screenshots/history-restore-failed-1778045658.png
[0;31m[FAIL][0m History restore did not return the disposable config repo to baseline
[0;34m[22:34:19][0m Screenshot saved: /Users/admin/nixmac-peekaboo-local-e2e/artifacts/computer-use-local/2026-05-06_05-32-26-556Z/screenshots/failure-1778045658-1778045658.png
[0;34m[22:34:19][0m Stopping recorder (PID: 31192)...
[0;34m[22:34:34][0m Video saved: /Users/admin/nixmac-peekaboo-local-e2e/artifacts/computer-use-local/2026-05-06_05-32-26-556Z/video/peekaboo-e2e.mp4 (668K)
[0;34m[22:34:37][0m Uninstalling Nix...
 INFO nix-installer v3.19.0
 INFO nix-installer v3.19.0
[31m`nix-darwin` installation detected, it must be removed before uninstalling Nix. Please refer to https://github.com/LnL7/nix-darwin#uninstalling for instructions how to uninstall `nix-darwin`.[39m
[0;32m[PASS][0m Nix uninstalled
[0;34m[22:34:39][0m E2E report written: /Users/admin/nixmac-peekaboo-local-e2e/artifacts/computer-use-local/2026-05-06_05-32-26-556Z/e2e-report/macos_provider_evolve_full_smoke/e2e-report.json
