
[0;34m[01:44:08][0m === macos-e2e test runner ===
[0;34m[01:44:08][0m Started at Fri May  8 01:44:08 PDT 2026
[0;34m[01:44:08][0m Machine: DXU97120 | macOS 26.2
[0;34m[01:44:08][0m Working directory: /Users/admin/nixmac-peekaboo-local-e2e/tests/e2e
[0;34m[01:44:09][0m Scenario: macos_support_dialogs_smoke
[0;34m[01:44:09][0m Starting screen recording: /Users/admin/nixmac-peekaboo-local-e2e/artifacts/computer-use-local/2026-05-08_08-44-07-009Z/video/peekaboo-e2e.mp4
[0;34m[01:44:13][0m Attempted to dismiss Terminal Automation permission prompt
[0;34m[01:44:16][0m Recorder started (PID: 43325)
[0;34m[01:44:16][0m === Phase 1: Prepare support dialog fixture ===
[0;32m[PASS][0m Peekaboo Bridge connected
[0;32m[PASS][0m Peekaboo permissions OK
[1;33m[WARN][0m No ADMIN_PASSWORD set, cannot unlock screen
[0;34m[01:44:16][0m Clearing nixmac app state...
[diagnostic] Captured Peekaboo diagnostics for nixmac (pre-clear): /Users/admin/nixmac-peekaboo-local-e2e/artifacts/computer-use-local/2026-05-08_08-44-07-009Z/diagnostics/20260508T084416Z-nixmac-pre-clear-*
[0;32m[PASS][0m App state cleared
[0;34m[01:44:19][0m Seeded nixmac settings at /Users/admin/Library/Application Support/com.darkmatter.nixmac/settings.json
[0;34m[01:44:19][0m Seeded nixmac E2E runtime at /Users/admin/Library/Application Support/com.darkmatter.nixmac/e2e-runtime.json (expires 2026-05-08 02:14:19)
[0;32m[PASS][0m peekabooCoreFixture: Prepared deterministic config and local provider-validation settings
[0;34m[01:44:19][0m === Phase 2: Launch nixmac app ===
[0;34m[01:44:19][0m Launching nixmac...
[0;32m[PASS][0m App launched: nixmac
[1;33m[WARN][0m Timed out restoring active app nixmac
[diagnostic] Captured Peekaboo diagnostics for nixmac (ready-shell-timeout): /Users/admin/nixmac-peekaboo-local-e2e/artifacts/computer-use-local/2026-05-08_08-44-07-009Z/diagnostics/20260508T084607Z-nixmac-ready-shell-timeout-*
[0;31m[FAIL][0m App shell did not expose support controls
[0;34m[01:46:09][0m Screenshot saved: /Users/admin/nixmac-peekaboo-local-e2e/artifacts/computer-use-local/2026-05-08_08-44-07-009Z/screenshots/failure-1778229968-1778229968.png
[0;34m[01:46:09][0m Stopping recorder (PID: 43325)...
[0;34m[01:46:14][0m Video saved: /Users/admin/nixmac-peekaboo-local-e2e/artifacts/computer-use-local/2026-05-08_08-44-07-009Z/video/peekaboo-e2e.mp4 (568K)
[0;34m[01:46:17][0m Uninstalling Nix...
 INFO nix-installer v3.19.0
 INFO nix-installer v3.19.0
[31m`nix-darwin` installation detected, it must be removed before uninstalling Nix. Please refer to https://github.com/LnL7/nix-darwin#uninstalling for instructions how to uninstall `nix-darwin`.[39m
[0;32m[PASS][0m Nix uninstalled
[0;34m[01:46:19][0m E2E report written: /Users/admin/nixmac-peekaboo-local-e2e/artifacts/computer-use-local/2026-05-08_08-44-07-009Z/e2e-report/macos_support_dialogs_smoke/e2e-report.json
