
[0;34m[14:00:05][0m === macos-e2e test runner ===
[0;34m[14:00:05][0m Started at Wed May  6 14:00:05 PDT 2026
[0;34m[14:00:05][0m Machine: DXU97120 | macOS 26.2
[0;34m[14:00:05][0m Working directory: /Users/admin/nixmac-peekaboo-local-e2e/tests/e2e
[0;34m[14:00:06][0m Scenario: macos_core_product_proof
[0;34m[14:00:06][0m Starting screen recording: /Users/admin/nixmac-peekaboo-local-e2e/artifacts/computer-use-local/2026-05-06_21-00-03-995Z/video/peekaboo-e2e.mp4
[0;34m[14:00:12][0m Attempted to dismiss Terminal Automation permission prompt
[0;34m[14:00:15][0m Recorder started (PID: 43390)
[0;34m[14:00:15][0m === Phase 1: Prepare broad local Product Proof fixture ===
[0;32m[PASS][0m Peekaboo Bridge connected
[0;32m[PASS][0m Peekaboo permissions OK
[1;33m[WARN][0m No ADMIN_PASSWORD set, cannot unlock screen
[0;34m[14:00:15][0m Clearing nixmac app state...
[0;32m[PASS][0m App state cleared
[0;34m[14:00:15][0m Seeded nixmac settings at /Users/admin/Library/Application Support/com.darkmatter.nixmac/settings.json
[0;34m[14:00:15][0m Seeded nixmac E2E runtime at /Users/admin/Library/Application Support/com.darkmatter.nixmac/e2e-runtime.json (expires 2026-05-06 14:30:15)
[0;32m[PASS][0m peekabooCoreFixture: Prepared deterministic config, local validation settings, and mock system flag
[0;34m[14:00:16][0m === Phase 2: Launch and prove app shell ===
[0;34m[14:00:16][0m Launching nixmac...
[0;32m[PASS][0m App launched: nixmac
[0;34m[14:00:27][0m Dismissing system dialog from /System/Library/CoreServices/UserNotificationCenter.app/Contents/MacOS/UserNotificationCenter pid 9505 (clicking elem_6)...
[diagnostic] Captured Peekaboo diagnostics for nixmac (ready-shell-timeout): /Users/admin/nixmac-peekaboo-local-e2e/artifacts/computer-use-local/2026-05-06_21-00-03-995Z/diagnostics/20260506T210210Z-nixmac-ready-shell-timeout-*
[0;34m[14:02:12][0m Screenshot saved: /Users/admin/nixmac-peekaboo-local-e2e/artifacts/computer-use-local/2026-05-06_21-00-03-995Z/screenshots/core-launch-missing-1778101331.png
[0;31m[FAIL][0m App shell did not expose expected interactive controls with visible screenshot signal
[0;34m[14:02:12][0m Screenshot saved: /Users/admin/nixmac-peekaboo-local-e2e/artifacts/computer-use-local/2026-05-06_21-00-03-995Z/screenshots/failure-1778101332-1778101332.png
[0;34m[14:02:13][0m Stopping recorder (PID: 43390)...
[0;34m[14:02:17][0m Video saved: /Users/admin/nixmac-peekaboo-local-e2e/artifacts/computer-use-local/2026-05-06_21-00-03-995Z/video/peekaboo-e2e.mp4 (508K)
[0;34m[14:02:21][0m Uninstalling Nix...
 INFO nix-installer v3.19.0
 INFO nix-installer v3.19.0
[31m`nix-darwin` installation detected, it must be removed before uninstalling Nix. Please refer to https://github.com/LnL7/nix-darwin#uninstalling for instructions how to uninstall `nix-darwin`.[39m
[0;32m[PASS][0m Nix uninstalled
[0;34m[14:02:22][0m E2E report written: /Users/admin/nixmac-peekaboo-local-e2e/artifacts/computer-use-local/2026-05-06_21-00-03-995Z/e2e-report/macos_core_product_proof/e2e-report.json
