
[0;34m[21:08:30][0m === macos-e2e test runner ===
[0;34m[21:08:30][0m Started at Tue May  5 21:08:30 PDT 2026
[0;34m[21:08:30][0m Machine: DXU97120 | macOS 26.2
[0;34m[21:08:30][0m Working directory: /Users/admin/nixmac-peekaboo-local-e2e/tests/e2e
[0;34m[21:08:41][0m Scenario: macos_customization_save_rollback_smoke
[0;34m[21:08:41][0m Starting screen recording: /Users/admin/nixmac-peekaboo-local-e2e/artifacts/computer-use-local/2026-05-06_04-08-29-397Z/video/peekaboo-e2e.mp4
[0;34m[21:08:44][0m Recorder started (PID: 46843)
[0;34m[21:08:44][0m === Phase 1: Prepare customization managed-badge fixture ===
[0;32m[PASS][0m Peekaboo Bridge connected
[0;32m[PASS][0m Peekaboo permissions OK
[1;33m[WARN][0m No ADMIN_PASSWORD set, cannot unlock screen
[0;34m[21:08:46][0m Clearing nixmac app state...
[0;32m[PASS][0m App state cleared
[0;34m[21:08:46][0m Seeded nixmac settings at /Users/admin/Library/Application Support/com.darkmatter.nixmac/settings.json with provider http://127.0.0.1:61991/v1
[0;34m[21:08:47][0m Installed E2E system activation shim at /var/folders/lw/q3m765kd17z3h2g36tw6qk000000gp/T//nixmac-e2e-system-mock-bin.3b5w0r
[0;32m[PASS][0m peekabooProviderFixture: Prepared customization managed-badge fixture, deterministic HTTP provider, completion logging, and mock rebuild flag
[0;34m[21:08:47][0m === Phase 2: Launch nixmac for Untracked customizations proof ===
[0;34m[21:08:47][0m Launching nixmac...
[0;32m[PASS][0m App launched: nixmac
[0;34m[21:09:05][0m Screenshot saved: /Users/admin/nixmac-peekaboo-local-e2e/artifacts/computer-use-local/2026-05-06_04-08-29-397Z/screenshots/01-customization-launched-1778040544.png
[0;32m[PASS][0m peekabooProviderLaunch: App launched for Untracked customizations proof
[0;34m[21:09:05][0m === Phase 3: Apply Untracked customizations to config ===
[0;34m[21:09:05][0m Coordinate fallback click for Untracked customizations badge at 1184,566
[0;34m[21:09:07][0m Screenshot saved: /Users/admin/nixmac-peekaboo-local-e2e/artifacts/computer-use-local/2026-05-06_04-08-29-397Z/screenshots/02-customization-popover-1778040547.png
[0;34m[21:09:10][0m Clicking element elem_105 matching 'Add to config'
[0;34m[21:09:15][0m Screenshot saved: /Users/admin/nixmac-peekaboo-local-e2e/artifacts/computer-use-local/2026-05-06_04-08-29-397Z/screenshots/03-customization-review-1778040554.png
[0;34m[21:09:15][0m === Phase 4: Build and Test Untracked customizations managed change ===
[0;34m[21:09:15][0m Clicking element elem_32 matching 'Build & Test'
[0;34m[21:09:32][0m No build confirmation prompt observed
[0;34m[21:09:33][0m Screenshot saved: /Users/admin/nixmac-peekaboo-local-e2e/artifacts/computer-use-local/2026-05-06_04-08-29-397Z/screenshots/04-customization-save-step-after-build-1778040573.png
[0;32m[PASS][0m peekabooProviderBuildBoundary: Build & Test advanced to Save step for Untracked customizations
[0;34m[21:09:33][0m === Phase 5: Commit Untracked customizations managed change ===
[0;34m[21:09:33][0m Using deterministic commit message for customization managed-badge change
[0;34m[21:09:33][0m Clicking element elem_49 matching 'commitMsg|Loading|Commit message|Commit Changes'
[0;34m[21:09:36][0m Clicking element elem_50 matching 'Commit( Changes)?'
[0;34m[21:09:38][0m Screenshot saved: /Users/admin/nixmac-peekaboo-local-e2e/artifacts/computer-use-local/2026-05-06_04-08-29-397Z/screenshots/05-customization-returned-to-describe-1778040578.png
[0;32m[PASS][0m peekabooProviderSaveFlow: Untracked customizations Save step committed changes and returned to Describe
[0;34m[21:09:38][0m === Phase 6: Restore Untracked customizations baseline from History ===
[0;34m[21:09:38][0m Clicking element elem_8 matching 'History'
[0;34m[21:09:41][0m Screenshot saved: /Users/admin/nixmac-peekaboo-local-e2e/artifacts/computer-use-local/2026-05-06_04-08-29-397Z/screenshots/06-history-before-restore-1778040581.png
[0;34m[21:09:41][0m Clicking element elem_32 matching '^Restore$|Restore'
[0;34m[21:09:44][0m Screenshot saved: /Users/admin/nixmac-peekaboo-local-e2e/artifacts/computer-use-local/2026-05-06_04-08-29-397Z/screenshots/07-history-restore-preview-1778040584.png
[0;34m[21:09:44][0m Clicking query 'Confirm Restore'
[0;34m[21:09:45][0m Clicking element elem_22 matching 'Confirm Restore|confirm Restore'
[0;34m[21:09:46][0m Coordinate fallback click for history confirm restore at 1148,307
[0;34m[21:09:47][0m CGEvent fallback click for history confirm restore at 1148,307
[0;34m[21:09:49][0m Confirm Restore still visible after attempt 1; retrying
[0;34m[21:09:49][0m Clicking query 'Confirm Restore'
[0;34m[21:09:50][0m Clicking element elem_22 matching 'Confirm Restore|confirm Restore'
[0;34m[21:09:51][0m Coordinate fallback click for history confirm restore at 1148,307
[0;34m[21:09:52][0m CGEvent fallback click for history confirm restore at 1148,307
[0;34m[21:09:54][0m Confirm Restore still visible after attempt 2; retrying
[0;34m[21:09:54][0m Clicking query 'Confirm Restore'
[0;34m[21:09:55][0m Clicking element elem_22 matching 'Confirm Restore|confirm Restore'
[0;34m[21:09:56][0m Coordinate fallback click for history confirm restore at 1148,307
[0;34m[21:09:57][0m CGEvent fallback click for history confirm restore at 1148,307
[0;34m[21:09:59][0m Confirm Restore still visible after attempt 3; retrying
[0;31m[FAIL][0m Untracked customizations History restore did not return disposable config repo to baseline
[0;34m[21:10:00][0m Screenshot saved: /Users/admin/nixmac-peekaboo-local-e2e/artifacts/computer-use-local/2026-05-06_04-08-29-397Z/screenshots/failure-1778040599-1778040599.png
[0;34m[21:10:00][0m Stopping recorder (PID: 46843)...
[0;34m[21:10:13][0m Video saved: /Users/admin/nixmac-peekaboo-local-e2e/artifacts/computer-use-local/2026-05-06_04-08-29-397Z/video/peekaboo-e2e.mp4 (528K)
[0;34m[21:10:17][0m Uninstalling Nix...
 INFO nix-installer v3.19.0
 INFO nix-installer v3.19.0
[31m`nix-darwin` installation detected, it must be removed before uninstalling Nix. Please refer to https://github.com/LnL7/nix-darwin#uninstalling for instructions how to uninstall `nix-darwin`.[39m
[0;32m[PASS][0m Nix uninstalled
[0;34m[21:10:18][0m E2E report written: /Users/admin/nixmac-peekaboo-local-e2e/artifacts/computer-use-local/2026-05-06_04-08-29-397Z/e2e-report/macos_customization_save_rollback_smoke/e2e-report.json
