
[0;34m[01:23:08][0m === macos-e2e test runner ===
[0;34m[01:23:08][0m Started at Wed May  6 01:23:08 PDT 2026
[0;34m[01:23:08][0m Machine: DXU97120 | macOS 26.2
[0;34m[01:23:08][0m Working directory: /Users/admin/nixmac-peekaboo-local-e2e/tests/e2e
[0;34m[01:23:23][0m Scenario: macos_provider_discard_smoke
[0;34m[01:23:23][0m Starting screen recording: /Users/admin/nixmac-peekaboo-local-e2e/artifacts/computer-use-local/2026-05-06_08-23-07-242Z/video/peekaboo-e2e.mp4
[0;34m[01:23:27][0m Recorder started (PID: 72262)
[0;34m[01:23:27][0m === Phase 1: Prepare provider-backed discard fixture ===
[0;32m[PASS][0m Peekaboo Bridge connected
[0;32m[PASS][0m Peekaboo permissions OK
[1;33m[WARN][0m No ADMIN_PASSWORD set, cannot unlock screen
[0;34m[01:23:29][0m Clearing nixmac app state...
[0;32m[PASS][0m App state cleared
[0;34m[01:23:29][0m Seeded nixmac settings at /Users/admin/Library/Application Support/com.darkmatter.nixmac/settings.json with provider http://127.0.0.1:62386/v1
[0;34m[01:23:29][0m Installed E2E system activation shim at /var/folders/lw/q3m765kd17z3h2g36tw6qk000000gp/T//nixmac-e2e-system-mock-bin.OA7KfR
[0;32m[PASS][0m peekabooProviderFixture: Prepared discard config repo, deterministic HTTP provider, completion logging, and mock rebuild flag
[0;34m[01:23:29][0m === Phase 2: Launch nixmac app for discard proof ===
[0;34m[01:23:29][0m Launching nixmac...
[0;32m[PASS][0m App launched: nixmac
[0;34m[01:23:45][0m Screenshot saved: /Users/admin/nixmac-peekaboo-local-e2e/artifacts/computer-use-local/2026-05-06_08-23-07-242Z/screenshots/01-discard-launched-1778055825.png
[0;32m[PASS][0m peekabooProviderLaunch: App launched for discard proof
[0;34m[01:23:45][0m === Phase 3: Submit descriptor into real prompt for discard proof ===
[0;34m[01:23:46][0m Clicking element id=elem_33 role=textField identifier= label=Describe changes to make to your configuration. title= value= desc= bounds=none matching 'evolve-prompt-input|Configuration change descriptor|Describe changes to make to your configuration'
[0;34m[01:23:46][0m Candidate for 'evolve-prompt-input|Configuration change descriptor|Describe changes to make to your configuration': score=10 match=label id=elem_33 role=textField identifier= label=Describe changes to make to your configuration. title= bounds=none
[0;34m[01:23:55][0m Descriptor prompt contains expected text after attempt 1; continuing despite duplicate paste text
[0;34m[01:23:59][0m Screenshot saved: /Users/admin/nixmac-peekaboo-local-e2e/artifacts/computer-use-local/2026-05-06_08-23-07-242Z/screenshots/02-discard-descriptor-typed-1778055838.png
[0;34m[01:23:59][0m Clicking element id=elem_37 role=button identifier= label=Send title=Send value= desc= bounds=none matching 'evolve-prompt-send|Submit configuration change descriptor|Send'
[0;34m[01:23:59][0m Candidate for 'evolve-prompt-send|Submit configuration change descriptor|Send': score=10 match=label id=elem_37 role=button identifier= label=Send title=Send bounds=none
[0;32m[PASS][0m peekabooProviderTypedIntent: Descriptor submitted for discard proof
[0;34m[01:24:00][0m === Phase 4: Verify provider-driven evolution reaches Review for discard proof ===
[0;34m[01:24:02][0m Screenshot saved: /Users/admin/nixmac-peekaboo-local-e2e/artifacts/computer-use-local/2026-05-06_08-23-07-242Z/screenshots/03-discard-review-provider-evolved-1778055841.png
[0;32m[PASS][0m peekabooProviderReview: Provider calls observed and Review step reached for discard proof
[0;34m[01:24:02][0m === Phase 5: Discard generated provider changes ===
[0;34m[01:24:05][0m Screenshot saved: /Users/admin/nixmac-peekaboo-local-e2e/artifacts/computer-use-local/2026-05-06_08-23-07-242Z/screenshots/04-discard-ready-1778055845.png
[0;34m[01:24:05][0m Clicking element id=elem_31 role=button identifier= label=Discard title=Discard value= desc= bounds=none matching 'evolve-discard-button|^Discard$|^Undo All$'
[0;34m[01:24:05][0m Candidate for 'evolve-discard-button|^Discard$|^Undo All$': score=10 match=label id=elem_31 role=button identifier= label=Discard title=Discard bounds=none
[0;34m[01:24:07][0m Clicking query 'Discard'
[0;34m[01:24:08][0m Click query 'Discard' output: Error: The operation couldn’t be completed. (PeekabooBridge.PeekabooBridgeErrorEnvelope error 1.)
[0;34m[01:24:08][0m Coordinate fallback click for discard button at 1136,294
[0;34m[01:24:09][0m CGEvent fallback click for discard button at 1136,294
[0;34m[01:24:12][0m Screenshot saved: /Users/admin/nixmac-peekaboo-local-e2e/artifacts/computer-use-local/2026-05-06_08-23-07-242Z/screenshots/05-discard-confirmation-1778055851.png
[0;34m[01:24:12][0m Clicking element id=elem_13 role=button identifier= label=Confirm title=Confirm value= desc= bounds=none matching 'confirm-dialog-confirm|^Confirm$|^Discard changes$'
[0;34m[01:24:12][0m Candidate for 'confirm-dialog-confirm|^Confirm$|^Discard changes$': score=10 match=label id=elem_13 role=button identifier= label=Confirm title=Confirm bounds=none
[0;34m[01:24:21][0m Clicking query 'Confirm'
[0;34m[01:24:22][0m Click query 'Confirm' output: Error: The operation couldn’t be completed. (PeekabooBridge.PeekabooBridgeErrorEnvelope error 1.)
[0;34m[01:24:22][0m Coordinate fallback click for discard confirmation button at 1148,555
[0;34m[01:24:22][0m CGEvent fallback click for discard confirmation button at 1148,555
[0;34m[01:24:25][0m Screenshot saved: /Users/admin/nixmac-peekaboo-local-e2e/artifacts/computer-use-local/2026-05-06_08-23-07-242Z/screenshots/06-discard-returned-to-describe-1778055864.png
[0;32m[PASS][0m peekabooProviderDiscard: Discard confirmed and disposable repo returned to baseline
[0;34m[01:24:25][0m === Phase 6: Audit discard provider evidence ===
[0;32m[PASS][0m peekabooProviderAudit: Observed 2 provider HTTP request(s) for discard path
[0;34m[01:24:25][0m Stopping recorder (PID: 72262)...
[0;34m[01:24:43][0m Video saved: /Users/admin/nixmac-peekaboo-local-e2e/artifacts/computer-use-local/2026-05-06_08-23-07-242Z/video/peekaboo-e2e.mp4 (496K)
[0;34m[01:24:43][0m ==========================================
[0;34m[01:24:43][0m   Test Results
[0;34m[01:24:43][0m ==========================================
  [0;32m✅[0m Phase 1: peekabooProviderFixture: Prepared discard config repo, deterministic HTTP provider, completion logging, and mock rebuild flag
  [0;32m✅[0m Phase 2: peekabooProviderLaunch: App launched for discard proof
  [0;32m✅[0m Phase 3: peekabooProviderTypedIntent: Descriptor submitted for discard proof
  [0;32m✅[0m Phase 4: peekabooProviderReview: Provider calls observed and Review step reached for discard proof
  [0;32m✅[0m Phase 5: peekabooProviderDiscard: Discard confirmed and disposable repo returned to baseline
  [0;32m✅[0m Phase 6: peekabooProviderAudit: Observed 2 provider HTTP request(s) for discard path

  [0;32mAll 10 checks passed[0m
[0;34m[01:24:43][0m ==========================================
[0;34m[01:24:44][0m E2E report written: /Users/admin/nixmac-peekaboo-local-e2e/artifacts/computer-use-local/2026-05-06_08-23-07-242Z/e2e-report/macos_provider_discard_smoke/e2e-report.json
[0;34m[01:24:44][0m 
[0;34m[01:24:44][0m Screenshots: /Users/admin/nixmac-peekaboo-local-e2e/artifacts/computer-use-local/2026-05-06_08-23-07-242Z/screenshots
[0;34m[01:24:44][0m Video: /Users/admin/nixmac-peekaboo-local-e2e/artifacts/computer-use-local/2026-05-06_08-23-07-242Z/video/peekaboo-e2e.mp4
[0;34m[01:24:44][0m Log: /Users/admin/nixmac-peekaboo-local-e2e/artifacts/computer-use-local/2026-05-06_08-23-07-242Z/peekaboo-e2e.log
[0;34m[01:24:47][0m Uninstalling Nix...
 INFO nix-installer v3.19.0
 INFO nix-installer v3.19.0
[31m`nix-darwin` installation detected, it must be removed before uninstalling Nix. Please refer to https://github.com/LnL7/nix-darwin#uninstalling for instructions how to uninstall `nix-darwin`.[39m
[0;32m[PASS][0m Nix uninstalled
