
[0;34m[13:33:47][0m === macos-e2e test runner ===
[0;34m[13:33:47][0m Started at Thu May  7 13:33:47 PDT 2026
[0;34m[13:33:47][0m Machine: DXU97120 | macOS 26.2
[0;34m[13:33:47][0m Working directory: /Users/admin/nixmac-peekaboo-local-e2e/tests/e2e
[0;34m[13:33:48][0m Scenario: macos_core_product_proof
[0;34m[13:33:48][0m Starting screen recording: /Users/admin/nixmac-peekaboo-local-e2e/artifacts/computer-use-local/2026-05-07_20-33-45-697Z/video/peekaboo-e2e.mp4
[0;34m[13:33:52][0m Attempted to dismiss Terminal Automation permission prompt
[0;34m[13:33:55][0m Recorder started (PID: 41734)
[0;34m[13:33:55][0m === Phase 1: Prepare broad local Product Proof fixture ===
[0;32m[PASS][0m Peekaboo Bridge connected
[0;32m[PASS][0m Peekaboo permissions OK
[1;33m[WARN][0m No ADMIN_PASSWORD set, cannot unlock screen
[0;34m[13:33:56][0m Clearing nixmac app state...
[diagnostic] Captured Peekaboo diagnostics for nixmac (pre-clear): /Users/admin/nixmac-peekaboo-local-e2e/artifacts/computer-use-local/2026-05-07_20-33-45-697Z/diagnostics/20260507T203356Z-nixmac-pre-clear-*
[0;32m[PASS][0m App state cleared
[0;34m[13:33:58][0m Seeded nixmac settings at /Users/admin/Library/Application Support/com.darkmatter.nixmac/settings.json
[0;34m[13:33:58][0m Seeded nixmac E2E runtime at /Users/admin/Library/Application Support/com.darkmatter.nixmac/e2e-runtime.json (expires 2026-05-07 14:03:58)
[0;32m[PASS][0m peekabooCoreFixture: Prepared deterministic config, local validation settings, and mock system flag
[0;34m[13:33:58][0m === Phase 2: Launch and prove app shell ===
[0;34m[13:33:58][0m Launching nixmac...
[0;32m[PASS][0m App launched: nixmac
[1;33m[WARN][0m Timed out restoring active app nixmac
[diagnostic] Captured Peekaboo diagnostics for nixmac (ready-shell-timeout): /Users/admin/nixmac-peekaboo-local-e2e/artifacts/computer-use-local/2026-05-07_20-33-45-697Z/diagnostics/20260507T203548Z-nixmac-ready-shell-timeout-*
[0;34m[13:35:50][0m Screenshot saved: /Users/admin/nixmac-peekaboo-local-e2e/artifacts/computer-use-local/2026-05-07_20-33-45-697Z/screenshots/core-launch-missing-1778186149.png
[0;31m[FAIL][0m App shell did not expose expected interactive controls with visible screenshot signal
[0;34m[13:35:50][0m Screenshot saved: /Users/admin/nixmac-peekaboo-local-e2e/artifacts/computer-use-local/2026-05-07_20-33-45-697Z/screenshots/failure-1778186150-1778186150.png
[0;34m[13:35:51][0m Stopping recorder (PID: 41734)...
[0;34m[13:35:55][0m Video saved: /Users/admin/nixmac-peekaboo-local-e2e/artifacts/computer-use-local/2026-05-07_20-33-45-697Z/video/peekaboo-e2e.mp4 (524K)
[0;34m[13:35:59][0m Uninstalling Nix...
 INFO nix-installer v3.19.0
 INFO nix-installer v3.19.0
[31m`nix-darwin` installation detected, it must be removed before uninstalling Nix. Please refer to https://github.com/LnL7/nix-darwin#uninstalling for instructions how to uninstall `nix-darwin`.[39m
[0;32m[PASS][0m Nix uninstalled
[0;34m[13:36:00][0m E2E report written: /Users/admin/nixmac-peekaboo-local-e2e/artifacts/computer-use-local/2026-05-07_20-33-45-697Z/e2e-report/macos_core_product_proof/e2e-report.json
