
[0;34m[12:01:04][0m === macos-e2e test runner ===
[0;34m[12:01:04][0m Started at Wed May  6 12:01:04 PDT 2026
[0;34m[12:01:04][0m Machine: DXU97120 | macOS 26.2
[0;34m[12:01:04][0m Working directory: /Users/admin/nixmac-peekaboo-local-e2e/tests/e2e
[0;34m[12:01:20][0m Scenario: macos_provider_evolve_full_smoke
[0;34m[12:01:20][0m Starting screen recording: /Users/admin/nixmac-peekaboo-local-e2e/artifacts/computer-use-local/2026-05-06_19-01-03-459Z/video/peekaboo-e2e.mp4
[0;34m[12:01:23][0m Recorder started (PID: 19749)
[0;34m[12:01:24][0m === Phase 1: Prepare provider-backed macOS fixture ===
[0;32m[PASS][0m Peekaboo Bridge connected
[0;32m[PASS][0m Peekaboo permissions OK
[1;33m[WARN][0m No ADMIN_PASSWORD set, cannot unlock screen
[0;34m[12:01:25][0m Clearing nixmac app state...
[0;32m[PASS][0m App state cleared
[0;34m[12:01:25][0m Seeded nixmac settings at /Users/admin/Library/Application Support/com.darkmatter.nixmac/settings.json with provider http://127.0.0.1:62632/v1
[0;34m[12:01:26][0m Installed E2E system activation shim at /var/folders/lw/q3m765kd17z3h2g36tw6qk000000gp/T//nixmac-e2e-system-mock-bin.ikEQRG
[0;32m[PASS][0m peekabooProviderFixture: Prepared config repo, deterministic HTTP provider, completion logging, and mock rebuild flag
[0;34m[12:01:26][0m === Phase 2: Launch nixmac app ===
[0;34m[12:01:26][0m Launching nixmac...
[0;32m[PASS][0m App launched: nixmac
[0;34m[12:01:40][0m Screenshot saved: /Users/admin/nixmac-peekaboo-local-e2e/artifacts/computer-use-local/2026-05-06_19-01-03-459Z/screenshots/01-launched-1778094099.png
[0;32m[PASS][0m peekabooProviderLaunch: App launched
[0;34m[12:01:40][0m === Phase 3: Submit descriptor into real prompt ===
[1;33m[WARN][0m Peekaboo Bridge is not selected remote; restarting Peekaboo.app...
[0;32m[PASS][0m Peekaboo Bridge recovered
[diagnostic] Captured Peekaboo diagnostics for nixmac (empty-app-scope): /Users/admin/nixmac-peekaboo-local-e2e/artifacts/computer-use-local/2026-05-06_19-01-03-459Z/diagnostics/20260506T190203Z-nixmac-empty-app-scope-*
[0;34m[12:02:26][0m Screenshot saved: /Users/admin/nixmac-peekaboo-local-e2e/artifacts/computer-use-local/2026-05-06_19-01-03-459Z/screenshots/missing-descriptor-prompt-1778094145.png
[0;31m[FAIL][0m Descriptor prompt screen did not become visible
[0;34m[12:02:26][0m Screenshot saved: /Users/admin/nixmac-peekaboo-local-e2e/artifacts/computer-use-local/2026-05-06_19-01-03-459Z/screenshots/failure-1778094146-1778094146.png
[0;34m[12:02:26][0m Stopping recorder (PID: 19749)...
[0;34m[12:02:46][0m Video saved: /Users/admin/nixmac-peekaboo-local-e2e/artifacts/computer-use-local/2026-05-06_19-01-03-459Z/video/peekaboo-e2e.mp4 (396K)
[0;34m[12:02:49][0m Uninstalling Nix...
 INFO nix-installer v3.19.0
 INFO nix-installer v3.19.0
[31m`nix-darwin` installation detected, it must be removed before uninstalling Nix. Please refer to https://github.com/LnL7/nix-darwin#uninstalling for instructions how to uninstall `nix-darwin`.[39m
[0;32m[PASS][0m Nix uninstalled
[0;34m[12:02:50][0m E2E report written: /Users/admin/nixmac-peekaboo-local-e2e/artifacts/computer-use-local/2026-05-06_19-01-03-459Z/e2e-report/macos_provider_evolve_full_smoke/e2e-report.json
