
[0;34m[16:51:29][0m === macos-e2e test runner ===
[0;34m[16:51:29][0m Started at Tue May  5 16:51:29 PDT 2026
[0;34m[16:51:29][0m Machine: DXU97120 | macOS 26.2
[0;34m[16:51:29][0m Working directory: /Users/admin/nixmac-peekaboo-local-e2e/tests/e2e
[0;34m[16:51:35][0m Scenario: macos_provider_evolve_full_smoke
[0;34m[16:51:35][0m Starting screen recording: /Users/admin/nixmac-peekaboo-local-e2e/artifacts/computer-use-local/2026-05-05_23-51-27-591Z/video/peekaboo-e2e.mp4
[0;34m[16:51:38][0m Recorder started (PID: 26323)
[0;34m[16:51:38][0m === Phase 1: Prepare provider-backed macOS fixture ===
[0;32m[PASS][0m Peekaboo Bridge connected
[0;32m[PASS][0m Peekaboo permissions OK
[1;33m[WARN][0m No ADMIN_PASSWORD set, cannot unlock screen
[0;34m[16:51:40][0m Clearing nixmac app state...
[0;32m[PASS][0m App state cleared
[0;34m[16:51:40][0m Seeded nixmac settings at /Users/admin/Library/Application Support/com.darkmatter.nixmac/settings.json with provider http://127.0.0.1:61511/v1
[0;34m[16:51:40][0m Installed E2E system activation shim at /var/folders/lw/q3m765kd17z3h2g36tw6qk000000gp/T//nixmac-e2e-system-mock-bin.PkngEQ
[0;32m[PASS][0m peekabooProviderFixture: Prepared config repo, deterministic HTTP provider, completion logging, and mock rebuild flag
[0;34m[16:51:40][0m === Phase 2: Launch nixmac app ===
[0;34m[16:51:40][0m Launching nixmac...
[0;32m[PASS][0m App launched: nixmac
[0;34m[16:51:59][0m Screenshot saved: /Users/admin/nixmac-peekaboo-local-e2e/artifacts/computer-use-local/2026-05-05_23-51-27-591Z/screenshots/01-launched-1778025118.png
[0;32m[PASS][0m peekabooProviderLaunch: App launched
[0;34m[16:51:59][0m === Phase 3: Submit descriptor into real prompt ===
[0;34m[16:51:59][0m Clicking element elem_33 matching 'evolve-prompt-input|Configuration change descriptor|Describe changes to make to your configuration'
[0;34m[16:52:02][0m Screenshot saved: /Users/admin/nixmac-peekaboo-local-e2e/artifacts/computer-use-local/2026-05-05_23-51-27-591Z/screenshots/02-descriptor-typed-1778025122.png
[0;34m[16:52:02][0m Clicking element elem_37 matching 'evolve-prompt-send|Submit configuration change descriptor|Send'
[0;32m[PASS][0m peekabooProviderTypedIntent: Descriptor submitted
[0;34m[16:52:03][0m === Phase 4: Verify provider-driven evolution reaches Review ===
[0;34m[16:52:05][0m Screenshot saved: /Users/admin/nixmac-peekaboo-local-e2e/artifacts/computer-use-local/2026-05-05_23-51-27-591Z/screenshots/03-review-provider-evolved-1778025125.png
[0;32m[PASS][0m peekabooProviderReview: Provider calls observed and Review step reached
[0;34m[16:52:05][0m === Phase 5: Build and Test through mocked macOS activation ===
[0;34m[16:52:08][0m Clicking element elem_32 matching 'Build & Test'
[0;34m[16:52:25][0m No build confirmation prompt observed
[0;34m[16:52:26][0m Screenshot saved: /Users/admin/nixmac-peekaboo-local-e2e/artifacts/computer-use-local/2026-05-05_23-51-27-591Z/screenshots/04-save-step-after-build-1778025145.png
[0;32m[PASS][0m peekabooProviderBuildBoundary: Build & Test advanced to Save step using explicit E2E mock activation
[0;34m[16:52:26][0m === Phase 6: Commit saved changes ===
[0;34m[16:52:42][0m Commit-message suggestion was not available; using deterministic manual commit text
[0;34m[16:52:42][0m Screenshot saved: /Users/admin/nixmac-peekaboo-local-e2e/artifacts/computer-use-local/2026-05-05_23-51-27-591Z/screenshots/commit-message-manual-fallback-1778025162.png
[0;34m[16:52:43][0m Clicking element elem_46 matching 'commitMsg|Loading|Commit message|Commit Changes'
[0;34m[16:52:45][0m Clicking element elem_47 matching 'Commit( Changes)?'
[0;34m[16:52:47][0m Screenshot saved: /Users/admin/nixmac-peekaboo-local-e2e/artifacts/computer-use-local/2026-05-05_23-51-27-591Z/screenshots/05-returned-to-describe-1778025167.png
[0;32m[PASS][0m peekabooProviderSaveFlow: Save step committed changes and returned to Describe
[0;34m[16:52:47][0m === Phase 7: Restore baseline from History ===
[0;34m[16:52:47][0m Clicking element elem_8 matching 'History'
[0;34m[16:52:50][0m Screenshot saved: /Users/admin/nixmac-peekaboo-local-e2e/artifacts/computer-use-local/2026-05-05_23-51-27-591Z/screenshots/06-history-before-restore-1778025170.png
[0;34m[16:52:50][0m Clicking element elem_31 matching '^Restore$|Restore'
[0;34m[16:52:53][0m Screenshot saved: /Users/admin/nixmac-peekaboo-local-e2e/artifacts/computer-use-local/2026-05-05_23-51-27-591Z/screenshots/07-history-restore-preview-1778025173.png
[0;34m[16:52:53][0m Clicking element elem_22 matching 'Confirm Restore'
[0;34m[16:52:56][0m Screenshot saved: /Users/admin/nixmac-peekaboo-local-e2e/artifacts/computer-use-local/2026-05-05_23-51-27-591Z/screenshots/08-after-history-restore-1778025176.png
[0;32m[PASS][0m peekabooProviderRollbackCleanup: History restore returned disposable config repo to baseline
[0;34m[16:52:57][0m === Phase 8: Audit provider evidence ===
[0;34m[16:52:57][0m Provider request log: /var/folders/lw/q3m765kd17z3h2g36tw6qk000000gp/T//nixmac-e2e-provider-calls.wp97Dq
[0;34m[16:52:57][0m Completion log dir: /var/folders/lw/q3m765kd17z3h2g36tw6qk000000gp/T//nixmac-e2e-completions.DCkuCc
[0;32m[PASS][0m peekabooProviderAudit: Observed 2 provider HTTP requests across evolve and summary paths
[0;34m[16:52:57][0m Stopping recorder (PID: 26323)...
[0;34m[16:53:06][0m Video saved: /Users/admin/nixmac-peekaboo-local-e2e/artifacts/computer-use-local/2026-05-05_23-51-27-591Z/video/peekaboo-e2e.mp4 (524K)
[0;34m[16:53:06][0m ==========================================
[0;34m[16:53:06][0m   Test Results
[0;34m[16:53:06][0m ==========================================
  [0;32m✅[0m Phase 1: peekabooProviderFixture: Prepared config repo, deterministic HTTP provider, completion logging, and mock rebuild flag
  [0;32m✅[0m Phase 2: peekabooProviderLaunch: App launched
  [0;32m✅[0m Phase 3: peekabooProviderTypedIntent: Descriptor submitted
  [0;32m✅[0m Phase 4: peekabooProviderReview: Provider calls observed and Review step reached
  [0;32m✅[0m Phase 5: peekabooProviderBuildBoundary: Build & Test advanced to Save step using explicit E2E mock activation
  [0;32m✅[0m Phase 6: peekabooProviderSaveFlow: Save step committed changes and returned to Describe
  [0;32m✅[0m Phase 7: peekabooProviderRollbackCleanup: History restore returned disposable config repo to baseline
  [0;32m✅[0m Phase 8: peekabooProviderAudit: Observed 2 provider HTTP requests across evolve and summary paths

  [0;32mAll 12 checks passed[0m
[0;34m[16:53:06][0m ==========================================
[0;34m[16:53:07][0m E2E report written: /Users/admin/nixmac-peekaboo-local-e2e/artifacts/computer-use-local/2026-05-05_23-51-27-591Z/e2e-report/macos_provider_evolve_full_smoke/e2e-report.json
[0;34m[16:53:07][0m 
[0;34m[16:53:07][0m Screenshots: /Users/admin/nixmac-peekaboo-local-e2e/artifacts/computer-use-local/2026-05-05_23-51-27-591Z/screenshots
[0;34m[16:53:07][0m Video: /Users/admin/nixmac-peekaboo-local-e2e/artifacts/computer-use-local/2026-05-05_23-51-27-591Z/video/peekaboo-e2e.mp4
[0;34m[16:53:07][0m Log: /Users/admin/nixmac-peekaboo-local-e2e/artifacts/computer-use-local/2026-05-05_23-51-27-591Z/peekaboo-e2e.log
[0;34m[16:53:10][0m Uninstalling Nix...
 INFO nix-installer v3.19.0
 INFO nix-installer v3.19.0
[31m`nix-darwin` installation detected, it must be removed before uninstalling Nix. Please refer to https://github.com/LnL7/nix-darwin#uninstalling for instructions how to uninstall `nix-darwin`.[39m
[0;32m[PASS][0m Nix uninstalled
