
[0;34m[00:19:12][0m === macos-e2e test runner ===
[0;34m[00:19:12][0m Started at Wed May  6 00:19:12 PDT 2026
[0;34m[00:19:12][0m Machine: DXU97120 | macOS 26.2
[0;34m[00:19:12][0m Working directory: /Users/admin/nixmac-peekaboo-local-e2e/tests/e2e
[0;34m[00:19:26][0m Scenario: macos_homebrew_save_rollback_smoke
[0;34m[00:19:26][0m Starting screen recording: /Users/admin/nixmac-peekaboo-local-e2e/artifacts/computer-use-local/2026-05-06_07-19-11-259Z/video/peekaboo-e2e.mp4
[0;34m[00:19:29][0m Recorder started (PID: 7359)
[0;34m[00:19:29][0m === Phase 1: Prepare Homebrew managed-badge fixture ===
[0;32m[PASS][0m Peekaboo Bridge connected
[0;32m[PASS][0m Peekaboo permissions OK
[1;33m[WARN][0m No ADMIN_PASSWORD set, cannot unlock screen
[0;34m[00:19:32][0m Clearing nixmac app state...
[0;32m[PASS][0m App state cleared
[0;34m[00:19:32][0m Seeded nixmac settings at /Users/admin/Library/Application Support/com.darkmatter.nixmac/settings.json with provider http://127.0.0.1:62288/v1
[0;34m[00:19:32][0m Installed E2E system activation shim at /var/folders/lw/q3m765kd17z3h2g36tw6qk000000gp/T//nixmac-e2e-system-mock-bin.Yv1VKF
[0;32m[PASS][0m peekabooProviderFixture: Prepared Homebrew managed-badge fixture, deterministic HTTP provider, completion logging, and mock rebuild flag
[0;34m[00:19:32][0m === Phase 2: Launch nixmac for Untracked Homebrew items proof ===
[0;34m[00:19:32][0m Launching nixmac...
[0;32m[PASS][0m App launched: nixmac
[0;34m[00:19:49][0m Screenshot saved: /Users/admin/nixmac-peekaboo-local-e2e/artifacts/computer-use-local/2026-05-06_07-19-11-259Z/screenshots/01-homebrew-launched-1778051989.png
[0;32m[PASS][0m peekabooProviderLaunch: App launched for Untracked Homebrew items proof
[0;34m[00:19:49][0m === Phase 3: Apply Untracked Homebrew items to config ===
[0;34m[00:19:54][0m System Events button click for '1 untracked Homebrew item'
[0;34m[00:20:00][0m Clicking element id=elem_42 role=button identifier= label=1 untracked Homebrew item title=1 untracked Homebrew item value= desc= bounds=none matching '[0-9]+ untracked Homebrew'
[0;34m[00:20:00][0m Candidate for '[0-9]+ untracked Homebrew': score=10 match=label id=elem_42 role=button identifier= label=1 untracked Homebrew item title=1 untracked Homebrew item bounds=none
[0;34m[00:20:22][0m Clicking query 'untracked Homebrew'
[0;34m[00:20:23][0m Click query 'untracked Homebrew' output: Error: The operation couldn’t be completed. (PeekabooBridge.PeekabooBridgeErrorEnvelope error 1.)
[0;34m[00:20:28][0m Coordinate fallback click for Untracked Homebrew items badge at 708,601
[0;34m[00:20:43][0m Screenshot saved: /Users/admin/nixmac-peekaboo-local-e2e/artifacts/computer-use-local/2026-05-06_07-19-11-259Z/screenshots/02-homebrew-popover-1778052043.png
[0;34m[00:20:46][0m Clicking element id=elem_57 role=button identifier= label=Add to config title=Add to config value= desc= bounds=none matching 'managed-homebrew-add-to-config|^Add to config$'
[0;34m[00:20:46][0m Candidate for 'managed-homebrew-add-to-config|^Add to config$': score=10 match=label id=elem_57 role=button identifier= label=Add to config title=Add to config bounds=none
[0;34m[00:20:51][0m Screenshot saved: /Users/admin/nixmac-peekaboo-local-e2e/artifacts/computer-use-local/2026-05-06_07-19-11-259Z/screenshots/03-homebrew-review-1778052051.png
[0;34m[00:20:51][0m === Phase 4: Build and Test Untracked Homebrew items managed change ===
[0;34m[00:20:51][0m Clicking element id=elem_32 role=button identifier= label=Build & Test title=Build & Test value= desc= bounds=none matching 'Build & Test'
[0;34m[00:20:51][0m Candidate for 'Build & Test': score=10 match=label id=elem_32 role=button identifier= label=Build & Test title=Build & Test bounds=none
[0;34m[00:21:08][0m No build confirmation prompt observed
[0;34m[00:21:09][0m Screenshot saved: /Users/admin/nixmac-peekaboo-local-e2e/artifacts/computer-use-local/2026-05-06_07-19-11-259Z/screenshots/04-homebrew-save-step-after-build-1778052069.png
[0;32m[PASS][0m peekabooProviderBuildBoundary: Build & Test advanced to Save step for Untracked Homebrew items
[0;34m[00:21:09][0m === Phase 5: Commit Untracked Homebrew items managed change ===
[0;34m[00:21:09][0m Using deterministic commit message for homebrew managed-badge change
[0;34m[00:21:10][0m Clicking element id=elem_58 role=textField identifier= label=Loading... title= value= desc= bounds=none matching 'commitMsg|Loading|Commit message|Commit Changes'
[0;34m[00:21:10][0m Candidate for 'commitMsg|Loading|Commit message|Commit Changes': score=10 match=label id=elem_58 role=textField identifier= label=Loading... title= bounds=none
[0;34m[00:21:12][0m Clicking element id=elem_59 role=button identifier= label=Commit title=Commit value= desc= bounds=none matching 'Commit( Changes)?'
[0;34m[00:21:12][0m Candidate for 'Commit( Changes)?': score=10 match=label id=elem_59 role=button identifier= label=Commit title=Commit bounds=none
[0;34m[00:21:14][0m Screenshot saved: /Users/admin/nixmac-peekaboo-local-e2e/artifacts/computer-use-local/2026-05-06_07-19-11-259Z/screenshots/05-homebrew-returned-to-describe-1778052074.png
[0;32m[PASS][0m peekabooProviderSaveFlow: Untracked Homebrew items Save step committed changes and returned to Describe
[0;34m[00:21:14][0m === Phase 6: Restore Untracked Homebrew items baseline from History ===
[0;34m[00:21:14][0m Clicking element id=elem_8 role=button identifier= label=History title=History value= desc=History bounds=none matching '^History( |\(|$)'
[0;34m[00:21:14][0m Candidate for '^History( |\(|$)': score=10 match=label id=elem_8 role=button identifier= label=History title=History bounds=none
[0;34m[00:21:17][0m Screenshot saved: /Users/admin/nixmac-peekaboo-local-e2e/artifacts/computer-use-local/2026-05-06_07-19-11-259Z/screenshots/06-history-before-restore-1778052077.png
[0;34m[00:21:17][0m Clicking element id=elem_35 role=button identifier= label=Restore title=Restore value= desc= bounds=none matching '^Restore$'
[0;34m[00:21:17][0m Candidate for '^Restore$': score=10 match=label id=elem_35 role=button identifier= label=Restore title=Restore bounds=none
[0;34m[00:21:20][0m Screenshot saved: /Users/admin/nixmac-peekaboo-local-e2e/artifacts/computer-use-local/2026-05-06_07-19-11-259Z/screenshots/07-history-restore-preview-1778052080.png
[0;34m[00:21:20][0m System Events button click for 'Confirm Restore'
[0;34m[00:21:21][0m Clicking element id=elem_22 role=button identifier= label=Confirm Restore title=Confirm Restore value= desc= bounds=none matching 'history-confirm-restore-button|^Confirm Restore$'
[0;34m[00:21:21][0m Candidate for 'history-confirm-restore-button|^Confirm Restore$': score=10 match=label id=elem_22 role=button identifier= label=Confirm Restore title=Confirm Restore bounds=none
[0;34m[00:21:22][0m Candidate for 'history-confirm-restore-button|^Confirm Restore$': score=10 match=label id=elem_22 role=button identifier= label=Confirm Restore title=Confirm Restore bounds=none
[0;34m[00:21:24][0m Clicking query 'Confirm Restore'
[0;34m[00:21:24][0m Click query 'Confirm Restore' output: Error: The operation couldn’t be completed. (PeekabooBridge.PeekabooBridgeErrorEnvelope error 1.)
[0;34m[00:21:24][0m Coordinate fallback click for history confirm restore primary action at 1124,307
[0;34m[00:21:25][0m CGEvent fallback click for history confirm restore primary action at 1124,307
[0;34m[00:21:26][0m Coordinate fallback click for history confirm restore at 1148,307
[0;34m[00:21:27][0m CGEvent fallback click for history confirm restore at 1148,307
[0;34m[00:21:30][0m Confirm Restore still visible after attempt 1; retrying
[0;34m[00:21:30][0m System Events button click for 'Confirm Restore'
[0;34m[00:21:30][0m Clicking element id=elem_22 role=button identifier= label=Confirm Restore title=Confirm Restore value= desc= bounds=none matching 'history-confirm-restore-button|^Confirm Restore$'
[0;34m[00:21:30][0m Candidate for 'history-confirm-restore-button|^Confirm Restore$': score=10 match=label id=elem_22 role=button identifier= label=Confirm Restore title=Confirm Restore bounds=none
[0;34m[00:21:31][0m Candidate for 'history-confirm-restore-button|^Confirm Restore$': score=10 match=label id=elem_22 role=button identifier= label=Confirm Restore title=Confirm Restore bounds=none
[0;34m[00:21:33][0m Clicking query 'Confirm Restore'
[0;34m[00:21:34][0m Click query 'Confirm Restore' output: Error: The operation couldn’t be completed. (PeekabooBridge.PeekabooBridgeErrorEnvelope error 1.)
[0;34m[00:21:34][0m Coordinate fallback click for history confirm restore primary action at 1124,307
[0;34m[00:21:34][0m CGEvent fallback click for history confirm restore primary action at 1124,307
[0;34m[00:21:35][0m Coordinate fallback click for history confirm restore at 1148,307
[0;34m[00:21:36][0m CGEvent fallback click for history confirm restore at 1148,307
[0;34m[00:21:38][0m Confirm Restore still visible after attempt 2; retrying
[0;34m[00:21:38][0m System Events button click for 'Confirm Restore'
[0;34m[00:21:39][0m Clicking element id=elem_22 role=button identifier= label=Confirm Restore title=Confirm Restore value= desc= bounds=none matching 'history-confirm-restore-button|^Confirm Restore$'
[0;34m[00:21:39][0m Candidate for 'history-confirm-restore-button|^Confirm Restore$': score=10 match=label id=elem_22 role=button identifier= label=Confirm Restore title=Confirm Restore bounds=none
[0;34m[00:21:40][0m Candidate for 'history-confirm-restore-button|^Confirm Restore$': score=10 match=label id=elem_22 role=button identifier= label=Confirm Restore title=Confirm Restore bounds=none
[0;34m[00:21:41][0m Clicking query 'Confirm Restore'
[0;34m[00:21:42][0m Click query 'Confirm Restore' output: Error: The operation couldn’t be completed. (PeekabooBridge.PeekabooBridgeErrorEnvelope error 1.)
[0;34m[00:21:42][0m Coordinate fallback click for history confirm restore primary action at 1124,307
[0;34m[00:21:43][0m CGEvent fallback click for history confirm restore primary action at 1124,307
[0;34m[00:21:44][0m Coordinate fallback click for history confirm restore at 1148,307
[0;34m[00:21:45][0m CGEvent fallback click for history confirm restore at 1148,307
[0;34m[00:21:47][0m Confirm Restore still visible after attempt 3; retrying
[0;31m[FAIL][0m Untracked Homebrew items History restore did not return disposable config repo to baseline
[0;34m[00:21:48][0m Screenshot saved: /Users/admin/nixmac-peekaboo-local-e2e/artifacts/computer-use-local/2026-05-06_07-19-11-259Z/screenshots/failure-1778052107-1778052107.png
[0;34m[00:21:48][0m Stopping recorder (PID: 7359)...
[0;34m[00:22:04][0m Video saved: /Users/admin/nixmac-peekaboo-local-e2e/artifacts/computer-use-local/2026-05-06_07-19-11-259Z/video/peekaboo-e2e.mp4 (900K)
[0;34m[00:22:08][0m Uninstalling Nix...
 INFO nix-installer v3.19.0
 INFO nix-installer v3.19.0
[31m`nix-darwin` installation detected, it must be removed before uninstalling Nix. Please refer to https://github.com/LnL7/nix-darwin#uninstalling for instructions how to uninstall `nix-darwin`.[39m
[0;32m[PASS][0m Nix uninstalled
[0;34m[00:22:10][0m E2E report written: /Users/admin/nixmac-peekaboo-local-e2e/artifacts/computer-use-local/2026-05-06_07-19-11-259Z/e2e-report/macos_homebrew_save_rollback_smoke/e2e-report.json
