
[0;34m[19:47:10][0m === macos-e2e test runner ===
[0;34m[19:47:10][0m Started at Tue May  5 19:47:10 PDT 2026
[0;34m[19:47:10][0m Machine: DXU97120 | macOS 26.2
[0;34m[19:47:10][0m Working directory: /Users/admin/nixmac-peekaboo-local-e2e/tests/e2e
[0;34m[19:47:18][0m Scenario: macos_customization_save_rollback_smoke
[0;34m[19:47:18][0m Starting screen recording: /Users/admin/nixmac-peekaboo-local-e2e/artifacts/computer-use-local/2026-05-06_02-47-08-631Z/video/peekaboo-e2e.mp4
[0;34m[19:47:21][0m Recorder started (PID: 45065)
[0;34m[19:47:22][0m === Phase 1: Prepare customization managed-badge fixture ===
[0;32m[PASS][0m Peekaboo Bridge connected
[0;32m[PASS][0m Peekaboo permissions OK
[1;33m[WARN][0m No ADMIN_PASSWORD set, cannot unlock screen
[0;34m[19:47:23][0m Clearing nixmac app state...
[0;32m[PASS][0m App state cleared
[0;34m[19:47:24][0m Seeded nixmac settings at /Users/admin/Library/Application Support/com.darkmatter.nixmac/settings.json with provider http://127.0.0.1:61763/v1
[0;34m[19:47:24][0m Installed E2E system activation shim at /var/folders/lw/q3m765kd17z3h2g36tw6qk000000gp/T//nixmac-e2e-system-mock-bin.KFvrqw
[0;32m[PASS][0m peekabooProviderFixture: Prepared customization managed-badge fixture, deterministic HTTP provider, completion logging, and mock rebuild flag
[0;34m[19:47:24][0m === Phase 2: Launch nixmac for Untracked customizations proof ===
[0;34m[19:47:24][0m Launching nixmac...
[0;32m[PASS][0m App launched: nixmac
[0;34m[19:47:42][0m Screenshot saved: /Users/admin/nixmac-peekaboo-local-e2e/artifacts/computer-use-local/2026-05-06_02-47-08-631Z/screenshots/01-customization-launched-1778035662.png
[0;32m[PASS][0m peekabooProviderLaunch: App launched for Untracked customizations proof
[0;34m[19:47:43][0m === Phase 3: Apply Untracked customizations to config ===
[0;34m[19:47:43][0m Coordinate fallback click for Untracked customizations badge at 1184,566
[0;34m[19:47:45][0m Screenshot saved: /Users/admin/nixmac-peekaboo-local-e2e/artifacts/computer-use-local/2026-05-06_02-47-08-631Z/screenshots/02-customization-popover-1778035664.png
[0;34m[19:47:48][0m Clicking element elem_105 matching 'Add to config'
[0;34m[19:47:52][0m Screenshot saved: /Users/admin/nixmac-peekaboo-local-e2e/artifacts/computer-use-local/2026-05-06_02-47-08-631Z/screenshots/03-customization-review-1778035672.png
[0;34m[19:47:52][0m === Phase 4: Build and Test Untracked customizations managed change ===
[0;34m[19:47:53][0m Clicking element elem_32 matching 'Build & Test'
[0;34m[19:48:09][0m No build confirmation prompt observed
[0;34m[19:48:10][0m Screenshot saved: /Users/admin/nixmac-peekaboo-local-e2e/artifacts/computer-use-local/2026-05-06_02-47-08-631Z/screenshots/04-customization-save-step-after-build-1778035690.png
[0;32m[PASS][0m peekabooProviderBuildBoundary: Build & Test advanced to Save step for Untracked customizations
[0;34m[19:48:10][0m === Phase 5: Commit Untracked customizations managed change ===
[0;34m[19:48:10][0m Using deterministic commit message for customization managed-badge change
[0;34m[19:48:11][0m Clicking element elem_49 matching 'commitMsg|Loading|Commit message|Commit Changes'
[0;34m[19:48:13][0m Clicking element elem_50 matching 'Commit( Changes)?'
[0;34m[19:48:15][0m Screenshot saved: /Users/admin/nixmac-peekaboo-local-e2e/artifacts/computer-use-local/2026-05-06_02-47-08-631Z/screenshots/05-customization-returned-to-describe-1778035695.png
[0;32m[PASS][0m peekabooProviderSaveFlow: Untracked customizations Save step committed changes and returned to Describe
[0;34m[19:48:15][0m === Phase 6: Restore Untracked customizations baseline from History ===
[0;34m[19:48:15][0m Clicking element elem_8 matching 'History'
[0;34m[19:48:18][0m Screenshot saved: /Users/admin/nixmac-peekaboo-local-e2e/artifacts/computer-use-local/2026-05-06_02-47-08-631Z/screenshots/06-history-before-restore-1778035698.png
[0;34m[19:48:18][0m Clicking element elem_32 matching '^Restore$|Restore'
[0;34m[19:48:21][0m Screenshot saved: /Users/admin/nixmac-peekaboo-local-e2e/artifacts/computer-use-local/2026-05-06_02-47-08-631Z/screenshots/07-history-restore-preview-1778035701.png
[0;34m[19:48:22][0m Clicking element elem_22 matching 'Confirm Restore'
[0;34m[19:48:25][0m Screenshot saved: /Users/admin/nixmac-peekaboo-local-e2e/artifacts/computer-use-local/2026-05-06_02-47-08-631Z/screenshots/08-after-history-restore-1778035704.png
[0;32m[PASS][0m peekabooCustomizationSaveRollback: Untracked customizations Add to config was built, committed, and rolled back to the disposable baseline
[0;34m[19:48:25][0m === Phase 7: Audit Untracked customizations managed-badge evidence ===
[0;32m[PASS][0m peekabooProviderAudit: Preserved provider/request evidence for Untracked customizations managed-badge proof
[0;34m[19:48:25][0m Stopping recorder (PID: 45065)...
[0;34m[19:48:37][0m Video saved: /Users/admin/nixmac-peekaboo-local-e2e/artifacts/computer-use-local/2026-05-06_02-47-08-631Z/video/peekaboo-e2e.mp4 (440K)
[0;34m[19:48:37][0m ==========================================
[0;34m[19:48:37][0m   Test Results
[0;34m[19:48:37][0m ==========================================
  [0;32m✅[0m Phase 1: peekabooProviderFixture: Prepared customization managed-badge fixture, deterministic HTTP provider, completion logging, and mock rebuild flag
  [0;32m✅[0m Phase 2: peekabooProviderLaunch: App launched for Untracked customizations proof
  [0;32m✅[0m Phase 4: peekabooProviderBuildBoundary: Build & Test advanced to Save step for Untracked customizations
  [0;32m✅[0m Phase 5: peekabooProviderSaveFlow: Untracked customizations Save step committed changes and returned to Describe
  [0;32m✅[0m Phase 6: peekabooCustomizationSaveRollback: Untracked customizations Add to config was built, committed, and rolled back to the disposable baseline
  [0;32m✅[0m Phase 7: peekabooProviderAudit: Preserved provider/request evidence for Untracked customizations managed-badge proof

  [0;32mAll 10 checks passed[0m
[0;34m[19:48:37][0m ==========================================
[0;34m[19:48:37][0m E2E report written: /Users/admin/nixmac-peekaboo-local-e2e/artifacts/computer-use-local/2026-05-06_02-47-08-631Z/e2e-report/macos_customization_save_rollback_smoke/e2e-report.json
[0;34m[19:48:37][0m 
[0;34m[19:48:37][0m Screenshots: /Users/admin/nixmac-peekaboo-local-e2e/artifacts/computer-use-local/2026-05-06_02-47-08-631Z/screenshots
[0;34m[19:48:37][0m Video: /Users/admin/nixmac-peekaboo-local-e2e/artifacts/computer-use-local/2026-05-06_02-47-08-631Z/video/peekaboo-e2e.mp4
[0;34m[19:48:37][0m Log: /Users/admin/nixmac-peekaboo-local-e2e/artifacts/computer-use-local/2026-05-06_02-47-08-631Z/peekaboo-e2e.log
[0;34m[19:48:41][0m Uninstalling Nix...
 INFO nix-installer v3.19.0
 INFO nix-installer v3.19.0
[31m`nix-darwin` installation detected, it must be removed before uninstalling Nix. Please refer to https://github.com/LnL7/nix-darwin#uninstalling for instructions how to uninstall `nix-darwin`.[39m
[0;32m[PASS][0m Nix uninstalled
