
[0;34m[10:20:12][0m === macos-e2e test runner ===
[0;34m[10:20:12][0m Started at Fri May 22 10:20:12 PDT 2026
[0;34m[10:20:12][0m Machine: DXU97120 | macOS 26.2
[0;34m[10:20:12][0m Working directory: /Users/admin/nixmac-peekaboo-local-e2e/tests/e2e
[0;34m[10:20:14][0m Scenario: macos_core_product_proof
[0;34m[10:20:14][0m Starting screen recording: /Users/admin/nixmac-peekaboo-local-e2e/artifacts/computer-use-local/2026-05-22_17-20-10-747Z/video/peekaboo-e2e.mp4
[0;34m[10:20:18][0m Attempted to dismiss Terminal Automation permission prompt
[0;34m[10:20:21][0m Recorder started (PID: 18111)
[0;34m[10:20:21][0m === Phase 1: Prepare broad local Product Proof fixture ===
[0;32m[PASS][0m Peekaboo Bridge connected
[0;32m[PASS][0m Peekaboo permissions OK
[1;33m[WARN][0m No ADMIN_PASSWORD set, cannot unlock screen
[0;34m[10:20:22][0m Clearing nixmac app state...
[diagnostic] Captured Peekaboo diagnostics for nixmac (pre-clear): /Users/admin/nixmac-peekaboo-local-e2e/artifacts/computer-use-local/2026-05-22_17-20-10-747Z/diagnostics/20260522T172022Z-nixmac-pre-clear-*
[0;32m[PASS][0m App state cleared
[0;34m[10:20:24][0m Seeded nixmac settings at /Users/admin/Library/Application Support/com.darkmatter.nixmac/settings.json
[0;34m[10:20:24][0m Seeded nixmac E2E runtime at /Users/admin/Library/Application Support/com.darkmatter.nixmac/e2e-runtime.json (expires 2026-05-22 10:50:24)
[0;32m[PASS][0m peekabooCoreFixture: Prepared deterministic config, local validation settings, and mock system flag
[0;34m[10:20:24][0m === Phase 2: Launch and prove app shell ===
[0;34m[10:20:24][0m Launching nixmac...
[0;32m[PASS][0m App launched: nixmac
[diagnostic] Captured Peekaboo diagnostics for nixmac (ready-shell-timeout): /Users/admin/nixmac-peekaboo-local-e2e/artifacts/computer-use-local/2026-05-22_17-20-10-747Z/diagnostics/20260522T172142Z-nixmac-ready-shell-timeout-*
[0;34m[10:21:44][0m Screenshot saved: /Users/admin/nixmac-peekaboo-local-e2e/artifacts/computer-use-local/2026-05-22_17-20-10-747Z/screenshots/core-launch-missing-1779470503.png
[0;31m[FAIL][0m App shell did not expose expected interactive controls with visible screenshot signal
[0;34m[10:21:44][0m Screenshot saved: /Users/admin/nixmac-peekaboo-local-e2e/artifacts/computer-use-local/2026-05-22_17-20-10-747Z/screenshots/failure-1779470504-1779470504.png
[0;34m[10:21:45][0m Stopping recorder (PID: 18111)...
[0;34m[10:21:49][0m Video saved: /Users/admin/nixmac-peekaboo-local-e2e/artifacts/computer-use-local/2026-05-22_17-20-10-747Z/video/peekaboo-e2e.mp4 (388K)
[0;34m[10:21:53][0m Uninstalling Nix...
 INFO nix-installer v3.19.0
 INFO nix-installer v3.19.0
[31m`nix-darwin` installation detected, it must be removed before uninstalling Nix. Please refer to https://github.com/LnL7/nix-darwin#uninstalling for instructions how to uninstall `nix-darwin`.[39m
[0;32m[PASS][0m Nix uninstalled
[0;34m[10:21:54][0m E2E report written: /Users/admin/nixmac-peekaboo-local-e2e/artifacts/computer-use-local/2026-05-22_17-20-10-747Z/e2e-report/macos_core_product_proof/e2e-report.json
