
[0;34m[17:12:29][0m === macos-e2e test runner ===
[0;34m[17:12:29][0m Started at Tue May  5 17:12:29 PDT 2026
[0;34m[17:12:29][0m Machine: DXU97120 | macOS 26.2
[0;34m[17:12:29][0m Working directory: /Users/admin/nixmac-peekaboo-local-e2e/tests/e2e
[0;34m[17:12:35][0m Scenario: macos_customization_save_rollback_smoke
[0;34m[17:12:35][0m Starting screen recording: /Users/admin/nixmac-peekaboo-local-e2e/artifacts/computer-use-local/2026-05-06_00-12-27-634Z/video/peekaboo-e2e.mp4
[0;34m[17:12:39][0m Recorder started (PID: 46606)
[0;34m[17:12:39][0m === Phase 1: Prepare customization managed-badge fixture ===
[0;32m[PASS][0m Peekaboo Bridge connected
[0;32m[PASS][0m Peekaboo permissions OK
[1;33m[WARN][0m No ADMIN_PASSWORD set, cannot unlock screen
[0;34m[17:12:40][0m Clearing nixmac app state...
[0;32m[PASS][0m App state cleared
[0;34m[17:12:41][0m Seeded nixmac settings at /Users/admin/Library/Application Support/com.darkmatter.nixmac/settings.json with provider http://127.0.0.1:61561/v1
[0;34m[17:12:41][0m Installed E2E system activation shim at /var/folders/lw/q3m765kd17z3h2g36tw6qk000000gp/T//nixmac-e2e-system-mock-bin.tSiR9v
[0;32m[PASS][0m peekabooProviderFixture: Prepared customization managed-badge fixture, deterministic HTTP provider, completion logging, and mock rebuild flag
[0;34m[17:12:41][0m === Phase 2: Launch nixmac for Untracked customizations proof ===
[0;34m[17:12:41][0m Launching nixmac...
[0;32m[PASS][0m App launched: nixmac
[0;34m[17:13:00][0m Screenshot saved: /Users/admin/nixmac-peekaboo-local-e2e/artifacts/computer-use-local/2026-05-06_00-12-27-634Z/screenshots/01-customization-launched-1778026379.png
[0;32m[PASS][0m peekabooProviderLaunch: App launched for Untracked customizations proof
[0;34m[17:13:00][0m === Phase 3: Apply Untracked customizations to config ===
[0;34m[17:13:00][0m Coordinate fallback click for Untracked customizations badge at 1184,566
[0;34m[17:13:02][0m Screenshot saved: /Users/admin/nixmac-peekaboo-local-e2e/artifacts/computer-use-local/2026-05-06_00-12-27-634Z/screenshots/02-customization-popover-1778026382.png
[0;34m[17:13:05][0m Clicking element elem_105 matching 'Add to config'
[0;34m[17:13:10][0m Screenshot saved: /Users/admin/nixmac-peekaboo-local-e2e/artifacts/computer-use-local/2026-05-06_00-12-27-634Z/screenshots/03-customization-review-1778026390.png
[0;34m[17:13:10][0m === Phase 4: Build and Test Untracked customizations managed change ===
[0;34m[17:13:10][0m Clicking element elem_32 matching 'Build & Test'
[0;34m[17:13:27][0m No build confirmation prompt observed
[0;34m[17:13:28][0m Screenshot saved: /Users/admin/nixmac-peekaboo-local-e2e/artifacts/computer-use-local/2026-05-06_00-12-27-634Z/screenshots/04-customization-save-step-after-build-1778026408.png
[0;32m[PASS][0m peekabooProviderBuildBoundary: Build & Test advanced to Save step for Untracked customizations
[0;34m[17:13:28][0m === Phase 5: Commit Untracked customizations managed change ===
[0;34m[17:13:28][0m Using deterministic commit message for customization managed-badge change
[0;34m[17:13:28][0m Clicking element elem_49 matching 'commitMsg|Loading|Commit message|Commit Changes'
[0;34m[17:13:30][0m Clicking element elem_50 matching 'Commit( Changes)?'
[0;34m[17:13:33][0m Screenshot saved: /Users/admin/nixmac-peekaboo-local-e2e/artifacts/computer-use-local/2026-05-06_00-12-27-634Z/screenshots/05-customization-returned-to-describe-1778026412.png
[0;32m[PASS][0m peekabooProviderSaveFlow: Untracked customizations Save step committed changes and returned to Describe
[0;34m[17:13:33][0m === Phase 6: Restore Untracked customizations baseline from History ===
[0;34m[17:13:33][0m Clicking element elem_8 matching 'History'
[0;34m[17:13:36][0m Screenshot saved: /Users/admin/nixmac-peekaboo-local-e2e/artifacts/computer-use-local/2026-05-06_00-12-27-634Z/screenshots/06-history-before-restore-1778026415.png
[0;34m[17:13:36][0m Clicking element elem_32 matching '^Restore$|Restore'
[0;34m[17:13:39][0m Screenshot saved: /Users/admin/nixmac-peekaboo-local-e2e/artifacts/computer-use-local/2026-05-06_00-12-27-634Z/screenshots/07-history-restore-preview-1778026419.png
[0;34m[17:13:39][0m Clicking element elem_22 matching 'Confirm Restore'
[0;34m[17:13:42][0m Screenshot saved: /Users/admin/nixmac-peekaboo-local-e2e/artifacts/computer-use-local/2026-05-06_00-12-27-634Z/screenshots/08-after-history-restore-1778026422.png
[0;32m[PASS][0m peekabooCustomizationSaveRollback: Untracked customizations Add to config was built, committed, and rolled back to the disposable baseline
[0;34m[17:13:42][0m === Phase 7: Audit Untracked customizations managed-badge evidence ===
[0;32m[PASS][0m peekabooProviderAudit: Preserved provider/request evidence for Untracked customizations managed-badge proof
[0;34m[17:13:43][0m Stopping recorder (PID: 46606)...
[0;34m[17:13:52][0m Video saved: /Users/admin/nixmac-peekaboo-local-e2e/artifacts/computer-use-local/2026-05-06_00-12-27-634Z/video/peekaboo-e2e.mp4 (440K)
[0;34m[17:13:52][0m ==========================================
[0;34m[17:13:52][0m   Test Results
[0;34m[17:13:52][0m ==========================================
  [0;32m✅[0m Phase 1: peekabooProviderFixture: Prepared customization managed-badge fixture, deterministic HTTP provider, completion logging, and mock rebuild flag
  [0;32m✅[0m Phase 2: peekabooProviderLaunch: App launched for Untracked customizations proof
  [0;32m✅[0m Phase 4: peekabooProviderBuildBoundary: Build & Test advanced to Save step for Untracked customizations
  [0;32m✅[0m Phase 5: peekabooProviderSaveFlow: Untracked customizations Save step committed changes and returned to Describe
  [0;32m✅[0m Phase 6: peekabooCustomizationSaveRollback: Untracked customizations Add to config was built, committed, and rolled back to the disposable baseline
  [0;32m✅[0m Phase 7: peekabooProviderAudit: Preserved provider/request evidence for Untracked customizations managed-badge proof

  [0;32mAll 10 checks passed[0m
[0;34m[17:13:52][0m ==========================================
[0;34m[17:13:53][0m E2E report written: /Users/admin/nixmac-peekaboo-local-e2e/artifacts/computer-use-local/2026-05-06_00-12-27-634Z/e2e-report/macos_customization_save_rollback_smoke/e2e-report.json
[0;34m[17:13:53][0m 
[0;34m[17:13:53][0m Screenshots: /Users/admin/nixmac-peekaboo-local-e2e/artifacts/computer-use-local/2026-05-06_00-12-27-634Z/screenshots
[0;34m[17:13:53][0m Video: /Users/admin/nixmac-peekaboo-local-e2e/artifacts/computer-use-local/2026-05-06_00-12-27-634Z/video/peekaboo-e2e.mp4
[0;34m[17:13:53][0m Log: /Users/admin/nixmac-peekaboo-local-e2e/artifacts/computer-use-local/2026-05-06_00-12-27-634Z/peekaboo-e2e.log
[0;34m[17:13:57][0m Uninstalling Nix...
 INFO nix-installer v3.19.0
 INFO nix-installer v3.19.0
[31m`nix-darwin` installation detected, it must be removed before uninstalling Nix. Please refer to https://github.com/LnL7/nix-darwin#uninstalling for instructions how to uninstall `nix-darwin`.[39m
[0;32m[PASS][0m Nix uninstalled
