
[0;34m[11:54:19][0m === macos-e2e test runner ===
[0;34m[11:54:19][0m Started at Wed May  6 11:54:19 PDT 2026
[0;34m[11:54:19][0m Machine: DXU97120 | macOS 26.2
[0;34m[11:54:19][0m Working directory: /Users/admin/nixmac-peekaboo-local-e2e/tests/e2e
[0;34m[11:54:34][0m Scenario: macos_console_smoke
[0;34m[11:54:34][0m Starting screen recording: /Users/admin/nixmac-peekaboo-local-e2e/artifacts/computer-use-local/2026-05-06_18-54-17-796Z/video/peekaboo-e2e.mp4
[0;34m[11:54:38][0m Recorder started (PID: 16118)
[0;34m[11:54:38][0m === Phase 1: Prepare Console fixture ===
[0;32m[PASS][0m Peekaboo Bridge connected
[0;32m[PASS][0m Peekaboo permissions OK
[1;33m[WARN][0m No ADMIN_PASSWORD set, cannot unlock screen
[0;34m[11:54:38][0m Clearing nixmac app state...
[0;32m[PASS][0m App state cleared
[0;34m[11:54:38][0m Seeded nixmac settings at /Users/admin/Library/Application Support/com.darkmatter.nixmac/settings.json
[0;32m[PASS][0m peekabooCoreFixture: Prepared deterministic config and local provider-validation settings
[0;34m[11:54:38][0m === Phase 2: Launch nixmac app ===
[0;34m[11:54:38][0m Launching nixmac...
[0;32m[PASS][0m App launched: nixmac
[1;33m[WARN][0m Peekaboo Bridge is not selected remote; restarting Peekaboo.app...
[0;32m[PASS][0m Peekaboo Bridge recovered
[diagnostic] Captured Peekaboo diagnostics for nixmac (empty-app-scope): /Users/admin/nixmac-peekaboo-local-e2e/artifacts/computer-use-local/2026-05-06_18-54-17-796Z/diagnostics/20260506T185514Z-nixmac-empty-app-scope-*
[0;31m[FAIL][0m App shell did not expose Console footer
[0;34m[11:55:38][0m Screenshot saved: /Users/admin/nixmac-peekaboo-local-e2e/artifacts/computer-use-local/2026-05-06_18-54-17-796Z/screenshots/failure-1778093738-1778093738.png
[0;34m[11:55:38][0m Stopping recorder (PID: 16118)...
[0;34m[11:55:57][0m Video saved: /Users/admin/nixmac-peekaboo-local-e2e/artifacts/computer-use-local/2026-05-06_18-54-17-796Z/video/peekaboo-e2e.mp4 (388K)
[0;34m[11:56:01][0m Uninstalling Nix...
 INFO nix-installer v3.19.0
 INFO nix-installer v3.19.0
[31m`nix-darwin` installation detected, it must be removed before uninstalling Nix. Please refer to https://github.com/LnL7/nix-darwin#uninstalling for instructions how to uninstall `nix-darwin`.[39m
[0;32m[PASS][0m Nix uninstalled
[0;34m[11:56:02][0m E2E report written: /Users/admin/nixmac-peekaboo-local-e2e/artifacts/computer-use-local/2026-05-06_18-54-17-796Z/e2e-report/macos_console_smoke/e2e-report.json
