
[0;34m[23:55:20][0m === macos-e2e test runner ===
[0;34m[23:55:20][0m Started at Tue May  5 23:55:20 PDT 2026
[0;34m[23:55:20][0m Machine: DXU97120 | macOS 26.2
[0;34m[23:55:20][0m Working directory: /Users/admin/nixmac-peekaboo-local-e2e/tests/e2e
[0;34m[23:55:33][0m Scenario: macos_core_product_proof
[0;34m[23:55:33][0m Starting screen recording: /Users/admin/nixmac-peekaboo-local-e2e/artifacts/computer-use-local/2026-05-06_06-55-19-269Z/video/peekaboo-e2e.mp4
[0;34m[23:55:37][0m Recorder started (PID: 78543)
[0;34m[23:55:37][0m === Phase 1: Prepare broad local Product Proof fixture ===
[0;32m[PASS][0m Peekaboo Bridge connected
[0;32m[PASS][0m Peekaboo permissions OK
[1;33m[WARN][0m No ADMIN_PASSWORD set, cannot unlock screen
[0;34m[23:55:37][0m Clearing nixmac app state...
[0;32m[PASS][0m App state cleared
[0;34m[23:55:37][0m Seeded nixmac settings at /Users/admin/Library/Application Support/com.darkmatter.nixmac/settings.json
[0;32m[PASS][0m peekabooCoreFixture: Prepared deterministic config, local validation settings, and mock system flag
[0;34m[23:55:38][0m === Phase 2: Launch and prove app shell ===
[0;34m[23:55:38][0m Launching nixmac...
[0;32m[PASS][0m App launched: nixmac
[0;34m[23:55:57][0m Screenshot saved: /Users/admin/nixmac-peekaboo-local-e2e/artifacts/computer-use-local/2026-05-06_06-55-19-269Z/screenshots/01-core-launch-1778050556.png
[0;32m[PASS][0m peekabooCoreLaunch: App shell, header controls, and initial prompt surface rendered
[0;34m[23:55:57][0m === Phase 3: Verify update banner is not blocking ===
[0;34m[23:56:03][0m Screenshot saved: /Users/admin/nixmac-peekaboo-local-e2e/artifacts/computer-use-local/2026-05-06_06-55-19-269Z/screenshots/02-update-non-blocking-1778050562.png
[0;32m[PASS][0m peekabooCoreUpdateBanner: Update banner state did not block the prompt workflow
[0;34m[23:56:03][0m === Phase 4: Prove suggestion cards ===
[0;34m[23:56:03][0m Clicking element id=elem_41 role=button identifier= label=Install vim title=Install vim value= desc= bounds=none matching '^Install vim$|Install vim'
[0;34m[23:56:03][0m Candidate for '^Install vim$|Install vim': score=10 match=label id=elem_41 role=button identifier= label=Install vim title=Install vim bounds=none
[0;34m[23:56:06][0m Redacted text snapshot saved: /Users/admin/nixmac-peekaboo-local-e2e/artifacts/computer-use-local/2026-05-06_06-55-19-269Z/diagnostics/text/suggestion-card-text.txt
[0;34m[23:56:07][0m Screenshot saved: /Users/admin/nixmac-peekaboo-local-e2e/artifacts/computer-use-local/2026-05-06_06-55-19-269Z/screenshots/03-suggestion-card-1778050566.png
[0;32m[PASS][0m peekabooCoreSuggestionCards: Suggestion card was clicked and the prompt surface remained usable
[0;34m[23:56:07][0m === Phase 5: Prove descriptor prompt typing ===
[0;34m[23:56:07][0m Clicking element id=elem_33 role=textField identifier= label=Install vim title= value= desc= bounds=none matching 'evolve-prompt-input|Configuration change descriptor|Describe changes to make to your configuration|Install vim'
[0;34m[23:56:07][0m Candidate for 'evolve-prompt-input|Configuration change descriptor|Describe changes to make to your configuration|Install vim': score=10 match=label id=elem_33 role=textField identifier= label=Install vim title= bounds=none
[0;34m[23:56:10][0m Screenshot saved: /Users/admin/nixmac-peekaboo-local-e2e/artifacts/computer-use-local/2026-05-06_06-55-19-269Z/screenshots/04-descriptor-typed-1778050569.png
[0;32m[PASS][0m peekabooCoreTypedIntent: Typed descriptor appeared in the prompt input
[0;34m[23:56:10][0m === Phase 6: Verify local provider-validation boundary ===
[0;34m[23:56:10][0m Screenshot saved: /Users/admin/nixmac-peekaboo-local-e2e/artifacts/computer-use-local/2026-05-06_06-55-19-269Z/screenshots/05-provider-validation-block-1778050570.png
[0;32m[PASS][0m peekabooCoreProviderValidation: Submit path reached expected local provider-validation boundary
[0;34m[23:56:10][0m === Phase 7: Prove Settings General ===
[0;34m[23:56:11][0m Clicking element id=elem_10 role=button identifier= label=Settings title=Settings value= desc=Settings bounds=none matching '^Settings$|Settings'
[0;34m[23:56:11][0m Candidate for '^Settings$|Settings': score=10 match=label id=elem_10 role=button identifier= label=Settings title=Settings bounds=none
[0;34m[23:56:11][0m Candidate for '^Settings$|Settings': score=10 match=label id=elem_40 role=button identifier= label=Open AI Models settings title=Open AI Models settings bounds=none
[0;34m[23:56:17][0m Coordinate fallback click for Settings header button at 1336,113
[0;34m[23:56:23][0m Clicking element id=elem_40 role=button identifier= label=Open AI Models settings title=Open AI Models settings value= desc= bounds=none matching 'Open AI Models settings'
[0;34m[23:56:23][0m Candidate for 'Open AI Models settings': score=10 match=label id=elem_40 role=button identifier= label=Open AI Models settings title=Open AI Models settings bounds=none
[0;34m[23:56:29][0m Clicking element id=elem_51 role=button identifier= label=General title=General value= desc= bounds=none matching 'General'
[0;34m[23:56:29][0m Candidate for 'General': score=10 match=label id=elem_51 role=button identifier= label=General title=General bounds=none
[0;34m[23:56:31][0m Redacted text snapshot saved: /Users/admin/nixmac-peekaboo-local-e2e/artifacts/computer-use-local/2026-05-06_06-55-19-269Z/diagnostics/text/settings-general-text.txt
[0;34m[23:56:31][0m Screenshot saved: /Users/admin/nixmac-peekaboo-local-e2e/artifacts/computer-use-local/2026-05-06_06-55-19-269Z/screenshots/08-settings-general-1778050591.png
[0;32m[PASS][0m peekabooCoreSettingsGeneral: Settings General tab rendered with config and host controls
[0;34m[23:56:31][0m === Phase 8: Prove Settings AI Models ===
[0;34m[23:56:32][0m Clicking element id=elem_40 role=button identifier= label=Open AI Models settings title=Open AI Models settings value= desc= bounds=none matching 'AI Models'
[0;34m[23:56:32][0m Candidate for 'AI Models': score=10 match=label id=elem_40 role=button identifier= label=Open AI Models settings title=Open AI Models settings bounds=none
[0;34m[23:56:32][0m Candidate for 'AI Models': score=10 match=label id=elem_52 role=button identifier= label=AI Models title=AI Models bounds=none
[0;34m[23:56:34][0m Redacted text snapshot saved: /Users/admin/nixmac-peekaboo-local-e2e/artifacts/computer-use-local/2026-05-06_06-55-19-269Z/diagnostics/text/settings-ai-models-text.txt
[0;34m[23:56:34][0m Screenshot saved: /Users/admin/nixmac-peekaboo-local-e2e/artifacts/computer-use-local/2026-05-06_06-55-19-269Z/screenshots/09-settings-ai-models-1778050594.png
[0;32m[PASS][0m peekabooCoreSettingsAIModels: Settings AI Models tab rendered provider/model controls
[0;34m[23:56:34][0m === Phase 9: Prove Settings API Keys with shared redaction gate ===
[0;34m[23:56:35][0m Clicking element id=elem_53 role=button identifier= label=API Keys title=API Keys value= desc= bounds=none matching 'API Keys'
[0;34m[23:56:35][0m Candidate for 'API Keys': score=10 match=label id=elem_53 role=button identifier= label=API Keys title=API Keys bounds=none
[0;34m[23:56:37][0m Redacted text snapshot saved: /Users/admin/nixmac-peekaboo-local-e2e/artifacts/computer-use-local/2026-05-06_06-55-19-269Z/diagnostics/text/settings-api-keys-text.txt
[0;34m[23:56:37][0m Screenshot saved: /Users/admin/nixmac-peekaboo-local-e2e/artifacts/computer-use-local/2026-05-06_06-55-19-269Z/screenshots/10-settings-api-keys-1778050597.png
[0;32m[PASS][0m peekabooCoreSettingsAPIKeys: Settings API Keys tab rendered and shared redaction gate found no unmasked secrets
[0;34m[23:56:37][0m === Phase 10: Prove Settings Preferences ===
[0;34m[23:56:38][0m Clicking element id=elem_54 role=button identifier= label=Preferences title=Preferences value= desc= bounds=none matching 'Preferences'
[0;34m[23:56:38][0m Candidate for 'Preferences': score=10 match=label id=elem_54 role=button identifier= label=Preferences title=Preferences bounds=none
[0;34m[23:56:40][0m Redacted text snapshot saved: /Users/admin/nixmac-peekaboo-local-e2e/artifacts/computer-use-local/2026-05-06_06-55-19-269Z/diagnostics/text/settings-preferences-text.txt
[0;34m[23:56:41][0m Screenshot saved: /Users/admin/nixmac-peekaboo-local-e2e/artifacts/computer-use-local/2026-05-06_06-55-19-269Z/screenshots/11-settings-preferences-1778050600.png
[0;34m[23:56:42][0m Clicking element id=elem_48 role=button identifier= label=Close settings title=Close settings value= desc=Close settings bounds=none matching 'Close settings|^Close$'
[0;34m[23:56:42][0m Candidate for 'Close settings|^Close$': score=10 match=label id=elem_48 role=button identifier= label=Close settings title=Close settings bounds=none
[0;34m[23:56:42][0m Candidate for 'Close settings|^Close$': score=10 match=label id=elem_56 role=button identifier= label=Close title=Close bounds=none
[0;32m[PASS][0m peekabooCoreSettingsPreferences: Settings Preferences tab rendered confirmation controls
[0;34m[23:56:44][0m === Phase 11: Prove History surface ===
[0;34m[23:56:45][0m Clicking element id=elem_8 role=button identifier= label=History title=History value= desc=History bounds=none matching '^History( |\(|$)'
[0;34m[23:56:45][0m Candidate for '^History( |\(|$)': score=10 match=label id=elem_8 role=button identifier= label=History title=History bounds=none
[0;34m[23:56:46][0m Redacted text snapshot saved: /Users/admin/nixmac-peekaboo-local-e2e/artifacts/computer-use-local/2026-05-06_06-55-19-269Z/diagnostics/text/history-text.txt
[0;34m[23:56:47][0m Screenshot saved: /Users/admin/nixmac-peekaboo-local-e2e/artifacts/computer-use-local/2026-05-06_06-55-19-269Z/screenshots/12-history-1778050607.png
[0;34m[23:56:47][0m Clicking element id=elem_50 role=button identifier= label=close button title= value= desc= bounds=none matching 'Close|^×$|^X$'
[0;34m[23:56:47][0m Candidate for 'Close|^×$|^X$': score=10 match=label id=elem_50 role=button identifier= label=close button title= bounds=none
[0;32m[PASS][0m peekabooCoreHistory: History surface rendered a visible state
[0;34m[23:56:48][0m === Phase 12: Verify visual and text proof coverage ===
[0;32m[PASS][0m peekabooCoreVisualProofQuality: Core proof captured 20 screenshots and 6 redacted text snapshots
[0;34m[23:56:48][0m Stopping recorder (PID: 78543)...
[0;34m[23:57:05][0m Video saved: /Users/admin/nixmac-peekaboo-local-e2e/artifacts/computer-use-local/2026-05-06_06-55-19-269Z/video/peekaboo-e2e.mp4 (532K)
[0;34m[23:57:05][0m ==========================================
[0;34m[23:57:05][0m   Test Results
[0;34m[23:57:05][0m ==========================================
  [0;32m✅[0m Phase 1: peekabooCoreFixture: Prepared deterministic config, local validation settings, and mock system flag
  [0;32m✅[0m Phase 2: peekabooCoreLaunch: App shell, header controls, and initial prompt surface rendered
  [0;32m✅[0m Phase 3: peekabooCoreUpdateBanner: Update banner state did not block the prompt workflow
  [0;32m✅[0m Phase 4: peekabooCoreSuggestionCards: Suggestion card was clicked and the prompt surface remained usable
  [0;32m✅[0m Phase 5: peekabooCoreTypedIntent: Typed descriptor appeared in the prompt input
  [0;32m✅[0m Phase 6: peekabooCoreProviderValidation: Submit path reached expected local provider-validation boundary
  [0;32m✅[0m Phase 7: peekabooCoreSettingsGeneral: Settings General tab rendered with config and host controls
  [0;32m✅[0m Phase 8: peekabooCoreSettingsAIModels: Settings AI Models tab rendered provider/model controls
  [0;32m✅[0m Phase 9: peekabooCoreSettingsAPIKeys: Settings API Keys tab rendered and shared redaction gate found no unmasked secrets
  [0;32m✅[0m Phase 10: peekabooCoreSettingsPreferences: Settings Preferences tab rendered confirmation controls
  [0;32m✅[0m Phase 11: peekabooCoreHistory: History surface rendered a visible state
  [0;32m✅[0m Phase 12: peekabooCoreVisualProofQuality: Core proof captured 20 screenshots and 6 redacted text snapshots

  [0;32mAll 16 checks passed[0m
[0;34m[23:57:05][0m ==========================================
[0;34m[23:57:05][0m E2E report written: /Users/admin/nixmac-peekaboo-local-e2e/artifacts/computer-use-local/2026-05-06_06-55-19-269Z/e2e-report/macos_core_product_proof/e2e-report.json
[0;34m[23:57:05][0m 
[0;34m[23:57:05][0m Screenshots: /Users/admin/nixmac-peekaboo-local-e2e/artifacts/computer-use-local/2026-05-06_06-55-19-269Z/screenshots
[0;34m[23:57:05][0m Video: /Users/admin/nixmac-peekaboo-local-e2e/artifacts/computer-use-local/2026-05-06_06-55-19-269Z/video/peekaboo-e2e.mp4
[0;34m[23:57:05][0m Log: /Users/admin/nixmac-peekaboo-local-e2e/artifacts/computer-use-local/2026-05-06_06-55-19-269Z/peekaboo-e2e.log
[0;34m[23:57:09][0m Uninstalling Nix...
 INFO nix-installer v3.19.0
 INFO nix-installer v3.19.0
[31m`nix-darwin` installation detected, it must be removed before uninstalling Nix. Please refer to https://github.com/LnL7/nix-darwin#uninstalling for instructions how to uninstall `nix-darwin`.[39m
[0;32m[PASS][0m Nix uninstalled
