
[0;34m[10:30:38][0m === macos-e2e test runner ===
[0;34m[10:30:38][0m Started at Fri May 22 10:30:38 PDT 2026
[0;34m[10:30:39][0m Machine: DXU97120 | macOS 26.2
[0;34m[10:30:39][0m Working directory: /Users/admin/nixmac-peekaboo-local-e2e/tests/e2e
[0;34m[10:30:40][0m Scenario: macos_provider_discard_smoke
[0;34m[10:30:40][0m Starting screen recording: /Users/admin/nixmac-peekaboo-local-e2e/artifacts/computer-use-local/2026-05-22_17-30-37-549Z/video/peekaboo-e2e.mp4
[0;34m[10:30:43][0m Attempted to dismiss Terminal Automation permission prompt
[0;34m[10:30:46][0m Recorder started (PID: 44676)
[0;34m[10:30:46][0m === Phase 1: Prepare provider-backed discard fixture ===
[0;32m[PASS][0m Peekaboo Bridge connected
[0;32m[PASS][0m Peekaboo permissions OK
[1;33m[WARN][0m No ADMIN_PASSWORD set, cannot unlock screen
[0;34m[10:30:48][0m Clearing nixmac app state...
[diagnostic] Captured Peekaboo diagnostics for nixmac (pre-clear): /Users/admin/nixmac-peekaboo-local-e2e/artifacts/computer-use-local/2026-05-22_17-30-37-549Z/diagnostics/20260522T173048Z-nixmac-pre-clear-*
[0;32m[PASS][0m App state cleared
[0;34m[10:30:51][0m Seeded nixmac settings at /Users/admin/Library/Application Support/com.darkmatter.nixmac/settings.json with provider http://127.0.0.1:53168/v1
[0;34m[10:30:51][0m Seeded nixmac E2E runtime at /Users/admin/Library/Application Support/com.darkmatter.nixmac/e2e-runtime.json (expires 2026-05-22 11:00:51)
[0;34m[10:30:51][0m Installed E2E system activation shim at /var/folders/lw/q3m765kd17z3h2g36tw6qk000000gp/T//nixmac-e2e-system-mock-bin.SJDDDI
[0;32m[PASS][0m peekabooProviderFixture: Prepared discard config repo, deterministic HTTP provider, completion logging, and mock rebuild flag
[0;34m[10:30:51][0m === Phase 2: Launch nixmac app for discard proof ===
[0;34m[10:30:51][0m Launching nixmac...
[0;32m[PASS][0m App launched: nixmac
[diagnostic] Captured Peekaboo diagnostics for nixmac (ready-shell-timeout): /Users/admin/nixmac-peekaboo-local-e2e/artifacts/computer-use-local/2026-05-22_17-30-37-549Z/diagnostics/20260522T173207Z-nixmac-ready-shell-timeout-*
[0;31m[FAIL][0m App shell did not expose discard prompt with visible screenshot signal
[0;34m[10:32:09][0m Screenshot saved: /Users/admin/nixmac-peekaboo-local-e2e/artifacts/computer-use-local/2026-05-22_17-30-37-549Z/screenshots/failure-1779471128-1779471128.png
[0;34m[10:32:10][0m Stopping recorder (PID: 44676)...
[0;34m[10:32:14][0m Video saved: /Users/admin/nixmac-peekaboo-local-e2e/artifacts/computer-use-local/2026-05-22_17-30-37-549Z/video/peekaboo-e2e.mp4 (388K)
[0;34m[10:32:18][0m Uninstalling Nix...
 INFO nix-installer v3.19.0
 INFO nix-installer v3.19.0
[31m`nix-darwin` installation detected, it must be removed before uninstalling Nix. Please refer to https://github.com/LnL7/nix-darwin#uninstalling for instructions how to uninstall `nix-darwin`.[39m
[0;32m[PASS][0m Nix uninstalled
[0;34m[10:32:18][0m E2E report written: /Users/admin/nixmac-peekaboo-local-e2e/artifacts/computer-use-local/2026-05-22_17-30-37-549Z/e2e-report/macos_provider_discard_smoke/e2e-report.json
