
[0;34m[20:50:03][0m === macos-e2e test runner ===
[0;34m[20:50:03][0m Started at Tue May  5 20:50:03 PDT 2026
[0;34m[20:50:03][0m Machine: DXU97120 | macOS 26.2
[0;34m[20:50:03][0m Working directory: /Users/admin/nixmac-peekaboo-local-e2e/tests/e2e
[0;34m[20:50:13][0m Scenario: macos_customization_save_rollback_smoke
[0;34m[20:50:13][0m Starting screen recording: /Users/admin/nixmac-peekaboo-local-e2e/artifacts/computer-use-local/2026-05-06_03-50-02-248Z/video/peekaboo-e2e.mp4
[0;34m[20:50:16][0m Recorder started (PID: 21556)
[0;34m[20:50:17][0m === Phase 1: Prepare customization managed-badge fixture ===
[0;32m[PASS][0m Peekaboo Bridge connected
[0;32m[PASS][0m Peekaboo permissions OK
[1;33m[WARN][0m No ADMIN_PASSWORD set, cannot unlock screen
[0;34m[20:50:19][0m Clearing nixmac app state...
[0;32m[PASS][0m App state cleared
[0;34m[20:50:19][0m Seeded nixmac settings at /Users/admin/Library/Application Support/com.darkmatter.nixmac/settings.json with provider http://127.0.0.1:61950/v1
[0;34m[20:50:19][0m Installed E2E system activation shim at /var/folders/lw/q3m765kd17z3h2g36tw6qk000000gp/T//nixmac-e2e-system-mock-bin.NWh9t1
[0;32m[PASS][0m peekabooProviderFixture: Prepared customization managed-badge fixture, deterministic HTTP provider, completion logging, and mock rebuild flag
[0;34m[20:50:19][0m === Phase 2: Launch nixmac for Untracked customizations proof ===
[0;34m[20:50:19][0m Launching nixmac...
[0;32m[PASS][0m App launched: nixmac
[0;34m[20:50:36][0m Screenshot saved: /Users/admin/nixmac-peekaboo-local-e2e/artifacts/computer-use-local/2026-05-06_03-50-02-248Z/screenshots/01-customization-launched-1778039436.png
[0;32m[PASS][0m peekabooProviderLaunch: App launched for Untracked customizations proof
[0;34m[20:50:37][0m === Phase 3: Apply Untracked customizations to config ===
[0;34m[20:50:37][0m Coordinate fallback click for Untracked customizations badge at 1184,566
[0;34m[20:50:39][0m Screenshot saved: /Users/admin/nixmac-peekaboo-local-e2e/artifacts/computer-use-local/2026-05-06_03-50-02-248Z/screenshots/02-customization-popover-1778039438.png
[0;34m[20:50:42][0m Clicking element elem_105 matching 'Add to config'
[0;34m[20:50:46][0m Screenshot saved: /Users/admin/nixmac-peekaboo-local-e2e/artifacts/computer-use-local/2026-05-06_03-50-02-248Z/screenshots/03-customization-review-1778039446.png
[0;34m[20:50:46][0m === Phase 4: Build and Test Untracked customizations managed change ===
[0;34m[20:50:47][0m Clicking element elem_32 matching 'Build & Test'
[0;34m[20:51:04][0m No build confirmation prompt observed
[0;34m[20:51:05][0m Screenshot saved: /Users/admin/nixmac-peekaboo-local-e2e/artifacts/computer-use-local/2026-05-06_03-50-02-248Z/screenshots/04-customization-save-step-after-build-1778039464.png
[0;32m[PASS][0m peekabooProviderBuildBoundary: Build & Test advanced to Save step for Untracked customizations
[0;34m[20:51:05][0m === Phase 5: Commit Untracked customizations managed change ===
[0;34m[20:51:05][0m Using deterministic commit message for customization managed-badge change
[0;34m[20:51:05][0m Clicking element elem_49 matching 'commitMsg|Loading|Commit message|Commit Changes'
[0;34m[20:51:07][0m Clicking element elem_50 matching 'Commit( Changes)?'
[0;34m[20:51:09][0m Screenshot saved: /Users/admin/nixmac-peekaboo-local-e2e/artifacts/computer-use-local/2026-05-06_03-50-02-248Z/screenshots/05-customization-returned-to-describe-1778039469.png
[0;32m[PASS][0m peekabooProviderSaveFlow: Untracked customizations Save step committed changes and returned to Describe
[0;34m[20:51:09][0m === Phase 6: Restore Untracked customizations baseline from History ===
[0;34m[20:51:10][0m Clicking element elem_8 matching 'History'
[0;34m[20:51:12][0m Screenshot saved: /Users/admin/nixmac-peekaboo-local-e2e/artifacts/computer-use-local/2026-05-06_03-50-02-248Z/screenshots/06-history-before-restore-1778039472.png
[0;34m[20:51:13][0m Clicking element elem_32 matching '^Restore$|Restore'
[0;34m[20:51:16][0m Screenshot saved: /Users/admin/nixmac-peekaboo-local-e2e/artifacts/computer-use-local/2026-05-06_03-50-02-248Z/screenshots/07-history-restore-preview-1778039475.png
[0;34m[20:51:16][0m Clicking query 'Confirm Restore'
[0;34m[20:51:18][0m Clicking element elem_22 matching 'Confirm Restore|confirm Restore'
[0;34m[20:51:19][0m Confirm Restore still visible after attempt 1; retrying
[0;34m[20:51:19][0m Clicking query 'Confirm Restore'
[0;34m[20:51:21][0m Clicking element elem_22 matching 'Confirm Restore|confirm Restore'
[0;34m[20:51:23][0m Confirm Restore still visible after attempt 2; retrying
[0;34m[20:51:23][0m Clicking query 'Confirm Restore'
[0;34m[20:51:25][0m Clicking element elem_22 matching 'Confirm Restore|confirm Restore'
[0;34m[20:51:26][0m Confirm Restore still visible after attempt 3; retrying
[0;31m[FAIL][0m Untracked customizations History restore did not return disposable config repo to baseline
[0;34m[20:51:26][0m Screenshot saved: /Users/admin/nixmac-peekaboo-local-e2e/artifacts/computer-use-local/2026-05-06_03-50-02-248Z/screenshots/failure-1778039486-1778039486.png
[0;34m[20:51:26][0m Stopping recorder (PID: 21556)...
[0;34m[20:51:40][0m Video saved: /Users/admin/nixmac-peekaboo-local-e2e/artifacts/computer-use-local/2026-05-06_03-50-02-248Z/video/peekaboo-e2e.mp4 (532K)
[0;34m[20:51:43][0m Uninstalling Nix...
 INFO nix-installer v3.19.0
 INFO nix-installer v3.19.0
[31m`nix-darwin` installation detected, it must be removed before uninstalling Nix. Please refer to https://github.com/LnL7/nix-darwin#uninstalling for instructions how to uninstall `nix-darwin`.[39m
[0;32m[PASS][0m Nix uninstalled
[0;34m[20:51:45][0m E2E report written: /Users/admin/nixmac-peekaboo-local-e2e/artifacts/computer-use-local/2026-05-06_03-50-02-248Z/e2e-report/macos_customization_save_rollback_smoke/e2e-report.json
