
[0;34m[15:50:18][0m === macos-e2e test runner ===
[0;34m[15:50:18][0m Started at Tue May  5 15:50:18 PDT 2026
[0;34m[15:50:18][0m Machine: DXU97120 | macOS 26.2
[0;34m[15:50:18][0m Working directory: /Users/admin/nixmac-peekaboo-local-e2e/tests/e2e
[0;34m[15:50:22][0m Scenario: macos_core_product_proof
[0;34m[15:50:22][0m Starting screen recording: /Users/admin/nixmac-peekaboo-local-e2e/artifacts/computer-use-local/2026-05-05_22-50-17-053Z/video/peekaboo-e2e.mp4
[0;34m[15:50:26][0m Recorder started (PID: 52326)
[0;34m[15:50:26][0m === Phase 1: Prepare broad local Product Proof fixture ===
[0;32m[PASS][0m Peekaboo Bridge connected
[0;32m[PASS][0m Peekaboo permissions OK
[1;33m[WARN][0m No ADMIN_PASSWORD set, cannot unlock screen
[0;34m[15:50:27][0m Clearing nixmac app state...
[0;32m[PASS][0m App state cleared
[0;34m[15:50:27][0m Seeded nixmac settings at /Users/admin/Library/Application Support/com.darkmatter.nixmac/settings.json
[0;32m[PASS][0m peekabooCoreFixture: Prepared deterministic config, local validation settings, and mock system flag
[0;34m[15:50:27][0m === Phase 2: Launch and prove app shell ===
[0;34m[15:50:27][0m Launching nixmac...
[0;32m[PASS][0m App launched: nixmac
[diagnostic] Captured Peekaboo diagnostics for nixmac (empty-app-scope): /Users/admin/nixmac-peekaboo-local-e2e/artifacts/computer-use-local/2026-05-05_22-50-17-053Z/diagnostics/20260505T225039Z-nixmac-empty-app-scope-*
[0;34m[15:50:45][0m Screenshot saved: /Users/admin/nixmac-peekaboo-local-e2e/artifacts/computer-use-local/2026-05-05_22-50-17-053Z/screenshots/01-core-launch-1778021445.png
[0;32m[PASS][0m peekabooCoreLaunch: App shell, header controls, and initial prompt surface rendered
[0;34m[15:50:45][0m === Phase 3: Verify update banner is not blocking ===
[0;34m[15:51:11][0m Screenshot saved: /Users/admin/nixmac-peekaboo-local-e2e/artifacts/computer-use-local/2026-05-05_22-50-17-053Z/screenshots/update-banner-blocked-prompt-1778021471.png
[0;31m[FAIL][0m Prompt input was blocked after update-banner handling
[0;34m[15:51:11][0m Screenshot saved: /Users/admin/nixmac-peekaboo-local-e2e/artifacts/computer-use-local/2026-05-05_22-50-17-053Z/screenshots/failure-1778021471-1778021471.png
[0;34m[15:51:11][0m Stopping recorder (PID: 52326)...
[0;34m[15:51:19][0m Video saved: /Users/admin/nixmac-peekaboo-local-e2e/artifacts/computer-use-local/2026-05-05_22-50-17-053Z/video/peekaboo-e2e.mp4 (276K)
[0;34m[15:51:22][0m Uninstalling Nix...
 INFO nix-installer v3.19.0
 INFO nix-installer v3.19.0
[31m`nix-darwin` installation detected, it must be removed before uninstalling Nix. Please refer to https://github.com/LnL7/nix-darwin#uninstalling for instructions how to uninstall `nix-darwin`.[39m
[0;32m[PASS][0m Nix uninstalled
[0;34m[15:51:24][0m E2E report written: /Users/admin/nixmac-peekaboo-local-e2e/artifacts/computer-use-local/2026-05-05_22-50-17-053Z/e2e-report/macos_core_product_proof/e2e-report.json
