
[0;34m[00:27:24][0m === macos-e2e test runner ===
[0;34m[00:27:24][0m Started at Wed May  6 00:27:24 PDT 2026
[0;34m[00:27:24][0m Machine: DXU97120 | macOS 26.2
[0;34m[00:27:24][0m Working directory: /Users/admin/nixmac-peekaboo-local-e2e/tests/e2e
[0;34m[00:27:38][0m Scenario: macos_provider_discard_smoke
[0;34m[00:27:38][0m Starting screen recording: /Users/admin/nixmac-peekaboo-local-e2e/artifacts/computer-use-local/2026-05-06_07-27-22-631Z/video/peekaboo-e2e.mp4
[0;34m[00:27:41][0m Recorder started (PID: 18190)
[0;34m[00:27:41][0m === Phase 1: Prepare provider-backed discard fixture ===
[0;32m[PASS][0m Peekaboo Bridge connected
[0;32m[PASS][0m Peekaboo permissions OK
[1;33m[WARN][0m No ADMIN_PASSWORD set, cannot unlock screen
[0;34m[00:27:43][0m Clearing nixmac app state...
[0;32m[PASS][0m App state cleared
[0;34m[00:27:43][0m Seeded nixmac settings at /Users/admin/Library/Application Support/com.darkmatter.nixmac/settings.json with provider http://127.0.0.1:62311/v1
[0;34m[00:27:43][0m Installed E2E system activation shim at /var/folders/lw/q3m765kd17z3h2g36tw6qk000000gp/T//nixmac-e2e-system-mock-bin.ghvOIR
[0;32m[PASS][0m peekabooProviderFixture: Prepared discard config repo, deterministic HTTP provider, completion logging, and mock rebuild flag
[0;34m[00:27:43][0m === Phase 2: Launch nixmac app for discard proof ===
[0;34m[00:27:43][0m Launching nixmac...
[0;32m[PASS][0m App launched: nixmac
[0;34m[00:27:58][0m Screenshot saved: /Users/admin/nixmac-peekaboo-local-e2e/artifacts/computer-use-local/2026-05-06_07-27-22-631Z/screenshots/01-discard-launched-1778052478.png
[0;32m[PASS][0m peekabooProviderLaunch: App launched for discard proof
[0;34m[00:27:58][0m === Phase 3: Submit descriptor into real prompt for discard proof ===
[0;34m[00:28:02][0m Clicking element id=elem_33 role=textField identifier= label=Describe changes to make to your configuration. title= value= desc= bounds=none matching 'evolve-prompt-input|Configuration change descriptor|Describe changes to make to your configuration'
[0;34m[00:28:02][0m Candidate for 'evolve-prompt-input|Configuration change descriptor|Describe changes to make to your configuration': score=10 match=label id=elem_33 role=textField identifier= label=Describe changes to make to your configuration. title= bounds=none
[0;34m[00:28:12][0m Descriptor prompt contains expected text after attempt 1; continuing despite duplicate paste text
[0;34m[00:28:15][0m Screenshot saved: /Users/admin/nixmac-peekaboo-local-e2e/artifacts/computer-use-local/2026-05-06_07-27-22-631Z/screenshots/02-discard-descriptor-typed-1778052495.png
[0;34m[00:28:15][0m Clicking element id=elem_37 role=button identifier= label=Send title=Send value= desc= bounds=none matching 'evolve-prompt-send|Submit configuration change descriptor|Send'
[0;34m[00:28:15][0m Candidate for 'evolve-prompt-send|Submit configuration change descriptor|Send': score=10 match=label id=elem_37 role=button identifier= label=Send title=Send bounds=none
[0;32m[PASS][0m peekabooProviderTypedIntent: Descriptor submitted for discard proof
[0;34m[00:28:16][0m === Phase 4: Verify provider-driven evolution reaches Review for discard proof ===
[0;34m[00:28:18][0m Screenshot saved: /Users/admin/nixmac-peekaboo-local-e2e/artifacts/computer-use-local/2026-05-06_07-27-22-631Z/screenshots/03-discard-review-provider-evolved-1778052497.png
[0;32m[PASS][0m peekabooProviderReview: Provider calls observed and Review step reached for discard proof
[0;34m[00:28:18][0m === Phase 5: Discard generated provider changes ===
[0;34m[00:28:21][0m Screenshot saved: /Users/admin/nixmac-peekaboo-local-e2e/artifacts/computer-use-local/2026-05-06_07-27-22-631Z/screenshots/04-discard-ready-1778052501.png
[0;34m[00:28:22][0m Clicking element id=elem_31 role=button identifier= label=Discard title=Discard value= desc= bounds=none matching 'evolve-discard-button|^Discard$|^Undo All$'
[0;34m[00:28:22][0m Candidate for 'evolve-discard-button|^Discard$|^Undo All$': score=10 match=label id=elem_31 role=button identifier= label=Discard title=Discard bounds=none
[0;34m[00:28:24][0m Clicking query 'Discard'
[0;34m[00:28:24][0m Click query 'Discard' output: Error: The operation couldn’t be completed. (PeekabooBridge.PeekabooBridgeErrorEnvelope error 1.)
[0;34m[00:28:24][0m Coordinate fallback click for discard button at 1136,294
[0;34m[00:28:25][0m CGEvent fallback click for discard button at 1136,294
[0;34m[00:28:58][0m Clicking element id=elem_31 role=button identifier= label=Discard title=Discard value= desc= bounds=none matching 'evolve-discard-button|^Discard$|^Undo All$'
[0;34m[00:28:58][0m Candidate for 'evolve-discard-button|^Discard$|^Undo All$': score=10 match=label id=elem_31 role=button identifier= label=Discard title=Discard bounds=none
[0;34m[00:28:59][0m Clicking query 'Discard'
[0;34m[00:29:00][0m Click query 'Discard' output: Error: The operation couldn’t be completed. (PeekabooBridge.PeekabooBridgeErrorEnvelope error 1.)
[0;34m[00:29:00][0m Coordinate fallback click for discard button retry at 1136,294
[0;34m[00:29:01][0m CGEvent fallback click for discard button retry at 1136,294
[0;34m[00:29:18][0m Screenshot saved: /Users/admin/nixmac-peekaboo-local-e2e/artifacts/computer-use-local/2026-05-06_07-27-22-631Z/screenshots/discard-confirmation-missing-1778052558.png
[0;34m[00:29:18][0m Discard confirmation was not reachable; proving the stronger Save + History restore cleanup path instead
[0;34m[00:29:19][0m Clicking element id=elem_32 role=button identifier= label=Build & Test title=Build & Test value= desc= bounds=none matching 'Build & Test'
[0;34m[00:29:19][0m Candidate for 'Build & Test': score=10 match=label id=elem_32 role=button identifier= label=Build & Test title=Build & Test bounds=none
[0;34m[00:29:35][0m No build confirmation prompt observed
[0;31m[FAIL][0m Discard supersession could not commit generated changes
[0;34m[00:29:36][0m Screenshot saved: /Users/admin/nixmac-peekaboo-local-e2e/artifacts/computer-use-local/2026-05-06_07-27-22-631Z/screenshots/failure-1778052576-1778052576.png
[0;34m[00:29:36][0m Stopping recorder (PID: 18190)...
[0;34m[00:29:54][0m Video saved: /Users/admin/nixmac-peekaboo-local-e2e/artifacts/computer-use-local/2026-05-06_07-27-22-631Z/video/peekaboo-e2e.mp4 (736K)
[0;34m[00:29:57][0m Uninstalling Nix...
 INFO nix-installer v3.19.0
 INFO nix-installer v3.19.0
[31m`nix-darwin` installation detected, it must be removed before uninstalling Nix. Please refer to https://github.com/LnL7/nix-darwin#uninstalling for instructions how to uninstall `nix-darwin`.[39m
[0;32m[PASS][0m Nix uninstalled
[0;34m[00:29:59][0m E2E report written: /Users/admin/nixmac-peekaboo-local-e2e/artifacts/computer-use-local/2026-05-06_07-27-22-631Z/e2e-report/macos_provider_discard_smoke/e2e-report.json
